2025-04-30 20:57:29.944 [info] [main] Log level: Info
2025-04-30 20:57:29.944 [info] [main] Validating found git in: "git"
2025-04-30 20:57:29.944 [info] [main] Using git "2.39.5" from "git"
2025-04-30 20:57:29.944 [info] [Model][doInitialScan] Initial repository scan started
2025-04-30 20:57:29.944 [info] > git rev-parse --show-toplevel [3ms]
2025-04-30 20:57:29.945 [info] > git rev-parse --git-dir --git-common-dir [2ms]
2025-04-30 20:57:29.951 [info] [Model][openRepository] Opened repository: /home/hofbr/GitProjects/gitgrub
2025-04-30 20:57:29.986 [info] > git rev-parse --show-toplevel [5ms]
2025-04-30 20:57:29.987 [info] > git config --get commit.template [11ms]
2025-04-30 20:57:30.006 [info] > git rev-parse --show-toplevel [10ms]
2025-04-30 20:57:30.012 [info] > git for-each-ref --format=%(refname)%00%(upstream:short)%00%(objectname)%00%(upstream:track)%00%(upstream:remotename)%00%(upstream:remoteref) refs/heads/issue-10-poc-git-based-recipe-versioning refs/remotes/issue-10-poc-git-based-recipe-versioning [10ms]
2025-04-30 20:57:30.012 [info] > git rev-parse --show-toplevel [1ms]
2025-04-30 20:57:30.013 [info] [Model][doInitialScan] Initial repository scan completed - repositories (1), closed repositories (0), parent repositories (0), unsafe repositories (0)
2025-04-30 20:57:30.026 [info] > git show --textconv HEAD:backend/server.js [8ms]
2025-04-30 20:57:30.027 [info] > git ls-tree -l HEAD -- backend/server.js [1ms]
2025-04-30 20:57:30.044 [info] > git status -z -uall [11ms]
2025-04-30 20:57:30.044 [info] > git for-each-ref --sort -committerdate --format %(refname)%00%(objectname)%00%(*objectname) [6ms]
2025-04-30 20:57:30.078 [info] > git for-each-ref --format=%(refname)%00%(upstream:short)%00%(objectname)%00%(upstream:track)%00%(upstream:remotename)%00%(upstream:remoteref) refs/heads/issue-10-poc-git-based-recipe-versioning refs/remotes/issue-10-poc-git-based-recipe-versioning [16ms]
2025-04-30 20:57:30.085 [info] > git config --get --local branch.issue-10-poc-git-based-recipe-versioning.vscode-merge-base [2ms]
2025-04-30 20:57:30.094 [info] > git config --get commit.template [16ms]
2025-04-30 20:57:30.094 [info] > git ls-tree -l HEAD -- backend/server.js [24ms]
2025-04-30 20:57:30.095 [info] > git for-each-ref --format=%(refname)%00%(upstream:short)%00%(objectname)%00%(upstream:track)%00%(upstream:remotename)%00%(upstream:remoteref) refs/heads/origin/issue-6-create-entity-relationship-diagram refs/remotes/origin/issue-6-create-entity-relationship-diagram [2ms]
2025-04-30 20:57:30.121 [info] > git merge-base refs/heads/issue-10-poc-git-based-recipe-versioning refs/remotes/origin/issue-10-poc-git-based-recipe-versioning [21ms]
2025-04-30 20:57:30.131 [info] > git diff --name-status -z --diff-filter=ADMR 96f627d033a107a040fe196537ece4b44381f4ed...refs/remotes/origin/issue-10-poc-git-based-recipe-versioning [3ms]
2025-04-30 20:57:30.132 [info] > git for-each-ref --format=%(refname)%00%(upstream:short)%00%(objectname)%00%(upstream:track)%00%(upstream:remotename)%00%(upstream:remoteref) refs/heads/issue-10-poc-git-based-recipe-versioning refs/remotes/issue-10-poc-git-based-recipe-versioning [11ms]
2025-04-30 20:57:30.143 [info] > git status -z -uall [5ms]
2025-04-30 20:57:30.144 [info] > git for-each-ref --sort -committerdate --format %(refname)%00%(objectname)%00%(*objectname) [1ms]
2025-04-30 20:57:30.444 [info] > git blame --root --incremental 96f627d033a107a040fe196537ece4b44381f4ed -- backend/server.js [3ms]
2025-04-30 20:57:30.494 [info] > git check-ignore -v -z --stdin [1ms]
2025-04-30 20:57:31.722 [info] > git ls-tree -l HEAD -- backend/server.js [2ms]
2025-04-30 20:58:49.280 [info] > git show --textconv :backend/server.js [13ms]
2025-04-30 20:58:49.281 [info] > git ls-files --stage -- backend/server.js [2ms]
2025-04-30 20:58:49.294 [info] > git cat-file -s 1ab5f7dd0a8513dc7cc39365fb2fc657ad5ef98a [3ms]
2025-04-30 20:58:58.890 [info] > git check-ignore -v -z --stdin [2ms]
2025-04-30 20:59:00.362 [info] > git show --textconv :docs/api.md [14ms]
2025-04-30 20:59:00.363 [info] > git ls-files --stage -- docs/api.md [3ms]
2025-04-30 20:59:00.372 [info] > git cat-file -s 239c638010c32d3ec99e849cb980bc2150926c5c [1ms]
2025-04-30 20:59:00.396 [info] > git blame --root --incremental 96f627d033a107a040fe196537ece4b44381f4ed -- docs/api.md [5ms]
2025-04-30 20:59:06.677 [info] > git show --textconv :backend/server.js [17ms]
2025-04-30 20:59:06.679 [info] > git ls-files --stage -- backend/server.js [2ms]
2025-04-30 20:59:06.694 [info] > git cat-file -s 1ab5f7dd0a8513dc7cc39365fb2fc657ad5ef98a [1ms]
2025-04-30 20:59:48.888 [info] > git show -s --decorate=full --shortstat --format=%H%n%aN%n%aE%n%at%n%ct%n%P%n%D%n%B -z 7f56670b2c93915b2f881526b083963e1776b7a3 -- [2ms]
2025-04-30 21:02:30.866 [info] > git show --textconv :README.md [17ms]
2025-04-30 21:02:30.867 [info] > git ls-files --stage -- README.md [2ms]
2025-04-30 21:02:30.884 [info] > git cat-file -s b2a1bd53f98433bab62f7a0aa607a2deca3d6474 [2ms]
2025-04-30 21:04:47.546 [info] > git show --textconv :README.md [15ms]
2025-04-30 21:04:47.547 [info] > git ls-files --stage -- README.md [1ms]
2025-04-30 21:04:47.565 [info] > git cat-file -s b2a1bd53f98433bab62f7a0aa607a2deca3d6474 [2ms]
2025-04-30 21:04:54.596 [info] > git show --textconv :backend/server.js [16ms]
2025-04-30 21:04:54.597 [info] > git ls-files --stage -- backend/server.js [1ms]
2025-04-30 21:04:54.616 [info] > git cat-file -s 1ab5f7dd0a8513dc7cc39365fb2fc657ad5ef98a [2ms]
2025-04-30 21:06:22.374 [info] > git show --textconv :backend/server.js [18ms]
2025-04-30 21:06:22.377 [info] > git ls-files --stage -- backend/server.js [4ms]
2025-04-30 21:06:22.394 [info] > git cat-file -s 1ab5f7dd0a8513dc7cc39365fb2fc657ad5ef98a [2ms]
2025-04-30 21:09:09.108 [info] > git check-ignore -v -z --stdin [3ms]
2025-04-30 21:09:13.214 [info] > git show --textconv :frontend/src/components/recipes/RecipeHistory.jsx [12ms]
2025-04-30 21:09:13.215 [info] > git ls-files --stage -- frontend/src/components/recipes/RecipeHistory.jsx [2ms]
2025-04-30 21:09:13.230 [info] > git cat-file -s 422a2a0c432676297fadfd5d0efb982e81b83dee [1ms]
2025-04-30 21:09:13.252 [info] > git blame --root --incremental 96f627d033a107a040fe196537ece4b44381f4ed -- frontend/src/components/recipes/RecipeHistory.jsx [5ms]
2025-04-30 21:11:39.140 [info] > git show --textconv :frontend/src/services/recipeService.js [18ms]
2025-04-30 21:11:39.141 [info] > git ls-files --stage -- frontend/src/services/recipeService.js [2ms]
2025-04-30 21:11:39.159 [info] > git cat-file -s a5c30810fe290b026eced356b1146992ef8ad97e [2ms]
2025-04-30 21:11:39.280 [info] > git blame --root --incremental 96f627d033a107a040fe196537ece4b44381f4ed -- frontend/src/services/recipeService.js [13ms]
2025-04-30 21:12:37.567 [info] > git show --textconv :frontend/src/components/recipes/RecipeHistory.jsx [22ms]
2025-04-30 21:12:37.570 [info] > git ls-files --stage -- frontend/src/components/recipes/RecipeHistory.jsx [5ms]
2025-04-30 21:12:37.586 [info] > git cat-file -s 422a2a0c432676297fadfd5d0efb982e81b83dee [1ms]
2025-04-30 21:13:54.320 [info] > git config --get commit.template [16ms]
2025-04-30 21:13:54.320 [info] > git for-each-ref --format=%(refname)%00%(upstream:short)%00%(objectname)%00%(upstream:track)%00%(upstream:remotename)%00%(upstream:remoteref) refs/heads/issue-10-poc-git-based-recipe-versioning refs/remotes/issue-10-poc-git-based-recipe-versioning [1ms]
2025-04-30 21:13:54.349 [info] > git status -z -uall [16ms]
2025-04-30 21:13:54.349 [info] > git for-each-ref --sort -committerdate --format %(refname)%00%(objectname)%00%(*objectname) [2ms]
2025-04-30 21:14:07.638 [info] > git show --textconv :frontend/src/components/recipes/RecipeVersionView.jsx [15ms]
2025-04-30 21:14:07.639 [info] > git ls-files --stage -- frontend/src/components/recipes/RecipeVersionView.jsx [2ms]
2025-04-30 21:14:07.653 [info] > git cat-file -s 094b4f9ec483518ae29e52b134872da666a6befc [4ms]
2025-04-30 21:14:07.689 [info] > git blame --root --incremental 96f627d033a107a040fe196537ece4b44381f4ed -- frontend/src/components/recipes/RecipeVersionView.jsx [3ms]
2025-04-30 21:14:58.546 [info] > git show --textconv :frontend/src/services/recipeService.js [21ms]
2025-04-30 21:14:58.547 [info] > git ls-files --stage -- frontend/src/services/recipeService.js [2ms]
2025-04-30 21:14:58.561 [info] > git cat-file -s a5c30810fe290b026eced356b1146992ef8ad97e [2ms]
2025-04-30 21:16:01.205 [info] > git config --get commit.template [13ms]
2025-04-30 21:16:01.205 [info] > git for-each-ref --format=%(refname)%00%(upstream:short)%00%(objectname)%00%(upstream:track)%00%(upstream:remotename)%00%(upstream:remoteref) refs/heads/issue-10-poc-git-based-recipe-versioning refs/remotes/issue-10-poc-git-based-recipe-versioning [1ms]
2025-04-30 21:16:01.234 [info] > git status -z -uall [14ms]
2025-04-30 21:16:01.235 [info] > git for-each-ref --sort -committerdate --format %(refname)%00%(objectname)%00%(*objectname) [2ms]
2025-04-30 21:16:17.318 [info] > git show --textconv :frontend/src/components/recipes/RecipeVersionView.jsx [22ms]
2025-04-30 21:16:17.319 [info] > git ls-files --stage -- frontend/src/components/recipes/RecipeVersionView.jsx [3ms]
2025-04-30 21:16:17.331 [info] > git cat-file -s 094b4f9ec483518ae29e52b134872da666a6befc [1ms]
2025-04-30 22:27:18.782 [info] > git show --textconv :frontend/src/components/recipes/RecipeEditForm.jsx [10ms]
2025-04-30 22:27:18.782 [info] > git ls-files --stage -- frontend/src/components/recipes/RecipeEditForm.jsx [2ms]
2025-04-30 22:27:18.794 [info] > git cat-file -s e174ce782637dbbbf633a18beea21e5b00abfca8 [1ms]
2025-04-30 22:27:18.811 [info] > git blame --root --incremental 96f627d033a107a040fe196537ece4b44381f4ed -- frontend/src/components/recipes/RecipeEditForm.jsx [2ms]
2025-04-30 22:27:19.247 [info] > git show --textconv :frontend/src/components/recipes/RecipeForm.jsx [15ms]
2025-04-30 22:27:19.247 [info] > git ls-files --stage -- frontend/src/components/recipes/RecipeForm.jsx [1ms]
2025-04-30 22:27:19.258 [info] > git cat-file -s 6e64170fe4b15e2baac4c90cb8c90f8a586bbe1f [1ms]
2025-04-30 22:27:19.279 [info] > git blame --root --incremental 96f627d033a107a040fe196537ece4b44381f4ed -- frontend/src/components/recipes/RecipeForm.jsx [3ms]
2025-04-30 22:27:20.099 [info] > git show --textconv :frontend/src/components/recipes/RecipeHistory.jsx [12ms]
2025-04-30 22:27:20.100 [info] > git ls-files --stage -- frontend/src/components/recipes/RecipeHistory.jsx [1ms]
2025-04-30 22:27:20.112 [info] > git cat-file -s 422a2a0c432676297fadfd5d0efb982e81b83dee [1ms]
2025-04-30 22:27:20.719 [info] > git show --textconv :frontend/src/components/recipes/RecipeList.jsx [15ms]
2025-04-30 22:27:20.720 [info] > git ls-files --stage -- frontend/src/components/recipes/RecipeList.jsx [3ms]
2025-04-30 22:27:20.729 [info] > git cat-file -s f12c5a4910e341ecb4dc453bcfd6109e7f43279d [1ms]
2025-04-30 22:27:20.747 [info] > git blame --root --incremental 96f627d033a107a040fe196537ece4b44381f4ed -- frontend/src/components/recipes/RecipeList.jsx [3ms]
2025-04-30 22:27:21.208 [info] > git show --textconv :frontend/src/components/recipes/RecipeVersionView.jsx [16ms]
2025-04-30 22:27:21.209 [info] > git ls-files --stage -- frontend/src/components/recipes/RecipeVersionView.jsx [2ms]
2025-04-30 22:27:21.226 [info] > git cat-file -s 094b4f9ec483518ae29e52b134872da666a6befc [2ms]
2025-04-30 22:27:21.763 [info] > git show --textconv :frontend/src/components/recipes/RecipeView.jsx [18ms]
2025-04-30 22:27:21.764 [info] > git ls-files --stage -- frontend/src/components/recipes/RecipeView.jsx [2ms]
2025-04-30 22:27:21.779 [info] > git cat-file -s ea72bcd5889315d77f5e6ec961e6a6e8a86b7874 [2ms]
2025-04-30 22:27:21.802 [info] > git blame --root --incremental 96f627d033a107a040fe196537ece4b44381f4ed -- frontend/src/components/recipes/RecipeView.jsx [3ms]
2025-04-30 22:27:22.266 [info] > git show --textconv :frontend/src/components/recipes/RecipeVersionView.jsx [15ms]
2025-04-30 22:27:22.267 [info] > git ls-files --stage -- frontend/src/components/recipes/RecipeVersionView.jsx [1ms]
2025-04-30 22:27:22.286 [info] > git cat-file -s 094b4f9ec483518ae29e52b134872da666a6befc [2ms]
2025-04-30 22:27:22.765 [info] > git show --textconv :frontend/src/components/recipes/RecipeList.jsx [9ms]
2025-04-30 22:27:22.766 [info] > git ls-files --stage -- frontend/src/components/recipes/RecipeList.jsx [2ms]
2025-04-30 22:27:22.778 [info] > git cat-file -s f12c5a4910e341ecb4dc453bcfd6109e7f43279d [1ms]
2025-04-30 22:27:23.129 [info] > git show --textconv :frontend/src/components/recipes/RecipeHistory.jsx [13ms]
2025-04-30 22:27:23.130 [info] > git ls-files --stage -- frontend/src/components/recipes/RecipeHistory.jsx [1ms]
2025-04-30 22:27:23.142 [info] > git cat-file -s 422a2a0c432676297fadfd5d0efb982e81b83dee [1ms]
2025-04-30 22:27:23.626 [info] > git show --textconv :frontend/src/components/recipes/RecipeForm.jsx [11ms]
2025-04-30 22:27:23.626 [info] > git ls-files --stage -- frontend/src/components/recipes/RecipeForm.jsx [0ms]
2025-04-30 22:27:23.637 [info] > git cat-file -s 6e64170fe4b15e2baac4c90cb8c90f8a586bbe1f [4ms]
2025-04-30 22:27:24.043 [info] > git show --textconv :frontend/src/components/recipes/RecipeEditForm.jsx [13ms]
2025-04-30 22:27:24.044 [info] > git ls-files --stage -- frontend/src/components/recipes/RecipeEditForm.jsx [1ms]
2025-04-30 22:27:24.056 [info] > git cat-file -s e174ce782637dbbbf633a18beea21e5b00abfca8 [1ms]
2025-04-30 23:00:02.414 [info] > git show --textconv :docs/vision_and_requirements.md [19ms]
2025-04-30 23:00:02.415 [info] > git ls-files --stage -- docs/vision_and_requirements.md [2ms]
2025-04-30 23:00:02.430 [info] > git cat-file -s 0c1726c9fa8d87c82358214f3271af752756fd23 [1ms]
2025-04-30 23:00:10.447 [info] > git show --textconv :docs/user_requirements.md [15ms]
2025-04-30 23:00:10.448 [info] > git ls-files --stage -- docs/user_requirements.md [2ms]
2025-04-30 23:00:10.463 [info] > git cat-file -s 021a87c1705a4e43ec216b43d6e1beac7be2336b [1ms]
2025-04-30 23:00:10.576 [info] > git blame --root --incremental 96f627d033a107a040fe196537ece4b44381f4ed -- docs/user_requirements.md [11ms]
2025-04-30 23:07:09.275 [info] > git show --textconv :backend/server.js [10ms]
2025-04-30 23:07:09.276 [info] > git ls-files --stage -- backend/server.js [1ms]
2025-04-30 23:07:09.288 [info] > git cat-file -s 1ab5f7dd0a8513dc7cc39365fb2fc657ad5ef98a [1ms]
2025-04-30 23:08:53.961 [info] > git check-ignore -v -z --stdin [1ms]
2025-04-30 23:09:06.675 [info] > git check-ignore -v -z --stdin [2ms]
2025-04-30 23:09:07.442 [info] > git show --textconv :backend/git-repos/demo/df2e05a9-0f3c-43cd-b5ee-3ac5148a12ce/recipe.md [12ms]
2025-04-30 23:09:07.451 [info] > git ls-files --stage -- backend/git-repos/demo/df2e05a9-0f3c-43cd-b5ee-3ac5148a12ce/recipe.md [10ms]
2025-04-30 23:09:07.461 [info] > git hash-object -t tree /dev/null [10ms]
2025-04-30 23:09:07.461 [warning] [GitFileSystemProvider][readFile] File not found - git:/home/hofbr/GitProjects/gitgrub/backend/git-repos/demo/df2e05a9-0f3c-43cd-b5ee-3ac5148a12ce/recipe.md.git?%7B%22path%22%3A%22%2Fhome%2Fhofbr%2FGitProjects%2Fgitgrub%2Fbackend%2Fgit-repos%2Fdemo%2Fdf2e05a9-0f3c-43cd-b5ee-3ac5148a12ce%2Frecipe.md%22%2C%22ref%22%3A%22%22%7D
2025-04-30 23:09:07.462 [info] > git hash-object -t tree /dev/null [2ms]
2025-04-30 23:09:07.462 [warning] [GitFileSystemProvider][stat] File not found - git:/home/hofbr/GitProjects/gitgrub/backend/git-repos/demo/df2e05a9-0f3c-43cd-b5ee-3ac5148a12ce/recipe.md.git?%7B%22path%22%3A%22%2Fhome%2Fhofbr%2FGitProjects%2Fgitgrub%2Fbackend%2Fgit-repos%2Fdemo%2Fdf2e05a9-0f3c-43cd-b5ee-3ac5148a12ce%2Frecipe.md%22%2C%22ref%22%3A%22%22%7D
2025-04-30 23:09:15.417 [info] > git show --textconv :backend/git-repos/demo/eeea7978-ccd4-4395-9080-6c2780204cd1/recipe.md [11ms]
2025-04-30 23:09:15.418 [warning] [GitFileSystemProvider][readFile] File not found - git:/home/hofbr/GitProjects/gitgrub/backend/git-repos/demo/eeea7978-ccd4-4395-9080-6c2780204cd1/recipe.md.git?%7B%22path%22%3A%22%2Fhome%2Fhofbr%2FGitProjects%2Fgitgrub%2Fbackend%2Fgit-repos%2Fdemo%2Feeea7978-ccd4-4395-9080-6c2780204cd1%2Frecipe.md%22%2C%22ref%22%3A%22%22%7D
2025-04-30 23:09:15.418 [info] > git ls-files --stage -- backend/git-repos/demo/eeea7978-ccd4-4395-9080-6c2780204cd1/recipe.md [1ms]
2025-04-30 23:09:15.418 [warning] [GitFileSystemProvider][stat] File not found - git:/home/hofbr/GitProjects/gitgrub/backend/git-repos/demo/eeea7978-ccd4-4395-9080-6c2780204cd1/recipe.md.git?%7B%22path%22%3A%22%2Fhome%2Fhofbr%2FGitProjects%2Fgitgrub%2Fbackend%2Fgit-repos%2Fdemo%2Feeea7978-ccd4-4395-9080-6c2780204cd1%2Frecipe.md%22%2C%22ref%22%3A%22%22%7D
2025-04-30 23:09:16.707 [info] > git show --textconv :backend/git-repos/demo/df2e05a9-0f3c-43cd-b5ee-3ac5148a12ce/recipe.md [12ms]
2025-04-30 23:09:16.708 [warning] [GitFileSystemProvider][readFile] File not found - git:/home/hofbr/GitProjects/gitgrub/backend/git-repos/demo/df2e05a9-0f3c-43cd-b5ee-3ac5148a12ce/recipe.md.git?%7B%22path%22%3A%22%2Fhome%2Fhofbr%2FGitProjects%2Fgitgrub%2Fbackend%2Fgit-repos%2Fdemo%2Fdf2e05a9-0f3c-43cd-b5ee-3ac5148a12ce%2Frecipe.md%22%2C%22ref%22%3A%22%22%7D
2025-04-30 23:09:16.708 [info] > git ls-files --stage -- backend/git-repos/demo/df2e05a9-0f3c-43cd-b5ee-3ac5148a12ce/recipe.md [1ms]
2025-04-30 23:09:16.708 [warning] [GitFileSystemProvider][stat] File not found - git:/home/hofbr/GitProjects/gitgrub/backend/git-repos/demo/df2e05a9-0f3c-43cd-b5ee-3ac5148a12ce/recipe.md.git?%7B%22path%22%3A%22%2Fhome%2Fhofbr%2FGitProjects%2Fgitgrub%2Fbackend%2Fgit-repos%2Fdemo%2Fdf2e05a9-0f3c-43cd-b5ee-3ac5148a12ce%2Frecipe.md%22%2C%22ref%22%3A%22%22%7D
2025-04-30 23:09:18.556 [info] > git show --textconv :backend/git-repos/demo/eeea7978-ccd4-4395-9080-6c2780204cd1/recipe.md [19ms]
2025-04-30 23:09:18.557 [warning] [GitFileSystemProvider][readFile] File not found - git:/home/hofbr/GitProjects/gitgrub/backend/git-repos/demo/eeea7978-ccd4-4395-9080-6c2780204cd1/recipe.md.git?%7B%22path%22%3A%22%2Fhome%2Fhofbr%2FGitProjects%2Fgitgrub%2Fbackend%2Fgit-repos%2Fdemo%2Feeea7978-ccd4-4395-9080-6c2780204cd1%2Frecipe.md%22%2C%22ref%22%3A%22%22%7D
2025-04-30 23:09:18.558 [info] > git ls-files --stage -- backend/git-repos/demo/eeea7978-ccd4-4395-9080-6c2780204cd1/recipe.md [3ms]
2025-04-30 23:09:18.558 [warning] [GitFileSystemProvider][stat] File not found - git:/home/hofbr/GitProjects/gitgrub/backend/git-repos/demo/eeea7978-ccd4-4395-9080-6c2780204cd1/recipe.md.git?%7B%22path%22%3A%22%2Fhome%2Fhofbr%2FGitProjects%2Fgitgrub%2Fbackend%2Fgit-repos%2Fdemo%2Feeea7978-ccd4-4395-9080-6c2780204cd1%2Frecipe.md%22%2C%22ref%22%3A%22%22%7D
2025-04-30 23:11:05.843 [info] > git config --get commit.template [12ms]
2025-04-30 23:11:05.844 [info] > git for-each-ref --format=%(refname)%00%(upstream:short)%00%(objectname)%00%(upstream:track)%00%(upstream:remotename)%00%(upstream:remoteref) refs/heads/issue-10-poc-git-based-recipe-versioning refs/remotes/issue-10-poc-git-based-recipe-versioning [1ms]
2025-04-30 23:11:05.866 [info] > git status -z -uall [13ms]
2025-04-30 23:11:05.867 [info] > git for-each-ref --sort -committerdate --format %(refname)%00%(objectname)%00%(*objectname) [2ms]
2025-04-30 23:11:21.418 [info] > git config --get commit.template [8ms]
2025-04-30 23:11:21.419 [info] > git for-each-ref --format=%(refname)%00%(upstream:short)%00%(objectname)%00%(upstream:track)%00%(upstream:remotename)%00%(upstream:remoteref) refs/heads/issue-10-poc-git-based-recipe-versioning refs/remotes/issue-10-poc-git-based-recipe-versioning [1ms]
2025-04-30 23:11:21.441 [info] > git status -z -uall [10ms]
2025-04-30 23:11:21.442 [info] > git for-each-ref --sort -committerdate --format %(refname)%00%(objectname)%00%(*objectname) [2ms]
2025-04-30 23:11:23.175 [info] > git blame --root --incremental 96f627d033a107a040fe196537ece4b44381f4ed -- backend/git-repos/demo/eeea7978-ccd4-4395-9080-6c2780204cd1/recipe.md [4ms]
2025-04-30 23:11:23.175 [info] fatal: no such path backend/git-repos/demo/eeea7978-ccd4-4395-9080-6c2780204cd1/recipe.md in 96f627d033a107a040fe196537ece4b44381f4ed
2025-04-30 23:12:06.404 [info] > git config --get commit.template [3ms]
2025-04-30 23:12:06.416 [info] > git for-each-ref --format=%(refname)%00%(upstream:short)%00%(objectname)%00%(upstream:track)%00%(upstream:remotename)%00%(upstream:remoteref) refs/heads/issue-10-poc-git-based-recipe-versioning refs/remotes/issue-10-poc-git-based-recipe-versioning [2ms]
2025-04-30 23:12:06.436 [info] > git status -z -uall [11ms]
2025-04-30 23:12:06.439 [info] > git for-each-ref --sort -committerdate --format %(refname)%00%(objectname)%00%(*objectname) [4ms]
2025-04-30 23:24:27.327 [info] > git show --textconv :backend/git-repos/demo/df2e05a9-0f3c-43cd-b5ee-3ac5148a12ce/recipe.md [18ms]
2025-04-30 23:24:27.327 [warning] [GitFileSystemProvider][readFile] File not found - git:/home/hofbr/GitProjects/gitgrub/backend/git-repos/demo/df2e05a9-0f3c-43cd-b5ee-3ac5148a12ce/recipe.md.git?%7B%22path%22%3A%22%2Fhome%2Fhofbr%2FGitProjects%2Fgitgrub%2Fbackend%2Fgit-repos%2Fdemo%2Fdf2e05a9-0f3c-43cd-b5ee-3ac5148a12ce%2Frecipe.md%22%2C%22ref%22%3A%22%22%7D
2025-04-30 23:24:27.328 [info] > git ls-files --stage -- backend/git-repos/demo/df2e05a9-0f3c-43cd-b5ee-3ac5148a12ce/recipe.md [2ms]
2025-04-30 23:24:27.328 [warning] [GitFileSystemProvider][stat] File not found - git:/home/hofbr/GitProjects/gitgrub/backend/git-repos/demo/df2e05a9-0f3c-43cd-b5ee-3ac5148a12ce/recipe.md.git?%7B%22path%22%3A%22%2Fhome%2Fhofbr%2FGitProjects%2Fgitgrub%2Fbackend%2Fgit-repos%2Fdemo%2Fdf2e05a9-0f3c-43cd-b5ee-3ac5148a12ce%2Frecipe.md%22%2C%22ref%22%3A%22%22%7D
2025-04-30 23:24:28.214 [info] > git show --textconv :backend/git-repos/demo/eeea7978-ccd4-4395-9080-6c2780204cd1/recipe.md [17ms]
2025-04-30 23:24:28.215 [warning] [GitFileSystemProvider][readFile] File not found - git:/home/hofbr/GitProjects/gitgrub/backend/git-repos/demo/eeea7978-ccd4-4395-9080-6c2780204cd1/recipe.md.git?%7B%22path%22%3A%22%2Fhome%2Fhofbr%2FGitProjects%2Fgitgrub%2Fbackend%2Fgit-repos%2Fdemo%2Feeea7978-ccd4-4395-9080-6c2780204cd1%2Frecipe.md%22%2C%22ref%22%3A%22%22%7D
2025-04-30 23:24:28.215 [info] > git ls-files --stage -- backend/git-repos/demo/eeea7978-ccd4-4395-9080-6c2780204cd1/recipe.md [2ms]
2025-04-30 23:24:28.215 [warning] [GitFileSystemProvider][stat] File not found - git:/home/hofbr/GitProjects/gitgrub/backend/git-repos/demo/eeea7978-ccd4-4395-9080-6c2780204cd1/recipe.md.git?%7B%22path%22%3A%22%2Fhome%2Fhofbr%2FGitProjects%2Fgitgrub%2Fbackend%2Fgit-repos%2Fdemo%2Feeea7978-ccd4-4395-9080-6c2780204cd1%2Frecipe.md%22%2C%22ref%22%3A%22%22%7D
2025-04-30 23:26:51.332 [info] > git show --textconv :backend/tests/integration/recipeWorkflow.test.js [19ms]
2025-04-30 23:26:51.333 [info] > git ls-files --stage -- backend/tests/integration/recipeWorkflow.test.js [2ms]
2025-04-30 23:26:51.353 [info] > git cat-file -s 9a15b84c2716a29ca9f4f3a87b3976e65dfdbade [3ms]
2025-04-30 23:26:51.381 [info] > git blame --root --incremental 96f627d033a107a040fe196537ece4b44381f4ed -- backend/tests/integration/recipeWorkflow.test.js [6ms]
2025-04-30 23:27:00.952 [info] > git show --textconv :backend/server.js [15ms]
2025-04-30 23:27:00.952 [info] > git ls-files --stage -- backend/server.js [1ms]
2025-04-30 23:27:00.967 [info] > git cat-file -s 1ab5f7dd0a8513dc7cc39365fb2fc657ad5ef98a [1ms]
2025-04-30 23:27:44.895 [info] > git show --textconv :frontend/src/services/recipeService.js [18ms]
2025-04-30 23:27:44.896 [info] > git ls-files --stage -- frontend/src/services/recipeService.js [2ms]
2025-04-30 23:27:44.914 [info] > git cat-file -s a5c30810fe290b026eced356b1146992ef8ad97e [2ms]
2025-04-30 23:27:47.538 [info] > git show --textconv :frontend/eslint.config.js [18ms]
2025-04-30 23:27:47.539 [info] > git ls-files --stage -- frontend/eslint.config.js [1ms]
2025-04-30 23:27:47.552 [info] > git cat-file -s ec2b712d301e7ddeca8327fc4b967069cc82047b [1ms]
2025-04-30 23:27:50.884 [info] > git show --textconv :frontend/README.md [18ms]
2025-04-30 23:27:50.885 [info] > git ls-files --stage -- frontend/README.md [2ms]
2025-04-30 23:27:50.899 [info] > git cat-file -s 7059a962adb0138b65dd10e0aee66ccfe984b8c6 [1ms]
2025-04-30 23:27:50.917 [info] > git blame --root --incremental 96f627d033a107a040fe196537ece4b44381f4ed -- frontend/README.md [2ms]
2025-04-30 23:27:53.419 [info] > git show --textconv :local.Dockerfile [14ms]
2025-04-30 23:27:53.420 [info] > git ls-files --stage -- local.Dockerfile [2ms]
2025-04-30 23:27:53.435 [info] > git cat-file -s 23b7f7765bc5a3ede5ecac20932f9f4673d0690c [2ms]
2025-04-30 23:27:53.459 [info] > git blame --root --incremental 96f627d033a107a040fe196537ece4b44381f4ed -- local.Dockerfile [3ms]
2025-04-30 23:27:54.041 [info] > git show --textconv :README.md [11ms]
2025-04-30 23:27:54.044 [info] > git ls-files --stage -- README.md [4ms]
2025-04-30 23:27:54.059 [info] > git cat-file -s b2a1bd53f98433bab62f7a0aa607a2deca3d6474 [1ms]
2025-04-30 23:27:54.079 [info] > git blame --root --incremental 96f627d033a107a040fe196537ece4b44381f4ed -- README.md [4ms]
2025-04-30 23:28:08.678 [info] > git show --textconv :frontend/src/components/recipes/RecipeEditForm.jsx [16ms]
2025-04-30 23:28:08.678 [info] > git ls-files --stage -- frontend/src/components/recipes/RecipeEditForm.jsx [1ms]
2025-04-30 23:28:08.694 [info] > git cat-file -s e174ce782637dbbbf633a18beea21e5b00abfca8 [1ms]
2025-04-30 23:28:09.181 [info] > git show --textconv :frontend/src/components/recipes/RecipeForm.jsx [17ms]
2025-04-30 23:28:09.183 [info] > git ls-files --stage -- frontend/src/components/recipes/RecipeForm.jsx [3ms]
2025-04-30 23:28:09.199 [info] > git cat-file -s 6e64170fe4b15e2baac4c90cb8c90f8a586bbe1f [2ms]
2025-04-30 23:28:09.679 [info] > git show --textconv :frontend/src/components/recipes/RecipeHistory.jsx [16ms]
2025-04-30 23:28:09.679 [info] > git ls-files --stage -- frontend/src/components/recipes/RecipeHistory.jsx [1ms]
2025-04-30 23:28:09.695 [info] > git cat-file -s 422a2a0c432676297fadfd5d0efb982e81b83dee [1ms]
2025-04-30 23:28:10.476 [info] > git show --textconv :frontend/src/components/recipes/RecipeList.jsx [17ms]
2025-04-30 23:28:10.477 [info] > git ls-files --stage -- frontend/src/components/recipes/RecipeList.jsx [2ms]
2025-04-30 23:28:10.495 [info] > git cat-file -s f12c5a4910e341ecb4dc453bcfd6109e7f43279d [2ms]
2025-04-30 23:28:10.969 [info] > git show --textconv :frontend/src/components/recipes/RecipeVersionView.jsx [19ms]
2025-04-30 23:28:10.970 [info] > git ls-files --stage -- frontend/src/components/recipes/RecipeVersionView.jsx [3ms]
2025-04-30 23:28:10.984 [info] > git cat-file -s 094b4f9ec483518ae29e52b134872da666a6befc [4ms]
2025-04-30 23:28:11.473 [info] > git show --textconv :frontend/src/components/recipes/RecipeView.jsx [22ms]
2025-04-30 23:28:11.474 [info] > git ls-files --stage -- frontend/src/components/recipes/RecipeView.jsx [1ms]
2025-04-30 23:28:11.492 [info] > git cat-file -s ea72bcd5889315d77f5e6ec961e6a6e8a86b7874 [2ms]
2025-04-30 23:28:17.106 [info] > git show --textconv :frontend/src/components/recipes/RecipeEditForm.jsx [22ms]
2025-04-30 23:28:17.107 [info] > git ls-files --stage -- frontend/src/components/recipes/RecipeEditForm.jsx [3ms]
2025-04-30 23:28:17.115 [info] > git cat-file -s e174ce782637dbbbf633a18beea21e5b00abfca8 [1ms]
2025-04-30 23:28:52.200 [info] > git check-ignore -v -z --stdin [2ms]
2025-04-30 23:29:13.573 [info] > git show --textconv :docs/git_recipe_poc_model.md [16ms]
2025-04-30 23:29:13.574 [info] > git ls-files --stage -- docs/git_recipe_poc_model.md [2ms]
2025-04-30 23:29:13.589 [info] > git cat-file -s 933865a1c3c70ebb3d1d10a15b1546a6428c84d4 [2ms]
2025-04-30 23:29:13.605 [info] > git blame --root --incremental 96f627d033a107a040fe196537ece4b44381f4ed -- docs/git_recipe_poc_model.md [5ms]
2025-04-30 23:29:15.061 [info] > git show --textconv :docs/traditional_database_eer_diagram.md [19ms]
2025-04-30 23:29:15.063 [info] > git ls-files --stage -- docs/traditional_database_eer_diagram.md [3ms]
2025-04-30 23:29:15.078 [info] > git cat-file -s 4c5a7c4d6808a874f7b58f0f6c98fef4e67c04f9 [2ms]
2025-04-30 23:29:15.104 [info] > git blame --root --incremental 96f627d033a107a040fe196537ece4b44381f4ed -- docs/traditional_database_eer_diagram.md [6ms]
2025-04-30 23:29:16.177 [info] > git show --textconv :docs/user_requirements.md [19ms]
2025-04-30 23:29:16.178 [info] > git ls-files --stage -- docs/user_requirements.md [2ms]
2025-04-30 23:29:16.196 [info] > git cat-file -s 021a87c1705a4e43ec216b43d6e1beac7be2336b [2ms]
2025-04-30 23:29:16.860 [info] > git show --textconv :docs/vision_and_requirements.md [15ms]
2025-04-30 23:29:16.861 [info] > git ls-files --stage -- docs/vision_and_requirements.md [1ms]
2025-04-30 23:29:16.877 [info] > git cat-file -s 0c1726c9fa8d87c82358214f3271af752756fd23 [2ms]
2025-04-30 23:29:17.584 [info] > git show --textconv :docs/user_requirements.md [18ms]
2025-04-30 23:29:17.587 [info] > git ls-files --stage -- docs/user_requirements.md [3ms]
2025-04-30 23:29:17.603 [info] > git cat-file -s 021a87c1705a4e43ec216b43d6e1beac7be2336b [4ms]
2025-04-30 23:29:40.229 [info] > git show --textconv :README.md [16ms]
2025-04-30 23:29:40.230 [info] > git ls-files --stage -- README.md [1ms]
2025-04-30 23:29:40.249 [info] > git cat-file -s b2a1bd53f98433bab62f7a0aa607a2deca3d6474 [2ms]
2025-04-30 23:50:21.147 [info] > git show --textconv :frontend/eslint.config.js [15ms]
2025-04-30 23:50:21.149 [info] > git ls-files --stage -- frontend/eslint.config.js [2ms]
2025-04-30 23:50:21.156 [info] > git cat-file -s ec2b712d301e7ddeca8327fc4b967069cc82047b [1ms]
2025-04-30 23:50:21.722 [info] > git show --textconv :frontend/src/main.jsx [15ms]
2025-04-30 23:50:21.723 [info] > git ls-files --stage -- frontend/src/main.jsx [2ms]
2025-04-30 23:50:21.741 [info] > git cat-file -s b9a1a6deac8775b5598874b2bc3c7971d82cf211 [2ms]
2025-04-30 23:50:23.440 [info] > git show --textconv :frontend/src/index.css [13ms]
2025-04-30 23:50:23.441 [info] > git ls-files --stage -- frontend/src/index.css [2ms]
2025-04-30 23:50:23.454 [info] > git cat-file -s aac87f1b56b6a94e1f3e2fd1af55cf3df4c52acb [2ms]
2025-04-30 23:50:23.965 [info] > git show --textconv :frontend/src/App.css [19ms]
2025-04-30 23:50:23.966 [info] > git ls-files --stage -- frontend/src/App.css [2ms]
2025-04-30 23:50:23.982 [info] > git cat-file -s 451e28c38300c16d31a18834b94f03781e9d6997 [2ms]
2025-04-30 23:50:24.446 [info] > git show --textconv :frontend/src/services/recipeService.js [16ms]
2025-04-30 23:50:24.447 [info] > git ls-files --stage -- frontend/src/services/recipeService.js [1ms]
2025-04-30 23:50:24.466 [info] > git cat-file -s a5c30810fe290b026eced356b1146992ef8ad97e [2ms]
2025-04-30 23:50:35.536 [info] > git show --textconv :backend/server.js [16ms]
2025-04-30 23:50:35.537 [info] > git ls-files --stage -- backend/server.js [1ms]
2025-04-30 23:50:35.556 [info] > git cat-file -s 1ab5f7dd0a8513dc7cc39365fb2fc657ad5ef98a [1ms]
2025-05-01 09:20:20.611 [info] > git log --format=%H%n%aN%n%aE%n%at%n%ct%n%P%n%D%n%B -z --shortstat --diff-merges=first-parent -n50 --skip=0 --topo-order --decorate=full --stdin [25ms]
