2025-05-01 14:58:50.109 [info] [main] Log level: Info
2025-05-01 14:58:50.109 [info] [main] Validating found git in: "git"
2025-05-01 14:58:50.109 [info] [main] Using git "2.39.5" from "git"
2025-05-01 14:58:50.109 [info] [Model][doInitialScan] Initial repository scan started
2025-05-01 14:58:50.109 [info] > git rev-parse --show-toplevel [3ms]
2025-05-01 14:58:50.109 [info] > git rev-parse --git-dir --git-common-dir [3ms]
2025-05-01 14:58:50.109 [info] [Model][openRepository] Opened repository: /home/hofbr/GitProjects/gitgrub
2025-05-01 14:58:50.148 [info] > git rev-parse --show-toplevel [12ms]
2025-05-01 14:58:50.149 [info] > git config --get commit.template [27ms]
2025-05-01 14:58:50.176 [info] > git rev-parse --show-toplevel [13ms]
2025-05-01 14:58:50.186 [info] > git for-each-ref --format=%(refname)%00%(upstream:short)%00%(objectname)%00%(upstream:track)%00%(upstream:remotename)%00%(upstream:remoteref) refs/heads/issue-10-poc-git-based-recipe-versioning refs/remotes/issue-10-poc-git-based-recipe-versioning [11ms]
2025-05-01 14:58:50.208 [info] > git rev-parse --show-toplevel [22ms]
2025-05-01 14:58:50.209 [info] > git status -z -uall [11ms]
2025-05-01 14:58:50.275 [info] > git for-each-ref --sort -committerdate --format %(refname)%00%(objectname)%00%(*objectname) [67ms]
2025-05-01 14:58:50.293 [info] > git rev-parse --show-toplevel [73ms]
2025-05-01 14:58:50.335 [info] > git for-each-ref --format=%(refname)%00%(upstream:short)%00%(objectname)%00%(upstream:track)%00%(upstream:remotename)%00%(upstream:remoteref) refs/heads/issue-10-poc-git-based-recipe-versioning refs/remotes/issue-10-poc-git-based-recipe-versioning [45ms]
2025-05-01 14:58:50.346 [info] > git rev-parse --show-toplevel [12ms]
2025-05-01 14:58:50.346 [info] [Model][doInitialScan] Initial repository scan completed - repositories (1), closed repositories (0), parent repositories (0), unsafe repositories (0)
2025-05-01 14:58:50.346 [info] > git config --get commit.template [21ms]
2025-05-01 14:58:50.355 [info] > git config --get --local branch.issue-10-poc-git-based-recipe-versioning.vscode-merge-base [10ms]
2025-05-01 14:58:50.392 [info] > git for-each-ref --format=%(refname)%00%(upstream:short)%00%(objectname)%00%(upstream:track)%00%(upstream:remotename)%00%(upstream:remoteref) refs/heads/origin/issue-6-create-entity-relationship-diagram refs/remotes/origin/issue-6-create-entity-relationship-diagram [28ms]
2025-05-01 14:58:50.412 [info] > git merge-base refs/heads/issue-10-poc-git-based-recipe-versioning refs/remotes/origin/issue-10-poc-git-based-recipe-versioning [13ms]
2025-05-01 14:58:50.419 [info] > git for-each-ref --format=%(refname)%00%(upstream:short)%00%(objectname)%00%(upstream:track)%00%(upstream:remotename)%00%(upstream:remoteref) refs/heads/issue-10-poc-git-based-recipe-versioning refs/remotes/issue-10-poc-git-based-recipe-versioning [33ms]
2025-05-01 14:58:50.420 [info] > git diff --name-status -z --diff-filter=ADMR 96f627d033a107a040fe196537ece4b44381f4ed...refs/remotes/origin/issue-10-poc-git-based-recipe-versioning [2ms]
2025-05-01 14:58:50.438 [info] > git status -z -uall [10ms]
2025-05-01 14:58:50.439 [info] > git for-each-ref --sort -committerdate --format %(refname)%00%(objectname)%00%(*objectname) [3ms]
2025-05-01 14:58:50.819 [info] > git check-ignore -v -z --stdin [1ms]
2025-05-01 14:58:51.759 [info] > git show --textconv :docs/user_requirements.md [15ms]
2025-05-01 14:58:51.789 [info] > git show --textconv :backend/server.js [15ms]
2025-05-01 14:58:51.790 [info] > git ls-files --stage -- docs/user_requirements.md [32ms]
2025-05-01 14:58:51.799 [info] > git ls-files --stage -- backend/server.js [10ms]
2025-05-01 14:58:51.812 [info] > git cat-file -s 021a87c1705a4e43ec216b43d6e1beac7be2336b [14ms]
2025-05-01 14:58:51.813 [info] > git cat-file -s 1ab5f7dd0a8513dc7cc39365fb2fc657ad5ef98a [2ms]
2025-05-01 14:58:51.846 [info] > git blame --root --incremental 96f627d033a107a040fe196537ece4b44381f4ed -- backend/server.js [3ms]
2025-05-01 16:13:22.922 [info] > git check-ignore -v -z --stdin [1ms]
2025-05-01 16:13:25.956 [info] > git config --get commit.template [11ms]
2025-05-01 16:13:25.956 [info] > git for-each-ref --format=%(refname)%00%(upstream:short)%00%(objectname)%00%(upstream:track)%00%(upstream:remotename)%00%(upstream:remoteref) refs/heads/issue-10-poc-git-based-recipe-versioning refs/remotes/issue-10-poc-git-based-recipe-versioning [2ms]
2025-05-01 16:13:25.977 [info] > git status -z -uall [12ms]
2025-05-01 16:13:25.978 [info] > git for-each-ref --sort -committerdate --format %(refname)%00%(objectname)%00%(*objectname) [2ms]
2025-05-01 16:13:29.078 [info] > git check-ignore -v -z --stdin [0ms]
2025-05-01 16:13:29.895 [info] > git show --textconv :backend/git-repos/demo/0c4d63fc-4a8d-406e-bc48-0d9c6fcb020f/recipe.md [14ms]
2025-05-01 16:13:29.904 [info] > git ls-files --stage -- backend/git-repos/demo/0c4d63fc-4a8d-406e-bc48-0d9c6fcb020f/recipe.md [10ms]
2025-05-01 16:13:29.913 [info] > git hash-object -t tree /dev/null [10ms]
2025-05-01 16:13:29.913 [warning] [GitFileSystemProvider][readFile] File not found - git:/home/hofbr/GitProjects/gitgrub/backend/git-repos/demo/0c4d63fc-4a8d-406e-bc48-0d9c6fcb020f/recipe.md.git?%7B%22path%22%3A%22%2Fhome%2Fhofbr%2FGitProjects%2Fgitgrub%2Fbackend%2Fgit-repos%2Fdemo%2F0c4d63fc-4a8d-406e-bc48-0d9c6fcb020f%2Frecipe.md%22%2C%22ref%22%3A%22%22%7D
2025-05-01 16:13:29.917 [info] > git hash-object -t tree /dev/null [5ms]
2025-05-01 16:13:29.917 [warning] [GitFileSystemProvider][stat] File not found - git:/home/hofbr/GitProjects/gitgrub/backend/git-repos/demo/0c4d63fc-4a8d-406e-bc48-0d9c6fcb020f/recipe.md.git?%7B%22path%22%3A%22%2Fhome%2Fhofbr%2FGitProjects%2Fgitgrub%2Fbackend%2Fgit-repos%2Fdemo%2F0c4d63fc-4a8d-406e-bc48-0d9c6fcb020f%2Frecipe.md%22%2C%22ref%22%3A%22%22%7D
2025-05-01 16:13:30.147 [info] > git check-ignore -v -z --stdin [1ms]
2025-05-01 16:15:12.801 [info] > git config --get commit.template [15ms]
2025-05-01 16:15:12.801 [info] > git for-each-ref --format=%(refname)%00%(upstream:short)%00%(objectname)%00%(upstream:track)%00%(upstream:remotename)%00%(upstream:remoteref) refs/heads/issue-10-poc-git-based-recipe-versioning refs/remotes/issue-10-poc-git-based-recipe-versioning [2ms]
2025-05-01 16:15:12.831 [info] > git status -z -uall [16ms]
2025-05-01 16:15:12.832 [info] > git for-each-ref --sort -committerdate --format %(refname)%00%(objectname)%00%(*objectname) [2ms]
2025-05-01 16:15:17.859 [info] > git config --get commit.template [11ms]
2025-05-01 16:15:17.859 [info] > git for-each-ref --format=%(refname)%00%(upstream:short)%00%(objectname)%00%(upstream:track)%00%(upstream:remotename)%00%(upstream:remoteref) refs/heads/issue-10-poc-git-based-recipe-versioning refs/remotes/issue-10-poc-git-based-recipe-versioning [1ms]
2025-05-01 16:15:17.881 [info] > git status -z -uall [11ms]
2025-05-01 16:15:17.882 [info] > git for-each-ref --sort -committerdate --format %(refname)%00%(objectname)%00%(*objectname) [2ms]
2025-05-01 16:15:23.482 [info] > git show --textconv :backend/server.js [12ms]
2025-05-01 16:15:23.483 [info] > git ls-files --stage -- backend/server.js [2ms]
2025-05-01 16:15:23.495 [info] > git cat-file -s 1ab5f7dd0a8513dc7cc39365fb2fc657ad5ef98a [1ms]
2025-05-01 16:17:22.217 [info] > git blame --root --incremental 96f627d033a107a040fe196537ece4b44381f4ed -- docs/user_requirements.md [12ms]
2025-05-01 16:18:08.948 [info] > git check-ignore -v -z --stdin [1ms]
2025-05-01 16:18:14.803 [info] > git show --textconv :backend/server.js [12ms]
2025-05-01 16:18:14.804 [info] > git ls-files --stage -- backend/server.js [2ms]
2025-05-01 16:18:14.818 [info] > git cat-file -s 1ab5f7dd0a8513dc7cc39365fb2fc657ad5ef98a [1ms]
2025-05-01 16:18:47.417 [info] > git show --textconv :frontend/src/services/recipeService.js [10ms]
2025-05-01 16:18:47.418 [info] > git ls-files --stage -- frontend/src/services/recipeService.js [1ms]
2025-05-01 16:18:47.430 [info] > git cat-file -s a5c30810fe290b026eced356b1146992ef8ad97e [1ms]
2025-05-01 16:18:47.448 [info] > git blame --root --incremental 96f627d033a107a040fe196537ece4b44381f4ed -- frontend/src/services/recipeService.js [4ms]
2025-05-01 16:19:02.573 [info] > git show --textconv :frontend/src/components/recipes/RecipeEditForm.jsx [13ms]
2025-05-01 16:19:02.573 [info] > git ls-files --stage -- frontend/src/components/recipes/RecipeEditForm.jsx [1ms]
2025-05-01 16:19:02.588 [info] > git cat-file -s e174ce782637dbbbf633a18beea21e5b00abfca8 [1ms]
2025-05-01 16:19:02.609 [info] > git blame --root --incremental 96f627d033a107a040fe196537ece4b44381f4ed -- frontend/src/components/recipes/RecipeEditForm.jsx [5ms]
2025-05-01 16:19:03.057 [info] > git show --textconv :frontend/src/components/recipes/RecipeForm.jsx [13ms]
2025-05-01 16:19:03.058 [info] > git ls-files --stage -- frontend/src/components/recipes/RecipeForm.jsx [1ms]
2025-05-01 16:19:03.070 [info] > git cat-file -s 6e64170fe4b15e2baac4c90cb8c90f8a586bbe1f [1ms]
2025-05-01 16:19:03.090 [info] > git blame --root --incremental 96f627d033a107a040fe196537ece4b44381f4ed -- frontend/src/components/recipes/RecipeForm.jsx [3ms]
2025-05-01 16:20:46.449 [info] > git show --textconv :backend/tests/integration/recipeWorkflow.test.js [15ms]
2025-05-01 16:20:46.450 [info] > git ls-files --stage -- backend/tests/integration/recipeWorkflow.test.js [2ms]
2025-05-01 16:20:46.464 [info] > git cat-file -s 9a15b84c2716a29ca9f4f3a87b3976e65dfdbade [2ms]
2025-05-01 16:20:46.480 [info] > git blame --root --incremental 96f627d033a107a040fe196537ece4b44381f4ed -- backend/tests/integration/recipeWorkflow.test.js [3ms]
2025-05-01 16:27:04.783 [info] > git show --textconv :docs/traditional_database_eer_diagram.md [16ms]
2025-05-01 16:27:04.783 [info] > git ls-files --stage -- docs/traditional_database_eer_diagram.md [1ms]
2025-05-01 16:27:04.793 [info] > git cat-file -s 4c5a7c4d6808a874f7b58f0f6c98fef4e67c04f9 [2ms]
2025-05-01 16:27:34.168 [info] > git show --textconv :docs/git_recipe_poc_model.md [14ms]
2025-05-01 16:27:34.169 [info] > git ls-files --stage -- docs/git_recipe_poc_model.md [1ms]
2025-05-01 16:27:34.179 [info] > git cat-file -s 933865a1c3c70ebb3d1d10a15b1546a6428c84d4 [1ms]
2025-05-01 16:27:34.198 [info] > git blame --root --incremental 96f627d033a107a040fe196537ece4b44381f4ed -- docs/git_recipe_poc_model.md [2ms]
2025-05-01 16:29:27.806 [info] > git show --textconv :docs/user_requirements.md [17ms]
2025-05-01 16:29:27.807 [info] > git ls-files --stage -- docs/user_requirements.md [2ms]
2025-05-01 16:29:27.822 [info] > git cat-file -s 021a87c1705a4e43ec216b43d6e1beac7be2336b [2ms]
2025-05-01 23:05:06.541 [info] > git show --textconv :backend/tests/integration/recipeWorkflow.test.js [22ms]
2025-05-01 23:05:06.542 [info] > git ls-files --stage -- backend/tests/integration/recipeWorkflow.test.js [1ms]
2025-05-01 23:05:06.562 [info] > git cat-file -s 9a15b84c2716a29ca9f4f3a87b3976e65dfdbade [2ms]
2025-05-01 23:05:43.346 [info] > git show --textconv :backend/server.js [23ms]
2025-05-01 23:05:43.348 [info] > git ls-files --stage -- backend/server.js [2ms]
2025-05-01 23:05:43.365 [info] > git cat-file -s 1ab5f7dd0a8513dc7cc39365fb2fc657ad5ef98a [2ms]
2025-05-01 23:09:50.817 [info] > git show --textconv :frontend/src/components/recipes/RecipeEditForm.jsx [14ms]
2025-05-01 23:09:50.818 [info] > git ls-files --stage -- frontend/src/components/recipes/RecipeEditForm.jsx [1ms]
2025-05-01 23:09:50.833 [info] > git cat-file -s e174ce782637dbbbf633a18beea21e5b00abfca8 [2ms]
2025-05-01 23:09:54.966 [info] > git show --textconv :frontend/src/components/recipes/RecipeForm.jsx [18ms]
2025-05-01 23:09:54.967 [info] > git ls-files --stage -- frontend/src/components/recipes/RecipeForm.jsx [1ms]
2025-05-01 23:09:54.986 [info] > git cat-file -s 6e64170fe4b15e2baac4c90cb8c90f8a586bbe1f [3ms]
2025-05-01 23:10:06.913 [info] > git show --textconv :frontend/src/components/recipes/RecipeHistory.jsx [20ms]
2025-05-01 23:10:06.914 [info] > git ls-files --stage -- frontend/src/components/recipes/RecipeHistory.jsx [3ms]
2025-05-01 23:10:06.932 [info] > git cat-file -s 422a2a0c432676297fadfd5d0efb982e81b83dee [2ms]
2025-05-01 23:10:06.976 [info] > git blame --root --incremental 96f627d033a107a040fe196537ece4b44381f4ed -- frontend/src/components/recipes/RecipeHistory.jsx [2ms]
2025-05-01 23:10:10.132 [info] > git show --textconv :frontend/src/components/recipes/RecipeList.jsx [13ms]
2025-05-01 23:10:10.133 [info] > git ls-files --stage -- frontend/src/components/recipes/RecipeList.jsx [1ms]
2025-05-01 23:10:10.149 [info] > git cat-file -s f12c5a4910e341ecb4dc453bcfd6109e7f43279d [1ms]
2025-05-01 23:10:10.175 [info] > git blame --root --incremental 96f627d033a107a040fe196537ece4b44381f4ed -- frontend/src/components/recipes/RecipeList.jsx [6ms]
2025-05-01 23:10:10.709 [info] > git show --textconv :frontend/src/components/recipes/RecipeVersionView.jsx [18ms]
2025-05-01 23:10:10.710 [info] > git ls-files --stage -- frontend/src/components/recipes/RecipeVersionView.jsx [2ms]
2025-05-01 23:10:10.727 [info] > git cat-file -s 094b4f9ec483518ae29e52b134872da666a6befc [2ms]
2025-05-01 23:10:10.753 [info] > git blame --root --incremental 96f627d033a107a040fe196537ece4b44381f4ed -- frontend/src/components/recipes/RecipeVersionView.jsx [3ms]
2025-05-01 23:10:20.779 [info] > git show --textconv :frontend/src/components/recipes/RecipeView.jsx [18ms]
2025-05-01 23:10:20.780 [info] > git ls-files --stage -- frontend/src/components/recipes/RecipeView.jsx [2ms]
2025-05-01 23:10:20.800 [info] > git cat-file -s ea72bcd5889315d77f5e6ec961e6a6e8a86b7874 [3ms]
2025-05-01 23:10:20.824 [info] > git blame --root --incremental 96f627d033a107a040fe196537ece4b44381f4ed -- frontend/src/components/recipes/RecipeView.jsx [5ms]
2025-05-01 23:10:21.619 [info] > git show --textconv :frontend/src/components/recipes/RecipeList.jsx [16ms]
2025-05-01 23:10:21.619 [info] > git ls-files --stage -- frontend/src/components/recipes/RecipeList.jsx [1ms]
2025-05-01 23:10:21.632 [info] > git cat-file -s f12c5a4910e341ecb4dc453bcfd6109e7f43279d [1ms]
2025-05-01 23:10:53.591 [info] > git show --textconv :frontend/src/components/recipes/RecipeHistory.jsx [15ms]
2025-05-01 23:10:53.592 [info] > git ls-files --stage -- frontend/src/components/recipes/RecipeHistory.jsx [1ms]
2025-05-01 23:10:53.607 [info] > git cat-file -s 422a2a0c432676297fadfd5d0efb982e81b83dee [1ms]
2025-05-01 23:11:59.157 [info] > git show --textconv :frontend/src/services/recipeService.js [16ms]
2025-05-01 23:11:59.160 [info] > git ls-files --stage -- frontend/src/services/recipeService.js [4ms]
2025-05-01 23:11:59.177 [info] > git cat-file -s a5c30810fe290b026eced356b1146992ef8ad97e [2ms]
2025-05-01 23:13:04.459 [info] > git config --get commit.template [16ms]
2025-05-01 23:13:04.460 [info] > git for-each-ref --format=%(refname)%00%(upstream:short)%00%(objectname)%00%(upstream:track)%00%(upstream:remotename)%00%(upstream:remoteref) refs/heads/issue-10-poc-git-based-recipe-versioning refs/remotes/issue-10-poc-git-based-recipe-versioning [2ms]
2025-05-01 23:13:04.493 [info] > git status -z -uall [17ms]
2025-05-01 23:13:04.494 [info] > git for-each-ref --sort -committerdate --format %(refname)%00%(objectname)%00%(*objectname) [2ms]
2025-05-01 23:13:32.495 [info] > git show --textconv :backend/server.js [15ms]
2025-05-01 23:13:32.496 [info] > git ls-files --stage -- backend/server.js [2ms]
2025-05-01 23:13:32.510 [info] > git cat-file -s 1ab5f7dd0a8513dc7cc39365fb2fc657ad5ef98a [1ms]
2025-05-01 23:13:44.173 [info] > git config --get commit.template [15ms]
2025-05-01 23:13:44.174 [info] > git for-each-ref --format=%(refname)%00%(upstream:short)%00%(objectname)%00%(upstream:track)%00%(upstream:remotename)%00%(upstream:remoteref) refs/heads/issue-10-poc-git-based-recipe-versioning refs/remotes/issue-10-poc-git-based-recipe-versioning [2ms]
2025-05-01 23:13:44.199 [info] > git status -z -uall [13ms]
2025-05-01 23:13:44.199 [info] > git for-each-ref --sort -committerdate --format %(refname)%00%(objectname)%00%(*objectname) [2ms]
2025-05-01 23:14:08.281 [info] > git config --get commit.template [14ms]
2025-05-01 23:14:08.282 [info] > git for-each-ref --format=%(refname)%00%(upstream:short)%00%(objectname)%00%(upstream:track)%00%(upstream:remotename)%00%(upstream:remoteref) refs/heads/issue-10-poc-git-based-recipe-versioning refs/remotes/issue-10-poc-git-based-recipe-versioning [2ms]
2025-05-01 23:14:08.312 [info] > git status -z -uall [15ms]
2025-05-01 23:14:08.312 [info] > git for-each-ref --sort -committerdate --format %(refname)%00%(objectname)%00%(*objectname) [2ms]
2025-05-01 23:16:59.630 [info] > git config --get commit.template [15ms]
2025-05-01 23:16:59.631 [info] > git for-each-ref --format=%(refname)%00%(upstream:short)%00%(objectname)%00%(upstream:track)%00%(upstream:remotename)%00%(upstream:remoteref) refs/heads/issue-10-poc-git-based-recipe-versioning refs/remotes/issue-10-poc-git-based-recipe-versioning [2ms]
2025-05-01 23:16:59.658 [info] > git status -z -uall [13ms]
2025-05-01 23:16:59.659 [info] > git for-each-ref --sort -committerdate --format %(refname)%00%(objectname)%00%(*objectname) [1ms]
2025-05-01 23:17:24.660 [info] > git show --textconv :frontend/src/services/recipeService.js [18ms]
2025-05-01 23:17:24.660 [info] > git ls-files --stage -- frontend/src/services/recipeService.js [3ms]
2025-05-01 23:17:24.684 [info] > git cat-file -s a5c30810fe290b026eced356b1146992ef8ad97e [3ms]
2025-05-01 23:17:45.305 [info] > git config --get commit.template [1ms]
2025-05-01 23:17:45.322 [info] > git for-each-ref --format=%(refname)%00%(upstream:short)%00%(objectname)%00%(upstream:track)%00%(upstream:remotename)%00%(upstream:remoteref) refs/heads/issue-10-poc-git-based-recipe-versioning refs/remotes/issue-10-poc-git-based-recipe-versioning [1ms]
2025-05-01 23:17:45.352 [info] > git status -z -uall [14ms]
2025-05-01 23:17:45.353 [info] > git for-each-ref --sort -committerdate --format %(refname)%00%(objectname)%00%(*objectname) [2ms]
2025-05-01 23:17:52.134 [info] > git config --get commit.template [15ms]
2025-05-01 23:17:52.135 [info] > git for-each-ref --format=%(refname)%00%(upstream:short)%00%(objectname)%00%(upstream:track)%00%(upstream:remotename)%00%(upstream:remoteref) refs/heads/issue-10-poc-git-based-recipe-versioning refs/remotes/issue-10-poc-git-based-recipe-versioning [2ms]
2025-05-01 23:17:52.167 [info] > git status -z -uall [16ms]
2025-05-01 23:17:52.168 [info] > git for-each-ref --sort -committerdate --format %(refname)%00%(objectname)%00%(*objectname) [2ms]
2025-05-01 23:17:55.199 [info] > git show --textconv :frontend/src/components/recipes/RecipeVersionView.jsx [11ms]
2025-05-01 23:17:55.200 [info] > git ls-files --stage -- frontend/src/components/recipes/RecipeVersionView.jsx [1ms]
2025-05-01 23:17:55.211 [info] > git cat-file -s 094b4f9ec483518ae29e52b134872da666a6befc [1ms]
2025-05-01 23:18:20.200 [info] > git config --get commit.template [16ms]
2025-05-01 23:18:20.201 [info] > git for-each-ref --format=%(refname)%00%(upstream:short)%00%(objectname)%00%(upstream:track)%00%(upstream:remotename)%00%(upstream:remoteref) refs/heads/issue-10-poc-git-based-recipe-versioning refs/remotes/issue-10-poc-git-based-recipe-versioning [1ms]
2025-05-01 23:18:20.230 [info] > git status -z -uall [15ms]
2025-05-01 23:18:20.231 [info] > git for-each-ref --sort -committerdate --format %(refname)%00%(objectname)%00%(*objectname) [2ms]
2025-05-01 23:18:35.399 [info] > git config --get commit.template [16ms]
2025-05-01 23:18:35.400 [info] > git for-each-ref --format=%(refname)%00%(upstream:short)%00%(objectname)%00%(upstream:track)%00%(upstream:remotename)%00%(upstream:remoteref) refs/heads/issue-10-poc-git-based-recipe-versioning refs/remotes/issue-10-poc-git-based-recipe-versioning [2ms]
2025-05-01 23:18:35.429 [info] > git status -z -uall [15ms]
2025-05-01 23:18:35.431 [info] > git for-each-ref --sort -committerdate --format %(refname)%00%(objectname)%00%(*objectname) [3ms]
2025-05-01 23:18:49.961 [info] > git config --get commit.template [19ms]
2025-05-01 23:18:49.963 [info] > git for-each-ref --format=%(refname)%00%(upstream:short)%00%(objectname)%00%(upstream:track)%00%(upstream:remotename)%00%(upstream:remoteref) refs/heads/issue-10-poc-git-based-recipe-versioning refs/remotes/issue-10-poc-git-based-recipe-versioning [2ms]
2025-05-01 23:18:49.994 [info] > git status -z -uall [16ms]
2025-05-01 23:18:49.995 [info] > git for-each-ref --sort -committerdate --format %(refname)%00%(objectname)%00%(*objectname) [1ms]
2025-05-01 23:18:50.067 [info] > git log --format=%H%n%aN%n%aE%n%at%n%ct%n%P%n%D%n%B -z --shortstat --diff-merges=first-parent -n50 --skip=0 --topo-order --decorate=full --stdin [24ms]
2025-05-01 23:18:51.145 [info] > git show --textconv HEAD:backend/server.js [17ms]
2025-05-01 23:18:51.146 [info] > git ls-tree -l HEAD -- backend/server.js [3ms]
2025-05-01 23:19:13.431 [info] > git config --get commit.template [17ms]
2025-05-01 23:19:13.432 [info] > git for-each-ref --format=%(refname)%00%(upstream:short)%00%(objectname)%00%(upstream:track)%00%(upstream:remotename)%00%(upstream:remoteref) refs/heads/issue-10-poc-git-based-recipe-versioning refs/remotes/issue-10-poc-git-based-recipe-versioning [2ms]
2025-05-01 23:19:13.466 [info] > git status -z -uall [18ms]
2025-05-01 23:19:13.469 [info] > git for-each-ref --sort -committerdate --format %(refname)%00%(objectname)%00%(*objectname) [4ms]
2025-05-01 23:21:04.850 [info] > git ls-tree -l HEAD -- backend/server.js [1ms]
2025-05-01 23:21:15.252 [info] > git ls-tree -l HEAD -- backend/server.js [3ms]
2025-05-01 23:21:26.249 [info] > git config --get commit.template [19ms]
2025-05-01 23:21:26.250 [info] > git for-each-ref --format=%(refname)%00%(upstream:short)%00%(objectname)%00%(upstream:track)%00%(upstream:remotename)%00%(upstream:remoteref) refs/heads/issue-10-poc-git-based-recipe-versioning refs/remotes/issue-10-poc-git-based-recipe-versioning [2ms]
2025-05-01 23:21:26.283 [info] > git status -z -uall [17ms]
2025-05-01 23:21:26.285 [info] > git for-each-ref --sort -committerdate --format %(refname)%00%(objectname)%00%(*objectname) [3ms]
2025-05-01 23:21:30.966 [info] > git show --textconv HEAD:frontend/src/services/recipeService.js [15ms]
2025-05-01 23:21:30.967 [info] > git ls-tree -l HEAD -- frontend/src/services/recipeService.js [1ms]
2025-05-01 23:21:39.915 [info] > git config --get commit.template [17ms]
2025-05-01 23:21:39.919 [info] > git for-each-ref --format=%(refname)%00%(upstream:short)%00%(objectname)%00%(upstream:track)%00%(upstream:remotename)%00%(upstream:remoteref) refs/heads/issue-10-poc-git-based-recipe-versioning refs/remotes/issue-10-poc-git-based-recipe-versioning [5ms]
2025-05-01 23:21:39.942 [info] > git status -z -uall [13ms]
2025-05-01 23:21:39.943 [info] > git for-each-ref --sort -committerdate --format %(refname)%00%(objectname)%00%(*objectname) [2ms]
2025-05-01 23:22:04.272 [info] > git ls-tree -l HEAD -- frontend/src/services/recipeService.js [2ms]
2025-05-01 23:22:40.906 [info] > git config --get commit.template [20ms]
2025-05-01 23:22:40.907 [info] > git for-each-ref --format=%(refname)%00%(upstream:short)%00%(objectname)%00%(upstream:track)%00%(upstream:remotename)%00%(upstream:remoteref) refs/heads/issue-10-poc-git-based-recipe-versioning refs/remotes/issue-10-poc-git-based-recipe-versioning [2ms]
2025-05-01 23:22:40.927 [info] > git status -z -uall [9ms]
2025-05-01 23:22:40.927 [info] > git for-each-ref --sort -committerdate --format %(refname)%00%(objectname)%00%(*objectname) [1ms]
2025-05-01 23:23:09.604 [info] > git show --textconv :frontend/src/components/recipes/RecipeHistory.jsx [19ms]
2025-05-01 23:23:09.605 [info] > git ls-files --stage -- frontend/src/components/recipes/RecipeHistory.jsx [2ms]
2025-05-01 23:23:09.623 [info] > git cat-file -s 422a2a0c432676297fadfd5d0efb982e81b83dee [2ms]
2025-05-01 23:23:27.704 [info] > git config --get commit.template [18ms]
2025-05-01 23:23:27.708 [info] > git for-each-ref --format=%(refname)%00%(upstream:short)%00%(objectname)%00%(upstream:track)%00%(upstream:remotename)%00%(upstream:remoteref) refs/heads/issue-10-poc-git-based-recipe-versioning refs/remotes/issue-10-poc-git-based-recipe-versioning [5ms]
2025-05-01 23:23:27.741 [info] > git status -z -uall [15ms]
2025-05-01 23:23:27.743 [info] > git for-each-ref --sort -committerdate --format %(refname)%00%(objectname)%00%(*objectname) [3ms]
2025-05-01 23:23:32.198 [info] > git show --textconv :backend/server.js [14ms]
2025-05-01 23:23:32.199 [info] > git ls-files --stage -- backend/server.js [1ms]
2025-05-01 23:23:32.217 [info] > git cat-file -s 1ab5f7dd0a8513dc7cc39365fb2fc657ad5ef98a [2ms]
2025-05-01 23:23:59.810 [info] > git config --get commit.template [15ms]
2025-05-01 23:23:59.811 [info] > git for-each-ref --format=%(refname)%00%(upstream:short)%00%(objectname)%00%(upstream:track)%00%(upstream:remotename)%00%(upstream:remoteref) refs/heads/issue-10-poc-git-based-recipe-versioning refs/remotes/issue-10-poc-git-based-recipe-versioning [2ms]
2025-05-01 23:23:59.841 [info] > git status -z -uall [15ms]
2025-05-01 23:23:59.843 [info] > git for-each-ref --sort -committerdate --format %(refname)%00%(objectname)%00%(*objectname) [3ms]
2025-05-01 23:24:08.093 [info] > git show --textconv :backend/tests/integration/recipeWorkflow.test.js [21ms]
2025-05-01 23:24:08.094 [info] > git ls-files --stage -- backend/tests/integration/recipeWorkflow.test.js [3ms]
2025-05-01 23:24:08.114 [info] > git cat-file -s 9a15b84c2716a29ca9f4f3a87b3976e65dfdbade [6ms]
2025-05-01 23:25:08.191 [info] > git config --get commit.template [12ms]
2025-05-01 23:25:08.191 [info] > git for-each-ref --format=%(refname)%00%(upstream:short)%00%(objectname)%00%(upstream:track)%00%(upstream:remotename)%00%(upstream:remoteref) refs/heads/issue-10-poc-git-based-recipe-versioning refs/remotes/issue-10-poc-git-based-recipe-versioning [1ms]
2025-05-01 23:25:08.210 [info] > git status -z -uall [11ms]
2025-05-01 23:25:08.211 [info] > git for-each-ref --sort -committerdate --format %(refname)%00%(objectname)%00%(*objectname) [1ms]
2025-05-01 23:25:32.616 [info] > git config --get commit.template [17ms]
2025-05-01 23:25:32.618 [info] > git for-each-ref --format=%(refname)%00%(upstream:short)%00%(objectname)%00%(upstream:track)%00%(upstream:remotename)%00%(upstream:remoteref) refs/heads/issue-10-poc-git-based-recipe-versioning refs/remotes/issue-10-poc-git-based-recipe-versioning [3ms]
2025-05-01 23:25:32.651 [info] > git status -z -uall [16ms]
2025-05-01 23:25:32.652 [info] > git for-each-ref --sort -committerdate --format %(refname)%00%(objectname)%00%(*objectname) [2ms]
2025-05-01 23:25:34.071 [info] > git log --format=%H%n%aN%n%aE%n%at%n%ct%n%P%n%D%n%B -z --shortstat --diff-merges=first-parent -n50 --skip=0 --topo-order --decorate=full --stdin [11ms]
2025-05-01 23:25:35.409 [info] > git ls-tree -l HEAD -- backend/server.js [3ms]
2025-05-01 23:25:37.695 [info] > git config --get commit.template [18ms]
2025-05-01 23:25:37.697 [info] > git for-each-ref --format=%(refname)%00%(upstream:short)%00%(objectname)%00%(upstream:track)%00%(upstream:remotename)%00%(upstream:remoteref) refs/heads/issue-10-poc-git-based-recipe-versioning refs/remotes/issue-10-poc-git-based-recipe-versioning [2ms]
2025-05-01 23:25:37.731 [info] > git status -z -uall [18ms]
2025-05-01 23:25:37.732 [info] > git for-each-ref --sort -committerdate --format %(refname)%00%(objectname)%00%(*objectname) [2ms]
2025-05-01 23:26:02.842 [info] > git ls-tree -l HEAD -- backend/server.js [2ms]
2025-05-01 23:26:05.898 [info] > git ls-tree -l HEAD -- frontend/src/services/recipeService.js [4ms]
2025-05-01 23:26:06.585 [info] > git show --textconv HEAD:frontend/src/components/recipes/RecipeVersionView.jsx [19ms]
2025-05-01 23:26:06.586 [info] > git ls-tree -l HEAD -- frontend/src/components/recipes/RecipeVersionView.jsx [2ms]
2025-05-01 23:26:07.425 [info] > git ls-tree -l HEAD -- frontend/src/services/recipeService.js [7ms]
2025-05-01 23:26:13.974 [info] > git ls-tree -l HEAD -- backend/server.js [4ms]
2025-05-01 23:28:20.982 [info] > git ls-tree -l HEAD -- backend/server.js [2ms]
2025-05-01 23:29:22.469 [info] > git config --get commit.template [17ms]
2025-05-01 23:29:22.484 [info] > git ls-tree -l HEAD -- backend/server.js [15ms]
2025-05-01 23:29:22.485 [info] > git for-each-ref --format=%(refname)%00%(upstream:short)%00%(objectname)%00%(upstream:track)%00%(upstream:remotename)%00%(upstream:remoteref) refs/heads/issue-10-poc-git-based-recipe-versioning refs/remotes/issue-10-poc-git-based-recipe-versioning [1ms]
2025-05-01 23:29:22.516 [info] > git status -z -uall [14ms]
2025-05-01 23:29:22.517 [info] > git for-each-ref --sort -committerdate --format %(refname)%00%(objectname)%00%(*objectname) [2ms]
2025-05-01 23:29:30.799 [info] > git config --get commit.template [17ms]
2025-05-01 23:29:30.800 [info] > git ls-tree -l HEAD -- backend/server.js [1ms]
2025-05-01 23:29:30.816 [info] > git for-each-ref --format=%(refname)%00%(upstream:short)%00%(objectname)%00%(upstream:track)%00%(upstream:remotename)%00%(upstream:remoteref) refs/heads/issue-10-poc-git-based-recipe-versioning refs/remotes/issue-10-poc-git-based-recipe-versioning [1ms]
2025-05-01 23:29:30.846 [info] > git status -z -uall [17ms]
2025-05-01 23:29:30.849 [info] > git for-each-ref --sort -committerdate --format %(refname)%00%(objectname)%00%(*objectname) [4ms]
2025-05-01 23:29:51.373 [info] > git show --textconv :docs/temp_uml_class_diagram.md [15ms]
2025-05-01 23:29:51.374 [warning] [GitFileSystemProvider][readFile] File not found - git:/home/hofbr/GitProjects/gitgrub/docs/temp_uml_class_diagram.md.git?%7B%22path%22%3A%22%2Fhome%2Fhofbr%2FGitProjects%2Fgitgrub%2Fdocs%2Ftemp_uml_class_diagram.md%22%2C%22ref%22%3A%22%22%7D
2025-05-01 23:29:51.383 [info] > git ls-files --stage -- docs/temp_uml_class_diagram.md [11ms]
2025-05-01 23:29:51.383 [warning] [GitFileSystemProvider][stat] File not found - git:/home/hofbr/GitProjects/gitgrub/docs/temp_uml_class_diagram.md.git?%7B%22path%22%3A%22%2Fhome%2Fhofbr%2FGitProjects%2Fgitgrub%2Fdocs%2Ftemp_uml_class_diagram.md%22%2C%22ref%22%3A%22%22%7D
2025-05-01 23:29:51.403 [info] > git blame --root --incremental 96f627d033a107a040fe196537ece4b44381f4ed -- docs/temp_uml_class_diagram.md [3ms]
2025-05-01 23:29:51.403 [info] fatal: no such path docs/temp_uml_class_diagram.md in 96f627d033a107a040fe196537ece4b44381f4ed
2025-05-01 23:29:51.649 [info] > git check-ignore -v -z --stdin [2ms]
2025-05-01 23:29:52.147 [info] > git config --get commit.template [1ms]
2025-05-01 23:29:52.166 [info] > git for-each-ref --format=%(refname)%00%(upstream:short)%00%(objectname)%00%(upstream:track)%00%(upstream:remotename)%00%(upstream:remoteref) refs/heads/issue-10-poc-git-based-recipe-versioning refs/remotes/issue-10-poc-git-based-recipe-versioning [3ms]
2025-05-01 23:29:52.199 [info] > git status -z -uall [17ms]
2025-05-01 23:29:52.200 [info] > git for-each-ref --sort -committerdate --format %(refname)%00%(objectname)%00%(*objectname) [2ms]
2025-05-01 23:29:54.119 [info] > git show --textconv :.gitignore [17ms]
2025-05-01 23:29:54.120 [info] > git ls-files --stage -- .gitignore [1ms]
2025-05-01 23:29:54.135 [info] > git cat-file -s e730168e16db4fb81cbf8a38e7dbf1aa8186851a [1ms]
2025-05-01 23:29:54.239 [info] > git blame --root --incremental 96f627d033a107a040fe196537ece4b44381f4ed -- .gitignore [3ms]
2025-05-01 23:30:01.252 [info] > git check-ignore -v -z --stdin [2ms]
2025-05-01 23:30:01.701 [info] > git config --get commit.template [15ms]
2025-05-01 23:30:01.703 [info] > git for-each-ref --format=%(refname)%00%(upstream:short)%00%(objectname)%00%(upstream:track)%00%(upstream:remotename)%00%(upstream:remoteref) refs/heads/issue-10-poc-git-based-recipe-versioning refs/remotes/issue-10-poc-git-based-recipe-versioning [3ms]
2025-05-01 23:30:01.731 [info] > git status -z -uall [15ms]
2025-05-01 23:30:01.733 [info] > git for-each-ref --sort -committerdate --format %(refname)%00%(objectname)%00%(*objectname) [3ms]
2025-05-01 23:30:54.230 [info] > git config --get commit.template [3ms]
2025-05-01 23:30:54.289 [info] > git ls-tree -l HEAD -- frontend/src/components/recipes/RecipeVersionView.jsx [17ms]
2025-05-01 23:30:54.290 [info] > git ls-tree -l HEAD -- frontend/src/services/recipeService.js [29ms]
2025-05-01 23:30:54.291 [info] > git ls-tree -l HEAD -- backend/server.js [44ms]
2025-05-01 23:30:54.309 [info] > git ls-files --stage -- .gitignore [21ms]
2025-05-01 23:30:54.324 [info] > git for-each-ref --format=%(refname)%00%(upstream:short)%00%(objectname)%00%(upstream:track)%00%(upstream:remotename)%00%(upstream:remoteref) refs/heads/issue-10-poc-git-based-recipe-versioning refs/remotes/issue-10-poc-git-based-recipe-versioning [16ms]
2025-05-01 23:30:54.369 [info] > git show --textconv HEAD:frontend/src/components/recipes/RecipeVersionView.jsx [27ms]
2025-05-01 23:30:54.369 [info] > git show --textconv HEAD:frontend/src/services/recipeService.js [16ms]
2025-05-01 23:30:54.369 [info] > git cat-file -s fc9cccdc3186c652ef8a7a24da1998ad9d5408e7 [45ms]
2025-05-01 23:30:54.370 [info] > git show --textconv HEAD:backend/server.js [2ms]
2025-05-01 23:30:54.399 [info] > git status -z -uall [16ms]
2025-05-01 23:30:54.419 [info] > git show --textconv :.gitignore [2ms]
2025-05-01 23:30:54.419 [info] > git for-each-ref --sort -committerdate --format %(refname)%00%(objectname)%00%(*objectname) [21ms]
2025-05-01 23:30:54.457 [info] > git merge-base refs/heads/issue-10-poc-git-based-recipe-versioning refs/remotes/origin/issue-10-poc-git-based-recipe-versioning [1ms]
2025-05-01 23:30:54.473 [info] > git blame --root --incremental 28b4a8053e32ee2a5b6b251491c2a988253ea5b3 -- .gitignore [33ms]
2025-05-01 23:30:54.475 [info] > git diff --name-status -z --diff-filter=ADMR 28b4a8053e32ee2a5b6b251491c2a988253ea5b3...refs/remotes/origin/issue-10-poc-git-based-recipe-versioning [2ms]
2025-05-01 23:30:58.036 [info] > git show --textconv :frontend/src/components/recipes/RecipeForm.jsx [19ms]
2025-05-01 23:30:58.037 [info] > git ls-files --stage -- frontend/src/components/recipes/RecipeForm.jsx [2ms]
2025-05-01 23:30:58.054 [info] > git cat-file -s 6e64170fe4b15e2baac4c90cb8c90f8a586bbe1f [2ms]
2025-05-01 23:30:58.076 [info] > git blame --root --incremental 28b4a8053e32ee2a5b6b251491c2a988253ea5b3 -- frontend/src/components/recipes/RecipeForm.jsx [3ms]
2025-05-01 23:30:59.485 [info] > git config --get commit.template [13ms]
2025-05-01 23:30:59.487 [info] > git for-each-ref --format=%(refname)%00%(upstream:short)%00%(objectname)%00%(upstream:track)%00%(upstream:remotename)%00%(upstream:remoteref) refs/heads/issue-10-poc-git-based-recipe-versioning refs/remotes/issue-10-poc-git-based-recipe-versioning [2ms]
2025-05-01 23:30:59.507 [info] > git status -z -uall [9ms]
2025-05-01 23:30:59.509 [info] > git for-each-ref --sort -committerdate --format %(refname)%00%(objectname)%00%(*objectname) [3ms]
2025-05-01 23:31:11.943 [info] > git show --textconv :frontend/src/components/recipes/RecipeEditForm.jsx [18ms]
2025-05-01 23:31:11.944 [info] > git ls-files --stage -- frontend/src/components/recipes/RecipeEditForm.jsx [2ms]
2025-05-01 23:31:11.962 [info] > git cat-file -s e174ce782637dbbbf633a18beea21e5b00abfca8 [2ms]
2025-05-01 23:31:11.991 [info] > git blame --root --incremental 28b4a8053e32ee2a5b6b251491c2a988253ea5b3 -- frontend/src/components/recipes/RecipeEditForm.jsx [4ms]
2025-05-01 23:31:20.757 [info] > git show --textconv :frontend/src/components/recipes/RecipeView.jsx [22ms]
2025-05-01 23:31:20.758 [info] > git ls-files --stage -- frontend/src/components/recipes/RecipeView.jsx [2ms]
2025-05-01 23:31:20.776 [info] > git cat-file -s ea72bcd5889315d77f5e6ec961e6a6e8a86b7874 [2ms]
2025-05-01 23:31:20.803 [info] > git blame --root --incremental 28b4a8053e32ee2a5b6b251491c2a988253ea5b3 -- frontend/src/components/recipes/RecipeView.jsx [2ms]
2025-05-01 23:33:39.471 [info] > git show --textconv :frontend/src/services/recipeService.js [17ms]
2025-05-01 23:33:39.473 [info] > git ls-files --stage -- frontend/src/services/recipeService.js [2ms]
2025-05-01 23:33:39.490 [info] > git cat-file -s fa48c49b1de1e3465f39ebb2f9d6595fbd768ad6 [2ms]
2025-05-01 23:33:39.599 [info] > git blame --root --incremental 28b4a8053e32ee2a5b6b251491c2a988253ea5b3 -- frontend/src/services/recipeService.js [7ms]
2025-05-01 23:35:57.509 [info] > git show --textconv :frontend/src/components/recipes/RecipeVersionView.jsx [14ms]
2025-05-01 23:35:57.510 [info] > git ls-files --stage -- frontend/src/components/recipes/RecipeVersionView.jsx [2ms]
2025-05-01 23:35:57.527 [info] > git cat-file -s 68ac5a82df7a4996f18b302110c3233c1031c259 [2ms]
2025-05-01 23:35:57.568 [info] > git blame --root --incremental 28b4a8053e32ee2a5b6b251491c2a988253ea5b3 -- frontend/src/components/recipes/RecipeVersionView.jsx [2ms]
2025-05-01 23:36:58.362 [info] > git show --textconv :frontend/src/App.jsx [17ms]
2025-05-01 23:36:58.362 [info] > git ls-files --stage -- frontend/src/App.jsx [1ms]
2025-05-01 23:36:58.378 [info] > git cat-file -s f762b99d84bf0a95d559bd6ff02bd23aebbf50db [3ms]
2025-05-01 23:36:58.431 [info] > git blame --root --incremental 28b4a8053e32ee2a5b6b251491c2a988253ea5b3 -- frontend/src/App.jsx [2ms]
2025-05-02 09:01:29.547 [info] > git check-ignore -v -z --stdin [2ms]
2025-05-02 09:01:42.008 [info] > git check-ignore -v -z --stdin [2ms]
2025-05-02 09:01:42.575 [info] > git config --get commit.template [17ms]
2025-05-02 09:01:42.577 [info] > git for-each-ref --format=%(refname)%00%(upstream:short)%00%(objectname)%00%(upstream:track)%00%(upstream:remotename)%00%(upstream:remoteref) refs/heads/issue-10-poc-git-based-recipe-versioning refs/remotes/issue-10-poc-git-based-recipe-versioning [3ms]
2025-05-02 09:01:42.600 [info] > git status -z -uall [11ms]
2025-05-02 09:01:42.601 [info] > git for-each-ref --sort -committerdate --format %(refname)%00%(objectname)%00%(*objectname) [1ms]
2025-05-02 09:02:25.020 [info] > git show --textconv :frontend/src/utils/routeUtils.jsx [17ms]
2025-05-02 09:02:25.021 [warning] [GitFileSystemProvider][readFile] File not found - git:/home/hofbr/GitProjects/gitgrub/frontend/src/utils/routeUtils.jsx.git?%7B%22path%22%3A%22%2Fhome%2Fhofbr%2FGitProjects%2Fgitgrub%2Ffrontend%2Fsrc%2Futils%2FrouteUtils.jsx%22%2C%22ref%22%3A%22%22%7D
2025-05-02 09:02:25.022 [info] > git ls-files --stage -- frontend/src/utils/routeUtils.jsx [2ms]
2025-05-02 09:02:25.022 [warning] [GitFileSystemProvider][stat] File not found - git:/home/hofbr/GitProjects/gitgrub/frontend/src/utils/routeUtils.jsx.git?%7B%22path%22%3A%22%2Fhome%2Fhofbr%2FGitProjects%2Fgitgrub%2Ffrontend%2Fsrc%2Futils%2FrouteUtils.jsx%22%2C%22ref%22%3A%22%22%7D
2025-05-02 09:02:25.248 [info] > git check-ignore -v -z --stdin [1ms]
2025-05-02 09:02:25.877 [info] > git config --get commit.template [18ms]
2025-05-02 09:02:25.878 [info] > git for-each-ref --format=%(refname)%00%(upstream:short)%00%(objectname)%00%(upstream:track)%00%(upstream:remotename)%00%(upstream:remoteref) refs/heads/issue-10-poc-git-based-recipe-versioning refs/remotes/issue-10-poc-git-based-recipe-versioning [2ms]
2025-05-02 09:02:25.912 [info] > git status -z -uall [18ms]
2025-05-02 09:02:25.916 [info] > git for-each-ref --sort -committerdate --format %(refname)%00%(objectname)%00%(*objectname) [5ms]
2025-05-02 09:02:38.093 [info] > git show --textconv :frontend/src/utils/routeUtils.js [10ms]
2025-05-02 09:02:38.094 [warning] [GitFileSystemProvider][readFile] File not found - git:/home/hofbr/GitProjects/gitgrub/frontend/src/utils/routeUtils.js.git?%7B%22path%22%3A%22%2Fhome%2Fhofbr%2FGitProjects%2Fgitgrub%2Ffrontend%2Fsrc%2Futils%2FrouteUtils.js%22%2C%22ref%22%3A%22%22%7D
2025-05-02 09:02:38.094 [info] > git ls-files --stage -- frontend/src/utils/routeUtils.js [1ms]
2025-05-02 09:02:38.094 [warning] [GitFileSystemProvider][stat] File not found - git:/home/hofbr/GitProjects/gitgrub/frontend/src/utils/routeUtils.js.git?%7B%22path%22%3A%22%2Fhome%2Fhofbr%2FGitProjects%2Fgitgrub%2Ffrontend%2Fsrc%2Futils%2FrouteUtils.js%22%2C%22ref%22%3A%22%22%7D
2025-05-02 09:02:38.369 [info] > git check-ignore -v -z --stdin [1ms]
2025-05-02 09:02:38.888 [info] > git config --get commit.template [17ms]
2025-05-02 09:02:38.889 [info] > git for-each-ref --format=%(refname)%00%(upstream:short)%00%(objectname)%00%(upstream:track)%00%(upstream:remotename)%00%(upstream:remoteref) refs/heads/issue-10-poc-git-based-recipe-versioning refs/remotes/issue-10-poc-git-based-recipe-versioning [2ms]
2025-05-02 09:02:38.918 [info] > git status -z -uall [13ms]
2025-05-02 09:02:38.919 [info] > git for-each-ref --sort -committerdate --format %(refname)%00%(objectname)%00%(*objectname) [1ms]
2025-05-02 09:05:30.707 [info] > git config --get commit.template [16ms]
2025-05-02 09:05:30.709 [info] > git for-each-ref --format=%(refname)%00%(upstream:short)%00%(objectname)%00%(upstream:track)%00%(upstream:remotename)%00%(upstream:remoteref) refs/heads/issue-10-poc-git-based-recipe-versioning refs/remotes/issue-10-poc-git-based-recipe-versioning [2ms]
2025-05-02 09:05:30.739 [info] > git status -z -uall [15ms]
2025-05-02 09:05:30.741 [info] > git for-each-ref --sort -committerdate --format %(refname)%00%(objectname)%00%(*objectname) [3ms]
