2025-04-24 10:12:05.023 [info] [main] Log level: Info
2025-04-24 10:12:05.023 [info] [main] Validating found git in: "git"
2025-04-24 10:12:05.023 [info] [main] Using git "2.39.5" from "git"
2025-04-24 10:12:05.023 [info] [Model][doInitialScan] Initial repository scan started
2025-04-24 10:12:05.023 [info] > git rev-parse --show-toplevel [3ms]
2025-04-24 10:12:05.023 [info] > git rev-parse --git-dir --git-common-dir [17ms]
2025-04-24 10:12:05.023 [info] [Model][openRepository] Opened repository: /home/hofbr/GitProjects/gitgrub
2025-04-24 10:12:05.034 [info] > git rev-parse --show-toplevel [2ms]
2025-04-24 10:12:05.035 [info] > git config --get commit.template [7ms]
2025-04-24 10:12:05.066 [info] > git rev-parse --show-toplevel [14ms]
2025-04-24 10:12:05.071 [info] > git for-each-ref --format=%(refname)%00%(upstream:short)%00%(objectname)%00%(upstream:track)%00%(upstream:remotename)%00%(upstream:remoteref) refs/heads/issue-10-poc-git-based-recipe-versioning refs/remotes/issue-10-poc-git-based-recipe-versioning [6ms]
2025-04-24 10:12:05.072 [info] > git rev-parse --show-toplevel [2ms]
2025-04-24 10:12:05.072 [info] [Model][doInitialScan] Initial repository scan completed - repositories (1), closed repositories (0), parent repositories (0), unsafe repositories (0)
2025-04-24 10:12:05.081 [info] > git show --textconv HEAD:backend/server.js [4ms]
2025-04-24 10:12:05.082 [info] > git ls-tree -l HEAD -- backend/server.js [1ms]
2025-04-24 10:12:05.093 [info] > git status -z -uall [6ms]
2025-04-24 10:12:05.099 [info] > git for-each-ref --sort -committerdate --format %(refname)%00%(objectname)%00%(*objectname) [8ms]
2025-04-24 10:12:05.120 [info] > git for-each-ref --format=%(refname)%00%(upstream:short)%00%(objectname)%00%(upstream:track)%00%(upstream:remotename)%00%(upstream:remoteref) refs/heads/issue-10-poc-git-based-recipe-versioning refs/remotes/issue-10-poc-git-based-recipe-versioning [7ms]
2025-04-24 10:12:05.128 [info] > git ls-tree -l HEAD -- backend/server.js [30ms]
2025-04-24 10:12:05.131 [info] > git config --get --local branch.issue-10-poc-git-based-recipe-versioning.vscode-merge-base [3ms]
2025-04-24 10:12:05.136 [info] > git config --get commit.template [17ms]
2025-04-24 10:12:05.144 [info] > git for-each-ref --format=%(refname)%00%(upstream:short)%00%(objectname)%00%(upstream:track)%00%(upstream:remotename)%00%(upstream:remoteref) refs/heads/origin/issue-6-create-entity-relationship-diagram refs/remotes/origin/issue-6-create-entity-relationship-diagram [8ms]
2025-04-24 10:12:05.150 [info] > git for-each-ref --format=%(refname)%00%(upstream:short)%00%(objectname)%00%(upstream:track)%00%(upstream:remotename)%00%(upstream:remoteref) refs/heads/issue-10-poc-git-based-recipe-versioning refs/remotes/issue-10-poc-git-based-recipe-versioning [7ms]
2025-04-24 10:12:05.150 [info] > git merge-base refs/heads/issue-10-poc-git-based-recipe-versioning refs/remotes/origin/issue-10-poc-git-based-recipe-versioning [1ms]
2025-04-24 10:12:05.164 [info] > git status -z -uall [4ms]
2025-04-24 10:12:05.165 [info] > git diff --name-status -z --diff-filter=ADMR 7f56670b2c93915b2f881526b083963e1776b7a3...refs/remotes/origin/issue-10-poc-git-based-recipe-versioning [10ms]
2025-04-24 10:12:05.166 [info] > git for-each-ref --sort -committerdate --format %(refname)%00%(objectname)%00%(*objectname) [2ms]
2025-04-24 10:12:05.554 [info] > git check-ignore -v -z --stdin [1ms]
2025-04-24 10:12:05.641 [info] > git blame --root --incremental 7f56670b2c93915b2f881526b083963e1776b7a3 -- backend/server.js [4ms]
2025-04-24 10:12:12.153 [info] > git ls-tree -l HEAD -- backend/server.js [3ms]
2025-04-24 10:12:42.637 [info] > git show --textconv :docs/api.md [17ms]
2025-04-24 10:12:42.640 [info] > git ls-files --stage -- docs/api.md [4ms]
2025-04-24 10:12:42.652 [info] > git cat-file -s 239c638010c32d3ec99e849cb980bc2150926c5c [1ms]
2025-04-24 10:12:42.687 [info] > git blame --root --incremental 7f56670b2c93915b2f881526b083963e1776b7a3 -- docs/api.md [3ms]
2025-04-24 10:14:22.816 [info] > git check-ignore -v -z --stdin [2ms]
2025-04-24 10:14:23.069 [info] > git config --get commit.template [18ms]
2025-04-24 10:14:23.069 [info] > git for-each-ref --format=%(refname)%00%(upstream:short)%00%(objectname)%00%(upstream:track)%00%(upstream:remotename)%00%(upstream:remoteref) refs/heads/issue-10-poc-git-based-recipe-versioning refs/remotes/issue-10-poc-git-based-recipe-versioning [1ms]
2025-04-24 10:14:23.101 [info] > git status -z -uall [17ms]
2025-04-24 10:14:23.103 [info] > git for-each-ref --sort -committerdate --format %(refname)%00%(objectname)%00%(*objectname) [3ms]
2025-04-24 10:17:39.232 [info] > git show --textconv :frontend/src/components/recipes/RecipeForm.jsx [17ms]
2025-04-24 10:17:39.233 [info] > git ls-files --stage -- frontend/src/components/recipes/RecipeForm.jsx [2ms]
2025-04-24 10:17:39.250 [info] > git cat-file -s 8dbca8a2b5a2c15dfab914b2a96bd2c08384a394 [4ms]
2025-04-24 10:17:39.285 [info] > git blame --root --incremental 7f56670b2c93915b2f881526b083963e1776b7a3 -- frontend/src/components/recipes/RecipeForm.jsx [2ms]
2025-04-24 10:18:53.782 [info] > git config --get commit.template [2ms]
2025-04-24 10:18:53.802 [info] > git for-each-ref --format=%(refname)%00%(upstream:short)%00%(objectname)%00%(upstream:track)%00%(upstream:remotename)%00%(upstream:remoteref) refs/heads/issue-10-poc-git-based-recipe-versioning refs/remotes/issue-10-poc-git-based-recipe-versioning [2ms]
2025-04-24 10:18:53.839 [info] > git status -z -uall [20ms]
2025-04-24 10:18:53.841 [info] > git for-each-ref --sort -committerdate --format %(refname)%00%(objectname)%00%(*objectname) [4ms]
2025-04-24 10:18:55.839 [info] > git show --textconv :frontend/src/components/recipes/RecipeView.jsx [16ms]
2025-04-24 10:18:55.840 [info] > git ls-files --stage -- frontend/src/components/recipes/RecipeView.jsx [2ms]
2025-04-24 10:18:55.860 [info] > git cat-file -s 447d0e4078bd57eded5dc67964313a986ca5b967 [1ms]
2025-04-24 10:18:55.902 [info] > git blame --root --incremental 7f56670b2c93915b2f881526b083963e1776b7a3 -- frontend/src/components/recipes/RecipeView.jsx [2ms]
2025-04-24 10:19:15.955 [info] > git config --get commit.template [14ms]
2025-04-24 10:19:15.955 [info] > git for-each-ref --format=%(refname)%00%(upstream:short)%00%(objectname)%00%(upstream:track)%00%(upstream:remotename)%00%(upstream:remoteref) refs/heads/issue-10-poc-git-based-recipe-versioning refs/remotes/issue-10-poc-git-based-recipe-versioning [1ms]
2025-04-24 10:19:15.988 [info] > git status -z -uall [17ms]
2025-04-24 10:19:15.989 [info] > git for-each-ref --sort -committerdate --format %(refname)%00%(objectname)%00%(*objectname) [1ms]
2025-04-24 10:19:37.757 [info] > git config --get commit.template [15ms]
2025-04-24 10:19:37.758 [info] > git for-each-ref --format=%(refname)%00%(upstream:short)%00%(objectname)%00%(upstream:track)%00%(upstream:remotename)%00%(upstream:remoteref) refs/heads/issue-10-poc-git-based-recipe-versioning refs/remotes/issue-10-poc-git-based-recipe-versioning [2ms]
2025-04-24 10:19:37.787 [info] > git status -z -uall [15ms]
2025-04-24 10:19:37.789 [info] > git for-each-ref --sort -committerdate --format %(refname)%00%(objectname)%00%(*objectname) [2ms]
2025-04-24 10:20:08.570 [info] > git config --get commit.template [15ms]
2025-04-24 10:20:08.571 [info] > git for-each-ref --format=%(refname)%00%(upstream:short)%00%(objectname)%00%(upstream:track)%00%(upstream:remotename)%00%(upstream:remoteref) refs/heads/issue-10-poc-git-based-recipe-versioning refs/remotes/issue-10-poc-git-based-recipe-versioning [2ms]
2025-04-24 10:20:08.600 [info] > git status -z -uall [15ms]
2025-04-24 10:20:08.602 [info] > git for-each-ref --sort -committerdate --format %(refname)%00%(objectname)%00%(*objectname) [2ms]
2025-04-24 10:23:43.469 [info] > git show --textconv :frontend/src/components/recipes/RecipeForm.jsx [19ms]
2025-04-24 10:23:43.470 [info] > git ls-files --stage -- frontend/src/components/recipes/RecipeForm.jsx [2ms]
2025-04-24 10:23:43.492 [info] > git cat-file -s 8dbca8a2b5a2c15dfab914b2a96bd2c08384a394 [6ms]
2025-04-24 10:24:58.281 [info] > git config --get commit.template [24ms]
2025-04-24 10:24:58.283 [info] > git for-each-ref --format=%(refname)%00%(upstream:short)%00%(objectname)%00%(upstream:track)%00%(upstream:remotename)%00%(upstream:remoteref) refs/heads/issue-10-poc-git-based-recipe-versioning refs/remotes/issue-10-poc-git-based-recipe-versioning [3ms]
2025-04-24 10:24:58.321 [info] > git status -z -uall [18ms]
2025-04-24 10:24:58.322 [info] > git for-each-ref --sort -committerdate --format %(refname)%00%(objectname)%00%(*objectname) [2ms]
2025-04-24 10:25:10.362 [info] > git config --get commit.template [1ms]
2025-04-24 10:25:10.388 [info] > git for-each-ref --format=%(refname)%00%(upstream:short)%00%(objectname)%00%(upstream:track)%00%(upstream:remotename)%00%(upstream:remoteref) refs/heads/issue-10-poc-git-based-recipe-versioning refs/remotes/issue-10-poc-git-based-recipe-versioning [4ms]
2025-04-24 10:25:10.430 [info] > git status -z -uall [17ms]
2025-04-24 10:25:10.431 [info] > git for-each-ref --sort -committerdate --format %(refname)%00%(objectname)%00%(*objectname) [2ms]
2025-04-24 10:26:46.564 [info] > git show --textconv :frontend/src/components/recipes/RecipeForm.jsx [24ms]
2025-04-24 10:26:46.566 [info] > git ls-files --stage -- frontend/src/components/recipes/RecipeForm.jsx [3ms]
2025-04-24 10:26:46.582 [info] > git cat-file -s 8dbca8a2b5a2c15dfab914b2a96bd2c08384a394 [1ms]
2025-04-24 10:28:21.430 [info] > git config --get commit.template [13ms]
2025-04-24 10:28:21.431 [info] > git for-each-ref --format=%(refname)%00%(upstream:short)%00%(objectname)%00%(upstream:track)%00%(upstream:remotename)%00%(upstream:remoteref) refs/heads/issue-10-poc-git-based-recipe-versioning refs/remotes/issue-10-poc-git-based-recipe-versioning [2ms]
2025-04-24 10:28:21.462 [info] > git status -z -uall [16ms]
2025-04-24 10:28:21.463 [info] > git for-each-ref --sort -committerdate --format %(refname)%00%(objectname)%00%(*objectname) [1ms]
2025-04-24 10:30:36.827 [info] > git config --get commit.template [17ms]
2025-04-24 10:30:36.829 [info] > git for-each-ref --format=%(refname)%00%(upstream:short)%00%(objectname)%00%(upstream:track)%00%(upstream:remotename)%00%(upstream:remoteref) refs/heads/issue-10-poc-git-based-recipe-versioning refs/remotes/issue-10-poc-git-based-recipe-versioning [2ms]
2025-04-24 10:30:36.849 [info] > git status -z -uall [13ms]
2025-04-24 10:30:36.850 [info] > git for-each-ref --sort -committerdate --format %(refname)%00%(objectname)%00%(*objectname) [2ms]
2025-04-24 10:30:49.307 [info] > git config --get commit.template [15ms]
2025-04-24 10:30:49.308 [info] > git for-each-ref --format=%(refname)%00%(upstream:short)%00%(objectname)%00%(upstream:track)%00%(upstream:remotename)%00%(upstream:remoteref) refs/heads/issue-10-poc-git-based-recipe-versioning refs/remotes/issue-10-poc-git-based-recipe-versioning [2ms]
2025-04-24 10:30:49.338 [info] > git status -z -uall [16ms]
2025-04-24 10:30:49.339 [info] > git for-each-ref --sort -committerdate --format %(refname)%00%(objectname)%00%(*objectname) [3ms]
2025-04-24 10:32:58.543 [info] > git config --get commit.template [19ms]
2025-04-24 10:32:58.543 [info] > git for-each-ref --format=%(refname)%00%(upstream:short)%00%(objectname)%00%(upstream:track)%00%(upstream:remotename)%00%(upstream:remoteref) refs/heads/issue-10-poc-git-based-recipe-versioning refs/remotes/issue-10-poc-git-based-recipe-versioning [1ms]
2025-04-24 10:32:58.588 [info] > git status -z -uall [24ms]
2025-04-24 10:32:58.589 [info] > git for-each-ref --sort -committerdate --format %(refname)%00%(objectname)%00%(*objectname) [2ms]
2025-04-24 10:33:00.165 [info] > git log --format=%H%n%aN%n%aE%n%at%n%ct%n%P%n%D%n%B -z --shortstat --diff-merges=first-parent -n50 --skip=0 --topo-order --decorate=full --stdin [18ms]
2025-04-24 10:33:01.836 [info] > git show --textconv HEAD:frontend/src/components/recipes/RecipeForm.jsx [18ms]
2025-04-24 10:33:01.837 [info] > git ls-tree -l HEAD -- frontend/src/components/recipes/RecipeForm.jsx [2ms]
2025-04-24 10:33:54.697 [info] > git config --get commit.template [21ms]
2025-04-24 10:33:54.698 [info] > git ls-tree -l HEAD -- frontend/src/components/recipes/RecipeForm.jsx [2ms]
2025-04-24 10:33:54.717 [info] > git for-each-ref --format=%(refname)%00%(upstream:short)%00%(objectname)%00%(upstream:track)%00%(upstream:remotename)%00%(upstream:remoteref) refs/heads/issue-10-poc-git-based-recipe-versioning refs/remotes/issue-10-poc-git-based-recipe-versioning [2ms]
2025-04-24 10:33:54.756 [info] > git status -z -uall [22ms]
2025-04-24 10:33:54.757 [info] > git for-each-ref --sort -committerdate --format %(refname)%00%(objectname)%00%(*objectname) [5ms]
2025-04-24 10:34:00.566 [info] > git show --textconv :frontend/src/components/recipes/RecipeForm.jsx [21ms]
2025-04-24 10:34:00.567 [info] > git ls-files --stage -- frontend/src/components/recipes/RecipeForm.jsx [2ms]
2025-04-24 10:34:00.588 [info] > git cat-file -s 8dbca8a2b5a2c15dfab914b2a96bd2c08384a394 [2ms]
2025-04-24 10:34:54.139 [info] > git config --get commit.template [19ms]
2025-04-24 10:34:54.140 [info] > git for-each-ref --format=%(refname)%00%(upstream:short)%00%(objectname)%00%(upstream:track)%00%(upstream:remotename)%00%(upstream:remoteref) refs/heads/issue-10-poc-git-based-recipe-versioning refs/remotes/issue-10-poc-git-based-recipe-versioning [2ms]
2025-04-24 10:34:54.177 [info] > git status -z -uall [19ms]
2025-04-24 10:34:54.179 [info] > git for-each-ref --sort -committerdate --format %(refname)%00%(objectname)%00%(*objectname) [3ms]
2025-04-24 10:37:46.911 [info] > git config --get commit.template [2ms]
2025-04-24 10:37:46.927 [info] > git for-each-ref --format=%(refname)%00%(upstream:short)%00%(objectname)%00%(upstream:track)%00%(upstream:remotename)%00%(upstream:remoteref) refs/heads/issue-10-poc-git-based-recipe-versioning refs/remotes/issue-10-poc-git-based-recipe-versioning [2ms]
2025-04-24 10:37:46.954 [info] > git status -z -uall [14ms]
2025-04-24 10:37:46.955 [info] > git for-each-ref --sort -committerdate --format %(refname)%00%(objectname)%00%(*objectname) [1ms]
2025-04-24 10:39:00.814 [info] > git config --get commit.template [16ms]
2025-04-24 10:39:00.815 [info] > git for-each-ref --format=%(refname)%00%(upstream:short)%00%(objectname)%00%(upstream:track)%00%(upstream:remotename)%00%(upstream:remoteref) refs/heads/issue-10-poc-git-based-recipe-versioning refs/remotes/issue-10-poc-git-based-recipe-versioning [2ms]
2025-04-24 10:39:00.860 [info] > git status -z -uall [22ms]
2025-04-24 10:39:00.861 [info] > git for-each-ref --sort -committerdate --format %(refname)%00%(objectname)%00%(*objectname) [2ms]
2025-04-24 10:39:04.845 [info] > git log --format=%H%n%aN%n%aE%n%at%n%ct%n%P%n%D%n%B -z --shortstat --diff-merges=first-parent -n50 --skip=0 --topo-order --decorate=full --stdin [10ms]
2025-04-24 10:39:05.908 [info] > git config --get commit.template [20ms]
2025-04-24 10:39:05.911 [info] > git for-each-ref --format=%(refname)%00%(upstream:short)%00%(objectname)%00%(upstream:track)%00%(upstream:remotename)%00%(upstream:remoteref) refs/heads/issue-10-poc-git-based-recipe-versioning refs/remotes/issue-10-poc-git-based-recipe-versioning [4ms]
2025-04-24 10:39:05.946 [info] > git status -z -uall [20ms]
2025-04-24 10:39:05.948 [info] > git for-each-ref --sort -committerdate --format %(refname)%00%(objectname)%00%(*objectname) [3ms]
2025-04-24 10:39:06.205 [info] > git ls-tree -l HEAD -- backend/server.js [5ms]
2025-04-24 10:39:29.775 [info] > git config --get commit.template [2ms]
2025-04-24 10:39:29.799 [info] > git for-each-ref --format=%(refname)%00%(upstream:short)%00%(objectname)%00%(upstream:track)%00%(upstream:remotename)%00%(upstream:remoteref) refs/heads/issue-10-poc-git-based-recipe-versioning refs/remotes/issue-10-poc-git-based-recipe-versioning [3ms]
2025-04-24 10:39:29.834 [info] > git status -z -uall [18ms]
2025-04-24 10:39:29.835 [info] > git for-each-ref --sort -committerdate --format %(refname)%00%(objectname)%00%(*objectname) [1ms]
2025-04-24 10:39:30.184 [info] > git show --textconv :temp.txt [19ms]
2025-04-24 10:39:30.201 [info] > git ls-files --stage -- temp.txt [19ms]
2025-04-24 10:39:30.218 [info] > git hash-object -t tree /dev/null [17ms]
2025-04-24 10:39:30.218 [warning] [GitFileSystemProvider][readFile] File not found - git:/home/hofbr/GitProjects/gitgrub/temp.txt.git?%7B%22path%22%3A%22%2Fhome%2Fhofbr%2FGitProjects%2Fgitgrub%2Ftemp.txt%22%2C%22ref%22%3A%22%22%7D
2025-04-24 10:39:30.220 [info] > git hash-object -t tree /dev/null [3ms]
2025-04-24 10:39:30.220 [warning] [GitFileSystemProvider][stat] File not found - git:/home/hofbr/GitProjects/gitgrub/temp.txt.git?%7B%22path%22%3A%22%2Fhome%2Fhofbr%2FGitProjects%2Fgitgrub%2Ftemp.txt%22%2C%22ref%22%3A%22%22%7D
2025-04-24 10:39:30.241 [info] > git blame --root --incremental 7f56670b2c93915b2f881526b083963e1776b7a3 -- temp.txt [2ms]
2025-04-24 10:39:30.241 [info] fatal: no such path temp.txt in 7f56670b2c93915b2f881526b083963e1776b7a3
2025-04-24 10:39:37.577 [info] > git show --textconv :frontend/src/components/recipes/RecipeForm.jsx [19ms]
2025-04-24 10:39:37.578 [info] > git ls-files --stage -- frontend/src/components/recipes/RecipeForm.jsx [2ms]
2025-04-24 10:39:37.601 [info] > git cat-file -s 8dbca8a2b5a2c15dfab914b2a96bd2c08384a394 [3ms]
2025-04-24 10:39:39.033 [info] > git show --textconv :frontend/src/components/recipes/RecipeList.jsx [21ms]
2025-04-24 10:39:39.035 [info] > git ls-files --stage -- frontend/src/components/recipes/RecipeList.jsx [2ms]
2025-04-24 10:39:39.053 [info] > git cat-file -s 7950350f7c38a75f4fea62f72e3155d65fd041a1 [3ms]
2025-04-24 10:39:39.084 [info] > git blame --root --incremental 7f56670b2c93915b2f881526b083963e1776b7a3 -- frontend/src/components/recipes/RecipeList.jsx [3ms]
2025-04-24 10:39:39.761 [info] > git show --textconv :frontend/src/components/recipes/RecipeView.jsx [22ms]
2025-04-24 10:39:39.762 [info] > git ls-files --stage -- frontend/src/components/recipes/RecipeView.jsx [2ms]
2025-04-24 10:39:39.784 [info] > git cat-file -s 447d0e4078bd57eded5dc67964313a986ca5b967 [2ms]
2025-04-24 10:39:44.390 [info] > git show --textconv :frontend/src/services/recipeService.js [18ms]
2025-04-24 10:39:44.391 [info] > git ls-files --stage -- frontend/src/services/recipeService.js [2ms]
2025-04-24 10:39:44.407 [info] > git cat-file -s e6e435399f9e838a854a09b272c3a1f6c66aa701 [1ms]
2025-04-24 10:39:44.432 [info] > git blame --root --incremental 7f56670b2c93915b2f881526b083963e1776b7a3 -- frontend/src/services/recipeService.js [2ms]
2025-04-24 10:39:48.981 [info] > git show --textconv :frontend/src/App.jsx [21ms]
2025-04-24 10:39:48.982 [info] > git ls-files --stage -- frontend/src/App.jsx [2ms]
2025-04-24 10:39:48.999 [info] > git cat-file -s 4cb1a85c78675b33e4465b1b17099a3649744623 [2ms]
2025-04-24 10:39:49.032 [info] > git blame --root --incremental 7f56670b2c93915b2f881526b083963e1776b7a3 -- frontend/src/App.jsx [4ms]
2025-04-24 10:40:02.823 [info] > git log --format=%H%n%aN%n%aE%n%at%n%ct%n%P%n%D%n%B -z --shortstat --diff-merges=first-parent -n50 --skip=0 --topo-order --decorate=full --stdin [10ms]
2025-04-24 10:40:29.758 [info] > git config --get commit.template [3ms]
2025-04-24 10:40:29.803 [info] > git ls-tree -l HEAD -- frontend/src/components/recipes/RecipeForm.jsx [16ms]
2025-04-24 10:40:29.804 [info] > git ls-tree -l HEAD -- backend/server.js [31ms]
2025-04-24 10:40:29.821 [info] > git ls-files --stage -- frontend/src/App.jsx [19ms]
2025-04-24 10:40:29.842 [info] > git for-each-ref --format=%(refname)%00%(upstream:short)%00%(objectname)%00%(upstream:track)%00%(upstream:remotename)%00%(upstream:remoteref) refs/heads/issue-10-poc-git-based-recipe-versioning refs/remotes/issue-10-poc-git-based-recipe-versioning [22ms]
2025-04-24 10:40:29.868 [info] > git show --textconv HEAD:frontend/src/components/recipes/RecipeForm.jsx [14ms]
2025-04-24 10:40:29.869 [info] > git cat-file -s 4cb1a85c78675b33e4465b1b17099a3649744623 [29ms]
2025-04-24 10:40:29.869 [info] > git show --textconv HEAD:backend/server.js [1ms]
2025-04-24 10:40:29.895 [info] > git status -z -uall [13ms]
2025-04-24 10:40:29.905 [info] > git for-each-ref --sort -committerdate --format %(refname)%00%(objectname)%00%(*objectname) [11ms]
2025-04-24 10:40:29.907 [info] > git show --textconv :frontend/src/App.jsx [3ms]
2025-04-24 10:40:30.577 [info] > git check-ignore -v -z --stdin [2ms]
2025-04-24 10:40:42.846 [info] > git config --get commit.template [4ms]
2025-04-24 10:40:42.911 [info] > git ls-tree -l HEAD -- frontend/src/components/recipes/RecipeForm.jsx [20ms]
2025-04-24 10:40:42.912 [info] > git ls-files --stage -- backend/server.js [42ms]
2025-04-24 10:40:42.949 [info] > git ls-files --stage -- frontend/src/App.jsx [39ms]
2025-04-24 10:40:42.987 [info] > git cat-file -s 4cb1a85c78675b33e4465b1b17099a3649744623 [21ms]
2025-04-24 10:40:42.988 [info] > git for-each-ref --format=%(refname)%00%(upstream:short)%00%(objectname)%00%(upstream:track)%00%(upstream:remotename)%00%(upstream:remoteref) refs/heads/issue-10-poc-git-based-recipe-versioning refs/remotes/issue-10-poc-git-based-recipe-versioning [39ms]
2025-04-24 10:40:42.988 [info] > git cat-file -s b683c0d290d869552f2bf4f2264a5599f2bfcef2 [57ms]
2025-04-24 10:40:42.989 [info] > git show --textconv HEAD:frontend/src/components/recipes/RecipeForm.jsx [3ms]
2025-04-24 10:40:43.020 [info] > git status -z -uall [14ms]
2025-04-24 10:40:43.056 [info] > git show --textconv :frontend/src/App.jsx [20ms]
2025-04-24 10:40:43.056 [info] > git show --textconv :backend/server.js [3ms]
2025-04-24 10:40:43.057 [info] > git for-each-ref --sort -committerdate --format %(refname)%00%(objectname)%00%(*objectname) [38ms]
2025-04-24 10:40:47.439 [info] > git check-ignore -v -z --stdin [2ms]
2025-04-24 10:40:54.052 [info] > git config --get commit.template [15ms]
2025-04-24 10:40:54.053 [info] > git for-each-ref --format=%(refname)%00%(upstream:short)%00%(objectname)%00%(upstream:track)%00%(upstream:remotename)%00%(upstream:remoteref) refs/heads/issue-10-poc-git-based-recipe-versioning refs/remotes/issue-10-poc-git-based-recipe-versioning [2ms]
2025-04-24 10:40:54.082 [info] > git status -z -uall [15ms]
2025-04-24 10:40:54.083 [info] > git for-each-ref --sort -committerdate --format %(refname)%00%(objectname)%00%(*objectname) [2ms]
2025-04-24 10:46:01.855 [info] > git config --get commit.template [2ms]
2025-04-24 10:46:01.921 [info] > git ls-tree -l HEAD -- frontend/src/components/recipes/RecipeForm.jsx [24ms]
2025-04-24 10:46:01.922 [info] > git ls-tree -l HEAD -- backend/server.js [45ms]
2025-04-24 10:46:01.940 [info] > git ls-files --stage -- frontend/src/App.jsx [22ms]
2025-04-24 10:46:01.958 [info] > git for-each-ref --format=%(refname)%00%(upstream:short)%00%(objectname)%00%(upstream:track)%00%(upstream:remotename)%00%(upstream:remoteref) refs/heads/issue-10-poc-git-based-recipe-versioning refs/remotes/issue-10-poc-git-based-recipe-versioning [19ms]
2025-04-24 10:46:01.999 [info] > git show --textconv HEAD:frontend/src/components/recipes/RecipeForm.jsx [23ms]
2025-04-24 10:46:02.000 [info] > git cat-file -s 7759fa702bfee2879a84646206b8b2acc895988c [43ms]
2025-04-24 10:46:02.001 [info] > git show --textconv HEAD:backend/server.js [4ms]
2025-04-24 10:46:02.040 [info] > git status -z -uall [21ms]
2025-04-24 10:46:02.059 [info] > git show --textconv :frontend/src/App.jsx [2ms]
2025-04-24 10:46:02.059 [info] > git for-each-ref --sort -committerdate --format %(refname)%00%(objectname)%00%(*objectname) [21ms]
2025-04-24 10:46:02.097 [info] > git merge-base refs/heads/issue-10-poc-git-based-recipe-versioning refs/remotes/origin/issue-10-poc-git-based-recipe-versioning [1ms]
2025-04-24 10:46:02.110 [info] > git blame --root --incremental 5529e6577647526c5996a80660cb9088c7bcf818 -- frontend/src/App.jsx [32ms]
2025-04-24 10:46:02.112 [info] > git diff --name-status -z --diff-filter=ADMR 5529e6577647526c5996a80660cb9088c7bcf818...refs/remotes/origin/issue-10-poc-git-based-recipe-versioning [3ms]
2025-04-24 10:46:07.130 [info] > git config --get commit.template [14ms]
2025-04-24 10:46:07.131 [info] > git for-each-ref --format=%(refname)%00%(upstream:short)%00%(objectname)%00%(upstream:track)%00%(upstream:remotename)%00%(upstream:remoteref) refs/heads/issue-10-poc-git-based-recipe-versioning refs/remotes/issue-10-poc-git-based-recipe-versioning [2ms]
2025-04-24 10:46:07.156 [info] > git status -z -uall [12ms]
2025-04-24 10:46:07.157 [info] > git for-each-ref --sort -committerdate --format %(refname)%00%(objectname)%00%(*objectname) [1ms]
2025-04-24 10:46:11.027 [info] > git show --textconv :frontend/src/components/recipes/RecipeForm.jsx [22ms]
2025-04-24 10:46:11.028 [info] > git ls-files --stage -- frontend/src/components/recipes/RecipeForm.jsx [2ms]
2025-04-24 10:46:11.048 [info] > git cat-file -s 615ee3677bed6eee83a020920b9bbdc706f0afef [2ms]
2025-04-24 10:46:11.081 [info] > git blame --root --incremental 5529e6577647526c5996a80660cb9088c7bcf818 -- frontend/src/components/recipes/RecipeForm.jsx [3ms]
2025-04-24 10:46:20.124 [info] > git show --textconv :frontend/src/services/recipeService.js [20ms]
2025-04-24 10:46:20.125 [info] > git ls-files --stage -- frontend/src/services/recipeService.js [2ms]
2025-04-24 10:46:20.146 [info] > git cat-file -s 57ce0e1c28a28549522b946f63eada00967159b5 [3ms]
2025-04-24 10:46:20.172 [info] > git blame --root --incremental 5529e6577647526c5996a80660cb9088c7bcf818 -- frontend/src/services/recipeService.js [5ms]
2025-04-24 10:46:22.191 [info] > git show --textconv :frontend/src/App.css [15ms]
2025-04-24 10:46:22.192 [info] > git ls-files --stage -- frontend/src/App.css [2ms]
2025-04-24 10:46:22.206 [info] > git cat-file -s b9d355df2a5956b526c004531b7b0ffe412461e0 [2ms]
2025-04-24 10:46:22.901 [info] > git show --textconv :frontend/src/index.css [13ms]
2025-04-24 10:46:22.902 [info] > git ls-files --stage -- frontend/src/index.css [2ms]
2025-04-24 10:46:22.909 [info] > git cat-file -s 08a3ac9e1e5c44ce374f782d7c4fa3aa70e4c1ff [1ms]
2025-04-24 10:46:27.356 [info] > git show --textconv :frontend/src/main.jsx [21ms]
2025-04-24 10:46:27.357 [info] > git ls-files --stage -- frontend/src/main.jsx [2ms]
2025-04-24 10:46:27.377 [info] > git cat-file -s b9a1a6deac8775b5598874b2bc3c7971d82cf211 [3ms]
2025-04-24 10:48:55.101 [info] > git log --format=%H%n%aN%n%aE%n%at%n%ct%n%P%n%D%n%B -z --shortstat --diff-merges=first-parent -n50 --skip=0 --topo-order --decorate=full --stdin [8ms]
2025-04-24 10:49:00.736 [info] > git show --textconv :frontend/src/components/recipes/RecipeForm.jsx [17ms]
2025-04-24 10:49:00.737 [info] > git ls-files --stage -- frontend/src/components/recipes/RecipeForm.jsx [2ms]
2025-04-24 10:49:00.757 [info] > git cat-file -s 615ee3677bed6eee83a020920b9bbdc706f0afef [3ms]
2025-04-24 10:49:08.045 [info] > git show --textconv :frontend/src/components/recipes/RecipeList.jsx [19ms]
2025-04-24 10:49:08.047 [info] > git ls-files --stage -- frontend/src/components/recipes/RecipeList.jsx [5ms]
2025-04-24 10:49:08.065 [info] > git cat-file -s ff28c745161673b3d1ac0d508363fd6f2563b98a [2ms]
2025-04-24 10:49:08.089 [info] > git blame --root --incremental 5529e6577647526c5996a80660cb9088c7bcf818 -- frontend/src/components/recipes/RecipeList.jsx [2ms]
2025-04-24 10:49:21.511 [info] > git show --textconv :frontend/src/services/recipeService.js [20ms]
2025-04-24 10:49:21.512 [info] > git ls-files --stage -- frontend/src/services/recipeService.js [2ms]
2025-04-24 10:49:21.532 [info] > git cat-file -s 57ce0e1c28a28549522b946f63eada00967159b5 [3ms]
2025-04-24 10:49:39.020 [info] > git show --textconv :local.docker-compose.yml [14ms]
2025-04-24 10:49:39.022 [info] > git ls-files --stage -- local.docker-compose.yml [2ms]
2025-04-24 10:49:39.039 [info] > git cat-file -s 8790ce8442f6a38185f190ceeee590c8c709f9aa [3ms]
2025-04-24 10:49:39.062 [info] > git blame --root --incremental 5529e6577647526c5996a80660cb9088c7bcf818 -- local.docker-compose.yml [3ms]
2025-04-24 10:49:40.205 [info] > git show --textconv :local.Dockerfile [13ms]
2025-04-24 10:49:40.206 [info] > git ls-files --stage -- local.Dockerfile [2ms]
2025-04-24 10:49:40.218 [info] > git cat-file -s 23b7f7765bc5a3ede5ecac20932f9f4673d0690c [1ms]
2025-04-24 10:49:40.237 [info] > git blame --root --incremental 5529e6577647526c5996a80660cb9088c7bcf818 -- local.Dockerfile [2ms]
2025-04-24 10:49:41.503 [info] > git show --textconv :README.md [17ms]
2025-04-24 10:49:41.506 [info] > git ls-files --stage -- README.md [3ms]
2025-04-24 10:49:41.525 [info] > git cat-file -s b2a1bd53f98433bab62f7a0aa607a2deca3d6474 [4ms]
2025-04-24 10:49:41.548 [info] > git blame --root --incremental 5529e6577647526c5996a80660cb9088c7bcf818 -- README.md [2ms]
2025-04-24 10:50:57.877 [info] > git show --textconv :frontend/src/components/recipes/RecipeForm.jsx [21ms]
2025-04-24 10:50:57.880 [info] > git ls-files --stage -- frontend/src/components/recipes/RecipeForm.jsx [4ms]
2025-04-24 10:50:57.898 [info] > git cat-file -s 615ee3677bed6eee83a020920b9bbdc706f0afef [2ms]
2025-04-24 10:50:58.718 [info] > git show --textconv :frontend/src/components/recipes/RecipeList.jsx [22ms]
2025-04-24 10:50:58.719 [info] > git ls-files --stage -- frontend/src/components/recipes/RecipeList.jsx [2ms]
2025-04-24 10:50:58.738 [info] > git cat-file -s ff28c745161673b3d1ac0d508363fd6f2563b98a [1ms]
2025-04-24 10:51:00.195 [info] > git show --textconv :frontend/src/components/recipes/RecipeView.jsx [21ms]
2025-04-24 10:51:00.196 [info] > git ls-files --stage -- frontend/src/components/recipes/RecipeView.jsx [3ms]
2025-04-24 10:51:00.213 [info] > git cat-file -s 6364e826d0dc6f36fe402672e4119ca8d78c3eca [2ms]
2025-04-24 10:51:00.241 [info] > git blame --root --incremental 5529e6577647526c5996a80660cb9088c7bcf818 -- frontend/src/components/recipes/RecipeView.jsx [2ms]
2025-04-24 10:51:04.980 [info] > git show --textconv :frontend/src/App.jsx [17ms]
2025-04-24 10:51:04.982 [info] > git ls-files --stage -- frontend/src/App.jsx [2ms]
2025-04-24 10:51:04.999 [info] > git cat-file -s 7759fa702bfee2879a84646206b8b2acc895988c [2ms]
2025-04-24 10:51:43.821 [info] > git show --textconv :frontend/src/components/recipes/RecipeView.jsx [16ms]
2025-04-24 10:51:43.822 [info] > git ls-files --stage -- frontend/src/components/recipes/RecipeView.jsx [1ms]
2025-04-24 10:51:43.838 [info] > git cat-file -s 6364e826d0dc6f36fe402672e4119ca8d78c3eca [2ms]
2025-04-24 11:01:12.199 [info] > git show --textconv :frontend/src/App.css [16ms]
2025-04-24 11:01:12.200 [info] > git ls-files --stage -- frontend/src/App.css [1ms]
2025-04-24 11:01:12.216 [info] > git cat-file -s b9d355df2a5956b526c004531b7b0ffe412461e0 [2ms]
2025-04-24 11:01:16.417 [info] > git show --textconv :frontend/src/App.jsx [20ms]
2025-04-24 11:01:16.418 [info] > git ls-files --stage -- frontend/src/App.jsx [2ms]
2025-04-24 11:01:16.438 [info] > git cat-file -s 7759fa702bfee2879a84646206b8b2acc895988c [2ms]
2025-04-24 11:01:17.537 [info] > git show --textconv :frontend/src/main.jsx [20ms]
2025-04-24 11:01:17.538 [info] > git ls-files --stage -- frontend/src/main.jsx [2ms]
2025-04-24 11:01:17.558 [info] > git cat-file -s b9a1a6deac8775b5598874b2bc3c7971d82cf211 [2ms]
2025-04-24 11:01:18.509 [info] > git show --textconv :frontend/src/index.css [16ms]
2025-04-24 11:01:18.512 [info] > git ls-files --stage -- frontend/src/index.css [4ms]
2025-04-24 11:01:18.529 [info] > git cat-file -s 08a3ac9e1e5c44ce374f782d7c4fa3aa70e4c1ff [2ms]
2025-04-24 11:01:24.308 [info] > git show --textconv :frontend/src/components/recipes/RecipeForm.jsx [14ms]
2025-04-24 11:01:24.309 [info] > git ls-files --stage -- frontend/src/components/recipes/RecipeForm.jsx [2ms]
2025-04-24 11:01:24.328 [info] > git cat-file -s 615ee3677bed6eee83a020920b9bbdc706f0afef [1ms]
2025-04-24 11:05:31.384 [info] > git show --textconv :docs/user_requirements.md [20ms]
2025-04-24 11:05:31.385 [info] > git ls-files --stage -- docs/user_requirements.md [2ms]
2025-04-24 11:05:31.401 [info] > git cat-file -s 021a87c1705a4e43ec216b43d6e1beac7be2336b [1ms]
2025-04-24 11:05:31.436 [info] > git blame --root --incremental 5529e6577647526c5996a80660cb9088c7bcf818 -- docs/user_requirements.md [4ms]
2025-04-24 11:05:32.979 [info] > git show --textconv :docs/git_recipe_poc_model.md [16ms]
2025-04-24 11:05:32.979 [info] > git ls-files --stage -- docs/git_recipe_poc_model.md [1ms]
2025-04-24 11:05:32.987 [info] > git cat-file -s 933865a1c3c70ebb3d1d10a15b1546a6428c84d4 [1ms]
2025-04-24 11:05:33.004 [info] > git blame --root --incremental 5529e6577647526c5996a80660cb9088c7bcf818 -- docs/git_recipe_poc_model.md [2ms]
2025-04-24 11:05:33.776 [info] > git show --textconv :docs/traditional_database_eer_diagram.md [18ms]
2025-04-24 11:05:33.779 [info] > git ls-files --stage -- docs/traditional_database_eer_diagram.md [4ms]
2025-04-24 11:05:33.796 [info] > git cat-file -s 4c5a7c4d6808a874f7b58f0f6c98fef4e67c04f9 [4ms]
2025-04-24 11:05:33.821 [info] > git blame --root --incremental 5529e6577647526c5996a80660cb9088c7bcf818 -- docs/traditional_database_eer_diagram.md [2ms]
2025-04-24 11:05:41.423 [info] > git show --textconv :frontend/README.md [13ms]
2025-04-24 11:05:41.425 [info] > git ls-files --stage -- frontend/README.md [4ms]
2025-04-24 11:05:41.434 [info] > git cat-file -s 7059a962adb0138b65dd10e0aee66ccfe984b8c6 [1ms]
2025-04-24 11:05:41.452 [info] > git blame --root --incremental 5529e6577647526c5996a80660cb9088c7bcf818 -- frontend/README.md [2ms]
2025-04-24 11:05:43.281 [info] > git show --textconv :README.md [17ms]
2025-04-24 11:05:43.282 [info] > git ls-files --stage -- README.md [2ms]
2025-04-24 11:05:43.299 [info] > git cat-file -s b2a1bd53f98433bab62f7a0aa607a2deca3d6474 [1ms]
2025-04-24 14:15:37.049 [info] > git show --textconv :frontend/src/components/recipes/RecipeList.jsx [11ms]
2025-04-24 14:15:37.050 [info] > git ls-files --stage -- frontend/src/components/recipes/RecipeList.jsx [1ms]
2025-04-24 14:15:37.064 [info] > git cat-file -s ff28c745161673b3d1ac0d508363fd6f2563b98a [2ms]
2025-04-24 14:15:38.576 [info] > git show --textconv :frontend/src/components/recipes/RecipeView.jsx [24ms]
2025-04-24 14:15:38.577 [info] > git ls-files --stage -- frontend/src/components/recipes/RecipeView.jsx [2ms]
2025-04-24 14:15:38.592 [info] > git cat-file -s 6364e826d0dc6f36fe402672e4119ca8d78c3eca [5ms]
2025-04-24 14:15:39.283 [info] > git show --textconv :frontend/src/components/recipes/RecipeList.jsx [16ms]
2025-04-24 14:15:39.284 [info] > git ls-files --stage -- frontend/src/components/recipes/RecipeList.jsx [2ms]
2025-04-24 14:15:39.298 [info] > git cat-file -s ff28c745161673b3d1ac0d508363fd6f2563b98a [2ms]
2025-04-24 14:15:39.919 [info] > git show --textconv :frontend/src/components/recipes/RecipeForm.jsx [17ms]
2025-04-24 14:15:39.920 [info] > git ls-files --stage -- frontend/src/components/recipes/RecipeForm.jsx [2ms]
2025-04-24 14:15:39.940 [info] > git cat-file -s 615ee3677bed6eee83a020920b9bbdc706f0afef [3ms]
2025-04-24 14:32:30.260 [info] > git log --format=%H%n%aN%n%aE%n%at%n%ct%n%P%n%D%n%B -z --shortstat --diff-merges=first-parent -n50 --skip=0 --topo-order --decorate=full --stdin [9ms]
2025-04-24 14:53:50.274 [info] > git show --textconv :docs/traditional_database_eer_diagram.md [18ms]
2025-04-24 14:53:50.276 [info] > git ls-files --stage -- docs/traditional_database_eer_diagram.md [3ms]
2025-04-24 14:53:50.294 [info] > git cat-file -s 4c5a7c4d6808a874f7b58f0f6c98fef4e67c04f9 [1ms]
2025-04-24 14:53:52.622 [info] > git show --textconv :docs/vision_and_requirements.md [23ms]
2025-04-24 14:53:52.623 [info] > git ls-files --stage -- docs/vision_and_requirements.md [2ms]
2025-04-24 14:53:52.644 [info] > git cat-file -s 0c1726c9fa8d87c82358214f3271af752756fd23 [3ms]
2025-04-24 14:53:54.744 [info] > git show --textconv :docs/git_recipe_poc_model.md [16ms]
2025-04-24 14:53:54.745 [info] > git ls-files --stage -- docs/git_recipe_poc_model.md [2ms]
2025-04-24 14:53:54.757 [info] > git cat-file -s 933865a1c3c70ebb3d1d10a15b1546a6428c84d4 [1ms]
2025-04-24 14:53:56.956 [info] > git show --textconv :docs/traditional_database_eer_diagram.md [17ms]
2025-04-24 14:53:56.956 [info] > git ls-files --stage -- docs/traditional_database_eer_diagram.md [1ms]
2025-04-24 14:53:56.978 [info] > git cat-file -s 4c5a7c4d6808a874f7b58f0f6c98fef4e67c04f9 [4ms]
2025-04-24 14:56:15.602 [info] > git show --textconv :docs/git_recipe_poc_model.md [21ms]
2025-04-24 14:56:15.603 [info] > git ls-files --stage -- docs/git_recipe_poc_model.md [2ms]
2025-04-24 14:56:15.622 [info] > git cat-file -s 933865a1c3c70ebb3d1d10a15b1546a6428c84d4 [2ms]
2025-04-24 14:56:16.507 [info] > git show --textconv :docs/traditional_database_eer_diagram.md [17ms]
2025-04-24 14:56:16.509 [info] > git ls-files --stage -- docs/traditional_database_eer_diagram.md [2ms]
2025-04-24 14:56:16.529 [info] > git cat-file -s 4c5a7c4d6808a874f7b58f0f6c98fef4e67c04f9 [3ms]
2025-04-24 15:45:19.712 [info] > git show --textconv :docs/user_requirements.md [20ms]
2025-04-24 15:45:19.720 [info] > git ls-files --stage -- docs/user_requirements.md [9ms]
2025-04-24 15:45:19.750 [info] > git cat-file -s 021a87c1705a4e43ec216b43d6e1beac7be2336b [6ms]
2025-04-24 15:45:22.759 [info] > git show --textconv :docs/api.md [14ms]
2025-04-24 15:45:22.763 [info] > git ls-files --stage -- docs/api.md [5ms]
2025-04-24 15:45:22.775 [info] > git cat-file -s 239c638010c32d3ec99e849cb980bc2150926c5c [2ms]
2025-04-24 15:45:22.792 [info] > git blame --root --incremental 5529e6577647526c5996a80660cb9088c7bcf818 -- docs/api.md [3ms]
2025-04-24 15:47:53.474 [info] > git show --textconv :frontend/src/components/recipes/RecipeForm.jsx [18ms]
2025-04-24 15:47:53.475 [info] > git ls-files --stage -- frontend/src/components/recipes/RecipeForm.jsx [2ms]
2025-04-24 15:47:53.499 [info] > git cat-file -s 615ee3677bed6eee83a020920b9bbdc706f0afef [4ms]
2025-04-24 15:47:56.654 [info] > git show --textconv :frontend/src/components/recipes/RecipeView.jsx [17ms]
2025-04-24 15:47:56.655 [info] > git ls-files --stage -- frontend/src/components/recipes/RecipeView.jsx [2ms]
2025-04-24 15:47:56.678 [info] > git cat-file -s 6364e826d0dc6f36fe402672e4119ca8d78c3eca [3ms]
2025-04-24 15:47:57.346 [info] > git show --textconv :frontend/src/components/recipes/RecipeList.jsx [16ms]
2025-04-24 15:47:57.347 [info] > git ls-files --stage -- frontend/src/components/recipes/RecipeList.jsx [3ms]
2025-04-24 15:47:57.363 [info] > git cat-file -s ff28c745161673b3d1ac0d508363fd6f2563b98a [4ms]
2025-04-24 15:48:07.834 [info] > git show --textconv :backend/server.js [25ms]
2025-04-24 15:48:07.836 [info] > git ls-files --stage -- backend/server.js [2ms]
2025-04-24 15:48:07.857 [info] > git cat-file -s 69581cfd2371c09e4c5ccea9b33b83c7bdd911c2 [2ms]
2025-04-24 15:48:07.893 [info] > git blame --root --incremental 5529e6577647526c5996a80660cb9088c7bcf818 -- backend/server.js [5ms]
2025-04-24 15:48:36.741 [info] > git log --format=%H%n%aN%n%aE%n%at%n%ct%n%P%n%D%n%B -z --shortstat --diff-merges=first-parent -n50 --skip=0 --topo-order --decorate=full --stdin [7ms]
2025-04-24 15:57:31.770 [info] > git config --get commit.template [16ms]
2025-04-24 15:57:31.771 [info] > git for-each-ref --format=%(refname)%00%(upstream:short)%00%(objectname)%00%(upstream:track)%00%(upstream:remotename)%00%(upstream:remoteref) refs/heads/issue-10-poc-git-based-recipe-versioning refs/remotes/issue-10-poc-git-based-recipe-versioning [2ms]
2025-04-24 15:57:31.801 [info] > git status -z -uall [15ms]
2025-04-24 15:57:31.803 [info] > git for-each-ref --sort -committerdate --format %(refname)%00%(objectname)%00%(*objectname) [3ms]
2025-04-24 16:01:18.619 [info] > git config --get commit.template [18ms]
2025-04-24 16:01:18.620 [info] > git for-each-ref --format=%(refname)%00%(upstream:short)%00%(objectname)%00%(upstream:track)%00%(upstream:remotename)%00%(upstream:remoteref) refs/heads/issue-10-poc-git-based-recipe-versioning refs/remotes/issue-10-poc-git-based-recipe-versioning [2ms]
2025-04-24 16:01:18.653 [info] > git status -z -uall [13ms]
2025-04-24 16:01:18.653 [info] > git for-each-ref --sort -committerdate --format %(refname)%00%(objectname)%00%(*objectname) [2ms]
2025-04-24 18:25:21.330 [info] > git config --get commit.template [13ms]
2025-04-24 18:25:21.332 [info] > git for-each-ref --format=%(refname)%00%(upstream:short)%00%(objectname)%00%(upstream:track)%00%(upstream:remotename)%00%(upstream:remoteref) refs/heads/issue-10-poc-git-based-recipe-versioning refs/remotes/issue-10-poc-git-based-recipe-versioning [2ms]
2025-04-24 18:25:21.356 [info] > git status -z -uall [12ms]
2025-04-24 18:25:21.358 [info] > git for-each-ref --sort -committerdate --format %(refname)%00%(objectname)%00%(*objectname) [2ms]
2025-04-25 14:09:27.157 [info] > git config --get commit.template [13ms]
2025-04-25 14:09:27.158 [info] > git for-each-ref --format=%(refname)%00%(upstream:short)%00%(objectname)%00%(upstream:track)%00%(upstream:remotename)%00%(upstream:remoteref) refs/heads/issue-10-poc-git-based-recipe-versioning refs/remotes/issue-10-poc-git-based-recipe-versioning [2ms]
2025-04-25 14:09:27.179 [info] > git status -z -uall [10ms]
2025-04-25 14:09:27.180 [info] > git for-each-ref --sort -committerdate --format %(refname)%00%(objectname)%00%(*objectname) [1ms]
2025-04-25 14:10:52.832 [info] > git show --textconv :backend/node_modules/simple-git/dist/typings/index.d.ts [16ms]
2025-04-25 14:10:52.833 [warning] [GitFileSystemProvider][readFile] File not found - git:/home/hofbr/GitProjects/gitgrub/backend/node_modules/simple-git/dist/typings/index.d.ts.git?%7B%22path%22%3A%22%2Fhome%2Fhofbr%2FGitProjects%2Fgitgrub%2Fbackend%2Fnode_modules%2Fsimple-git%2Fdist%2Ftypings%2Findex.d.ts%22%2C%22ref%22%3A%22%22%7D
2025-04-25 14:10:52.833 [info] > git ls-files --stage -- backend/node_modules/simple-git/dist/typings/index.d.ts [2ms]
2025-04-25 14:10:52.834 [warning] [GitFileSystemProvider][stat] File not found - git:/home/hofbr/GitProjects/gitgrub/backend/node_modules/simple-git/dist/typings/index.d.ts.git?%7B%22path%22%3A%22%2Fhome%2Fhofbr%2FGitProjects%2Fgitgrub%2Fbackend%2Fnode_modules%2Fsimple-git%2Fdist%2Ftypings%2Findex.d.ts%22%2C%22ref%22%3A%22%22%7D
2025-04-25 14:10:53.087 [info] > git check-ignore -v -z --stdin [2ms]
2025-04-25 14:10:56.521 [info] > git blame --root --incremental 5529e6577647526c5996a80660cb9088c7bcf818 -- backend/node_modules/simple-git/dist/typings/index.d.ts [3ms]
2025-04-25 14:10:56.521 [info] fatal: no such path backend/node_modules/simple-git/dist/typings/index.d.ts in 5529e6577647526c5996a80660cb9088c7bcf818
2025-04-25 14:11:05.243 [info] > git show --textconv :backend/node_modules/simple-git/dist/typings/simple-git.d.ts [29ms]
2025-04-25 14:11:05.244 [warning] [GitFileSystemProvider][readFile] File not found - git:/home/hofbr/GitProjects/gitgrub/backend/node_modules/simple-git/dist/typings/simple-git.d.ts.git?%7B%22path%22%3A%22%2Fhome%2Fhofbr%2FGitProjects%2Fgitgrub%2Fbackend%2Fnode_modules%2Fsimple-git%2Fdist%2Ftypings%2Fsimple-git.d.ts%22%2C%22ref%22%3A%22%22%7D
2025-04-25 14:11:05.245 [info] > git ls-files --stage -- backend/node_modules/simple-git/dist/typings/simple-git.d.ts [3ms]
2025-04-25 14:11:05.246 [warning] [GitFileSystemProvider][stat] File not found - git:/home/hofbr/GitProjects/gitgrub/backend/node_modules/simple-git/dist/typings/simple-git.d.ts.git?%7B%22path%22%3A%22%2Fhome%2Fhofbr%2FGitProjects%2Fgitgrub%2Fbackend%2Fnode_modules%2Fsimple-git%2Fdist%2Ftypings%2Fsimple-git.d.ts%22%2C%22ref%22%3A%22%22%7D
2025-04-25 14:11:05.267 [info] > git blame --root --incremental 5529e6577647526c5996a80660cb9088c7bcf818 -- backend/node_modules/simple-git/dist/typings/simple-git.d.ts [2ms]
2025-04-25 14:11:05.267 [info] fatal: no such path backend/node_modules/simple-git/dist/typings/simple-git.d.ts in 5529e6577647526c5996a80660cb9088c7bcf818
2025-04-25 14:11:05.460 [info] > git check-ignore -v -z --stdin [1ms]
2025-04-25 14:11:16.009 [info] > git show --textconv :backend/node_modules/simple-git/dist/typings/index.d.ts [14ms]
2025-04-25 14:11:16.011 [warning] [GitFileSystemProvider][readFile] File not found - git:/home/hofbr/GitProjects/gitgrub/backend/node_modules/simple-git/dist/typings/index.d.ts.git?%7B%22path%22%3A%22%2Fhome%2Fhofbr%2FGitProjects%2Fgitgrub%2Fbackend%2Fnode_modules%2Fsimple-git%2Fdist%2Ftypings%2Findex.d.ts%22%2C%22ref%22%3A%22%22%7D
2025-04-25 14:11:16.012 [info] > git ls-files --stage -- backend/node_modules/simple-git/dist/typings/index.d.ts [5ms]
2025-04-25 14:11:16.012 [warning] [GitFileSystemProvider][stat] File not found - git:/home/hofbr/GitProjects/gitgrub/backend/node_modules/simple-git/dist/typings/index.d.ts.git?%7B%22path%22%3A%22%2Fhome%2Fhofbr%2FGitProjects%2Fgitgrub%2Fbackend%2Fnode_modules%2Fsimple-git%2Fdist%2Ftypings%2Findex.d.ts%22%2C%22ref%22%3A%22%22%7D
2025-04-25 14:11:18.368 [info] > git show --textconv :backend/node_modules/simple-git/dist/typings/simple-git.d.ts [20ms]
2025-04-25 14:11:18.369 [warning] [GitFileSystemProvider][readFile] File not found - git:/home/hofbr/GitProjects/gitgrub/backend/node_modules/simple-git/dist/typings/simple-git.d.ts.git?%7B%22path%22%3A%22%2Fhome%2Fhofbr%2FGitProjects%2Fgitgrub%2Fbackend%2Fnode_modules%2Fsimple-git%2Fdist%2Ftypings%2Fsimple-git.d.ts%22%2C%22ref%22%3A%22%22%7D
2025-04-25 14:11:18.370 [info] > git ls-files --stage -- backend/node_modules/simple-git/dist/typings/simple-git.d.ts [2ms]
2025-04-25 14:11:18.370 [warning] [GitFileSystemProvider][stat] File not found - git:/home/hofbr/GitProjects/gitgrub/backend/node_modules/simple-git/dist/typings/simple-git.d.ts.git?%7B%22path%22%3A%22%2Fhome%2Fhofbr%2FGitProjects%2Fgitgrub%2Fbackend%2Fnode_modules%2Fsimple-git%2Fdist%2Ftypings%2Fsimple-git.d.ts%22%2C%22ref%22%3A%22%22%7D
2025-04-25 14:11:47.067 [info] > git show --textconv :frontend/src/components/recipes/RecipeForm.jsx [14ms]
2025-04-25 14:11:47.068 [info] > git ls-files --stage -- frontend/src/components/recipes/RecipeForm.jsx [1ms]
2025-04-25 14:11:47.086 [info] > git cat-file -s 615ee3677bed6eee83a020920b9bbdc706f0afef [2ms]
2025-04-25 14:11:48.783 [info] > git show --textconv :frontend/src/components/recipes/RecipeList.jsx [19ms]
2025-04-25 14:11:48.784 [info] > git ls-files --stage -- frontend/src/components/recipes/RecipeList.jsx [1ms]
2025-04-25 14:11:48.802 [info] > git cat-file -s ff28c745161673b3d1ac0d508363fd6f2563b98a [5ms]
2025-04-25 14:11:49.836 [info] > git show --textconv :frontend/src/App.jsx [16ms]
2025-04-25 14:11:49.837 [info] > git ls-files --stage -- frontend/src/App.jsx [1ms]
2025-04-25 14:11:49.854 [info] > git cat-file -s 7759fa702bfee2879a84646206b8b2acc895988c [2ms]
2025-04-25 14:11:50.577 [info] > git show --textconv :frontend/src/index.css [16ms]
2025-04-25 14:11:50.578 [info] > git ls-files --stage -- frontend/src/index.css [1ms]
2025-04-25 14:11:50.594 [info] > git cat-file -s 08a3ac9e1e5c44ce374f782d7c4fa3aa70e4c1ff [2ms]
2025-04-25 14:11:51.234 [info] > git show --textconv :frontend/src/main.jsx [13ms]
2025-04-25 14:11:51.235 [info] > git ls-files --stage -- frontend/src/main.jsx [2ms]
2025-04-25 14:11:51.255 [info] > git cat-file -s b9a1a6deac8775b5598874b2bc3c7971d82cf211 [5ms]
2025-04-25 14:11:53.971 [info] > git log --format=%H%n%aN%n%aE%n%at%n%ct%n%P%n%D%n%B -z --shortstat --diff-merges=first-parent -n50 --skip=0 --topo-order --decorate=full --stdin [9ms]
2025-04-25 14:11:55.433 [info] > git ls-tree -l HEAD -- backend/server.js [3ms]
2025-04-25 14:12:02.674 [info] > git config --get commit.template [11ms]
2025-04-25 14:12:02.674 [info] > git for-each-ref --format=%(refname)%00%(upstream:short)%00%(objectname)%00%(upstream:track)%00%(upstream:remotename)%00%(upstream:remoteref) refs/heads/issue-10-poc-git-based-recipe-versioning refs/remotes/issue-10-poc-git-based-recipe-versioning [1ms]
2025-04-25 14:12:02.704 [info] > git status -z -uall [16ms]
2025-04-25 14:12:02.706 [info] > git for-each-ref --sort -committerdate --format %(refname)%00%(objectname)%00%(*objectname) [2ms]
2025-04-25 14:12:21.391 [info] > git show --textconv :backend/server.js [23ms]
2025-04-25 14:12:21.392 [info] > git ls-files --stage -- backend/server.js [1ms]
2025-04-25 14:12:21.414 [info] > git cat-file -s 69581cfd2371c09e4c5ccea9b33b83c7bdd911c2 [1ms]
2025-04-25 19:33:12.482 [info] > git check-ignore -v -z --stdin [2ms]
2025-04-25 19:33:15.625 [info] > git config --get commit.template [23ms]
2025-04-25 19:33:15.626 [info] > git for-each-ref --format=%(refname)%00%(upstream:short)%00%(objectname)%00%(upstream:track)%00%(upstream:remotename)%00%(upstream:remoteref) refs/heads/issue-10-poc-git-based-recipe-versioning refs/remotes/issue-10-poc-git-based-recipe-versioning [1ms]
2025-04-25 19:33:15.659 [info] > git status -z -uall [16ms]
2025-04-25 19:33:15.660 [info] > git for-each-ref --sort -committerdate --format %(refname)%00%(objectname)%00%(*objectname) [1ms]
2025-04-25 19:33:28.280 [info] > git check-ignore -v -z --stdin [2ms]
2025-04-25 19:33:28.844 [info] > git config --get commit.template [12ms]
2025-04-25 19:33:28.846 [info] > git for-each-ref --format=%(refname)%00%(upstream:short)%00%(objectname)%00%(upstream:track)%00%(upstream:remotename)%00%(upstream:remoteref) refs/heads/issue-10-poc-git-based-recipe-versioning refs/remotes/issue-10-poc-git-based-recipe-versioning [2ms]
2025-04-25 19:33:28.871 [info] > git status -z -uall [12ms]
2025-04-25 19:33:28.873 [info] > git for-each-ref --sort -committerdate --format %(refname)%00%(objectname)%00%(*objectname) [2ms]
2025-04-25 19:33:33.116 [info] > git check-ignore -v -z --stdin [2ms]
2025-04-25 19:33:33.902 [info] > git config --get commit.template [12ms]
2025-04-25 19:33:33.904 [info] > git for-each-ref --format=%(refname)%00%(upstream:short)%00%(objectname)%00%(upstream:track)%00%(upstream:remotename)%00%(upstream:remoteref) refs/heads/issue-10-poc-git-based-recipe-versioning refs/remotes/issue-10-poc-git-based-recipe-versioning [2ms]
2025-04-25 19:33:33.929 [info] > git status -z -uall [13ms]
2025-04-25 19:33:33.931 [info] > git for-each-ref --sort -committerdate --format %(refname)%00%(objectname)%00%(*objectname) [3ms]
2025-04-25 19:33:58.459 [info] > git show --textconv :frontend/package.json [16ms]
2025-04-25 19:33:58.516 [info] > git ls-files --stage -- frontend/package.json [58ms]
2025-04-25 19:33:58.534 [info] > git cat-file -s 6cb8d6a5eb014bc2dca734db1b5a7852f3df0a91 [4ms]
2025-04-25 19:33:58.595 [info] > git blame --root --incremental 5529e6577647526c5996a80660cb9088c7bcf818 -- frontend/package.json [2ms]
2025-04-25 19:34:44.819 [info] > git config --get commit.template [3ms]
2025-04-25 19:34:44.842 [info] > git for-each-ref --format=%(refname)%00%(upstream:short)%00%(objectname)%00%(upstream:track)%00%(upstream:remotename)%00%(upstream:remoteref) refs/heads/issue-10-poc-git-based-recipe-versioning refs/remotes/issue-10-poc-git-based-recipe-versioning [5ms]
2025-04-25 19:34:44.880 [info] > git status -z -uall [19ms]
2025-04-25 19:34:44.881 [info] > git for-each-ref --sort -committerdate --format %(refname)%00%(objectname)%00%(*objectname) [2ms]
2025-04-25 19:39:34.277 [info] > git config --get commit.template [2ms]
2025-04-25 19:39:34.298 [info] > git for-each-ref --format=%(refname)%00%(upstream:short)%00%(objectname)%00%(upstream:track)%00%(upstream:remotename)%00%(upstream:remoteref) refs/heads/issue-10-poc-git-based-recipe-versioning refs/remotes/issue-10-poc-git-based-recipe-versioning [3ms]
2025-04-25 19:39:34.334 [info] > git status -z -uall [17ms]
2025-04-25 19:39:34.334 [info] > git for-each-ref --sort -committerdate --format %(refname)%00%(objectname)%00%(*objectname) [1ms]
2025-04-25 19:46:02.375 [info] > git show --textconv :backend/tests/unit/integration/recipeWorkflowTest.js [18ms]
2025-04-25 19:46:02.376 [warning] [GitFileSystemProvider][readFile] File not found - git:/home/hofbr/GitProjects/gitgrub/backend/tests/unit/integration/recipeWorkflowTest.js.git?%7B%22path%22%3A%22%2Fhome%2Fhofbr%2FGitProjects%2Fgitgrub%2Fbackend%2Ftests%2Funit%2Fintegration%2FrecipeWorkflowTest.js%22%2C%22ref%22%3A%22%22%7D
2025-04-25 19:46:02.376 [info] > git ls-files --stage -- backend/tests/unit/integration/recipeWorkflowTest.js [2ms]
2025-04-25 19:46:02.376 [warning] [GitFileSystemProvider][stat] File not found - git:/home/hofbr/GitProjects/gitgrub/backend/tests/unit/integration/recipeWorkflowTest.js.git?%7B%22path%22%3A%22%2Fhome%2Fhofbr%2FGitProjects%2Fgitgrub%2Fbackend%2Ftests%2Funit%2Fintegration%2FrecipeWorkflowTest.js%22%2C%22ref%22%3A%22%22%7D
2025-04-25 19:46:02.629 [info] > git check-ignore -v -z --stdin [2ms]
2025-04-25 19:46:03.146 [info] > git config --get commit.template [19ms]
2025-04-25 19:46:03.146 [info] > git for-each-ref --format=%(refname)%00%(upstream:short)%00%(objectname)%00%(upstream:track)%00%(upstream:remotename)%00%(upstream:remoteref) refs/heads/issue-10-poc-git-based-recipe-versioning refs/remotes/issue-10-poc-git-based-recipe-versioning [1ms]
2025-04-25 19:46:03.187 [info] > git status -z -uall [20ms]
2025-04-25 19:46:03.189 [info] > git for-each-ref --sort -committerdate --format %(refname)%00%(objectname)%00%(*objectname) [3ms]
2025-04-25 19:50:50.530 [info] > git show --textconv :backend/tests/unit/integration/recipeWorkflow.test.js [18ms]
2025-04-25 19:50:50.531 [warning] [GitFileSystemProvider][readFile] File not found - git:/home/hofbr/GitProjects/gitgrub/backend/tests/unit/integration/recipeWorkflow.test.js.git?%7B%22path%22%3A%22%2Fhome%2Fhofbr%2FGitProjects%2Fgitgrub%2Fbackend%2Ftests%2Funit%2Fintegration%2FrecipeWorkflow.test.js%22%2C%22ref%22%3A%22%22%7D
2025-04-25 19:50:50.531 [info] > git ls-files --stage -- backend/tests/unit/integration/recipeWorkflow.test.js [3ms]
2025-04-25 19:50:50.531 [warning] [GitFileSystemProvider][stat] File not found - git:/home/hofbr/GitProjects/gitgrub/backend/tests/unit/integration/recipeWorkflow.test.js.git?%7B%22path%22%3A%22%2Fhome%2Fhofbr%2FGitProjects%2Fgitgrub%2Fbackend%2Ftests%2Funit%2Fintegration%2FrecipeWorkflow.test.js%22%2C%22ref%22%3A%22%22%7D
2025-04-25 19:50:50.550 [info] > git blame --root --incremental 5529e6577647526c5996a80660cb9088c7bcf818 -- backend/tests/unit/integration/recipeWorkflow.test.js [2ms]
2025-04-25 19:50:50.550 [info] fatal: no such path backend/tests/unit/integration/recipeWorkflow.test.js in 5529e6577647526c5996a80660cb9088c7bcf818
2025-04-25 19:50:50.797 [info] > git check-ignore -v -z --stdin [1ms]
2025-04-25 19:50:51.313 [info] > git config --get commit.template [17ms]
2025-04-25 19:50:51.314 [info] > git for-each-ref --format=%(refname)%00%(upstream:short)%00%(objectname)%00%(upstream:track)%00%(upstream:remotename)%00%(upstream:remoteref) refs/heads/issue-10-poc-git-based-recipe-versioning refs/remotes/issue-10-poc-git-based-recipe-versioning [3ms]
2025-04-25 19:50:51.345 [info] > git status -z -uall [16ms]
2025-04-25 19:50:51.346 [info] > git for-each-ref --sort -committerdate --format %(refname)%00%(objectname)%00%(*objectname) [2ms]
2025-04-25 19:51:01.921 [info] > git config --get commit.template [13ms]
2025-04-25 19:51:01.923 [info] > git for-each-ref --format=%(refname)%00%(upstream:short)%00%(objectname)%00%(upstream:track)%00%(upstream:remotename)%00%(upstream:remoteref) refs/heads/issue-10-poc-git-based-recipe-versioning refs/remotes/issue-10-poc-git-based-recipe-versioning [2ms]
2025-04-25 19:51:01.955 [info] > git status -z -uall [19ms]
2025-04-25 19:51:01.959 [info] > git for-each-ref --sort -committerdate --format %(refname)%00%(objectname)%00%(*objectname) [5ms]
2025-04-25 19:52:14.631 [info] > git show --textconv :backend/package.json [15ms]
2025-04-25 19:52:14.635 [info] > git ls-files --stage -- backend/package.json [4ms]
2025-04-25 19:52:14.652 [info] > git cat-file -s f32b994114c443b7a047086a4debffe7308d7c3c [5ms]
2025-04-25 19:52:14.678 [info] > git blame --root --incremental 5529e6577647526c5996a80660cb9088c7bcf818 -- backend/package.json [1ms]
2025-04-25 19:52:26.038 [info] > git show --textconv :frontend/package.json [20ms]
2025-04-25 19:52:26.041 [info] > git ls-files --stage -- frontend/package.json [6ms]
2025-04-25 19:52:26.061 [info] > git cat-file -s 6cb8d6a5eb014bc2dca734db1b5a7852f3df0a91 [2ms]
2025-04-25 19:52:48.888 [info] > git show --textconv :backend/package.json [16ms]
2025-04-25 19:52:48.889 [info] > git ls-files --stage -- backend/package.json [2ms]
2025-04-25 19:52:48.903 [info] > git cat-file -s f32b994114c443b7a047086a4debffe7308d7c3c [2ms]
2025-04-25 19:53:19.208 [info] > git log --format=%H%n%aN%n%aE%n%at%n%ct%n%P%n%D%n%B -z --shortstat --diff-merges=first-parent -n50 --skip=0 --topo-order --decorate=full --stdin [9ms]
2025-04-25 19:53:24.410 [info] > git config --get commit.template [13ms]
2025-04-25 19:53:24.411 [info] > git for-each-ref --format=%(refname)%00%(upstream:short)%00%(objectname)%00%(upstream:track)%00%(upstream:remotename)%00%(upstream:remoteref) refs/heads/issue-10-poc-git-based-recipe-versioning refs/remotes/issue-10-poc-git-based-recipe-versioning [2ms]
2025-04-25 19:53:24.440 [info] > git status -z -uall [15ms]
2025-04-25 19:53:24.441 [info] > git for-each-ref --sort -committerdate --format %(refname)%00%(objectname)%00%(*objectname) [1ms]
2025-04-25 19:53:26.147 [info] > git show --textconv HEAD:backend/package.json [20ms]
2025-04-25 19:53:26.151 [info] > git ls-tree -l HEAD -- backend/package.json [5ms]
2025-04-25 19:53:41.526 [info] > git config --get commit.template [16ms]
2025-04-25 19:53:41.529 [info] > git for-each-ref --format=%(refname)%00%(upstream:short)%00%(objectname)%00%(upstream:track)%00%(upstream:remotename)%00%(upstream:remoteref) refs/heads/issue-10-poc-git-based-recipe-versioning refs/remotes/issue-10-poc-git-based-recipe-versioning [3ms]
2025-04-25 19:53:41.557 [info] > git status -z -uall [15ms]
2025-04-25 19:53:41.558 [info] > git for-each-ref --sort -committerdate --format %(refname)%00%(objectname)%00%(*objectname) [2ms]
2025-04-25 19:54:29.336 [info] > git config --get commit.template [2ms]
2025-04-25 19:54:29.397 [info] > git ls-tree -l HEAD -- frontend/src/components/recipes/RecipeForm.jsx [19ms]
2025-04-25 19:54:29.397 [info] > git ls-tree -l HEAD -- backend/server.js [39ms]
2025-04-25 19:54:29.414 [info] > git ls-tree -l HEAD -- backend/package.json [20ms]
2025-04-25 19:54:29.415 [info] > git for-each-ref --format=%(refname)%00%(upstream:short)%00%(objectname)%00%(upstream:track)%00%(upstream:remotename)%00%(upstream:remoteref) refs/heads/issue-10-poc-git-based-recipe-versioning refs/remotes/issue-10-poc-git-based-recipe-versioning [2ms]
2025-04-25 19:54:29.447 [info] > git show --textconv HEAD:frontend/src/components/recipes/RecipeForm.jsx [16ms]
2025-04-25 19:54:29.466 [info] > git show --textconv HEAD:backend/server.js [19ms]
2025-04-25 19:54:29.470 [info] > git show --textconv HEAD:backend/package.json [5ms]
2025-04-25 19:54:29.502 [info] > git status -z -uall [15ms]
2025-04-25 19:54:29.504 [info] > git for-each-ref --sort -committerdate --format %(refname)%00%(objectname)%00%(*objectname) [5ms]
2025-04-25 19:54:51.572 [info] > git show --textconv :backend/jest.config.js [18ms]
2025-04-25 19:54:51.573 [warning] [GitFileSystemProvider][readFile] File not found - git:/home/hofbr/GitProjects/gitgrub/backend/jest.config.js.git?%7B%22path%22%3A%22%2Fhome%2Fhofbr%2FGitProjects%2Fgitgrub%2Fbackend%2Fjest.config.js%22%2C%22ref%22%3A%22%22%7D
2025-04-25 19:54:51.574 [info] > git ls-files --stage -- backend/jest.config.js [2ms]
2025-04-25 19:54:51.574 [warning] [GitFileSystemProvider][stat] File not found - git:/home/hofbr/GitProjects/gitgrub/backend/jest.config.js.git?%7B%22path%22%3A%22%2Fhome%2Fhofbr%2FGitProjects%2Fgitgrub%2Fbackend%2Fjest.config.js%22%2C%22ref%22%3A%22%22%7D
2025-04-25 19:54:51.845 [info] > git check-ignore -v -z --stdin [1ms]
2025-04-25 19:54:57.007 [info] > git config --get commit.template [21ms]
2025-04-25 19:54:57.008 [info] > git for-each-ref --format=%(refname)%00%(upstream:short)%00%(objectname)%00%(upstream:track)%00%(upstream:remotename)%00%(upstream:remoteref) refs/heads/issue-10-poc-git-based-recipe-versioning refs/remotes/issue-10-poc-git-based-recipe-versioning [2ms]
2025-04-25 19:54:57.044 [info] > git status -z -uall [20ms]
2025-04-25 19:54:57.046 [info] > git for-each-ref --sort -committerdate --format %(refname)%00%(objectname)%00%(*objectname) [4ms]
2025-04-25 19:55:02.289 [info] > git config --get commit.template [14ms]
2025-04-25 19:55:02.290 [info] > git for-each-ref --format=%(refname)%00%(upstream:short)%00%(objectname)%00%(upstream:track)%00%(upstream:remotename)%00%(upstream:remoteref) refs/heads/issue-10-poc-git-based-recipe-versioning refs/remotes/issue-10-poc-git-based-recipe-versioning [2ms]
2025-04-25 19:55:02.318 [info] > git status -z -uall [13ms]
2025-04-25 19:55:02.319 [info] > git for-each-ref --sort -committerdate --format %(refname)%00%(objectname)%00%(*objectname) [2ms]
2025-04-25 19:56:16.545 [info] > git config --get commit.template [21ms]
2025-04-25 19:56:16.546 [info] > git for-each-ref --format=%(refname)%00%(upstream:short)%00%(objectname)%00%(upstream:track)%00%(upstream:remotename)%00%(upstream:remoteref) refs/heads/issue-10-poc-git-based-recipe-versioning refs/remotes/issue-10-poc-git-based-recipe-versioning [2ms]
2025-04-25 19:56:16.586 [info] > git status -z -uall [18ms]
2025-04-25 19:56:16.587 [info] > git for-each-ref --sort -committerdate --format %(refname)%00%(objectname)%00%(*objectname) [3ms]
2025-04-25 20:26:07.976 [info] > git log --format=%H%n%aN%n%aE%n%at%n%ct%n%P%n%D%n%B -z --shortstat --diff-merges=first-parent -n50 --skip=0 --topo-order --decorate=full --stdin [6ms]
2025-04-25 20:26:10.814 [info] > git ls-tree -l HEAD -- backend/package.json [2ms]
2025-04-25 20:26:11.231 [info] > git config --get commit.template [15ms]
2025-04-25 20:26:11.232 [info] > git for-each-ref --format=%(refname)%00%(upstream:short)%00%(objectname)%00%(upstream:track)%00%(upstream:remotename)%00%(upstream:remoteref) refs/heads/issue-10-poc-git-based-recipe-versioning refs/remotes/issue-10-poc-git-based-recipe-versioning [1ms]
2025-04-25 20:26:11.259 [info] > git status -z -uall [14ms]
2025-04-25 20:26:11.259 [info] > git for-each-ref --sort -committerdate --format %(refname)%00%(objectname)%00%(*objectname) [1ms]
2025-04-25 20:26:12.929 [info] > git ls-tree -l HEAD -- backend/server.js [6ms]
2025-04-25 20:26:13.750 [info] > git ls-tree -l HEAD -- backend/package.json [4ms]
2025-04-25 20:26:25.210 [info] > git ls-tree -l HEAD -- backend/package.json [1ms]
2025-04-25 20:26:33.364 [info] > git ls-tree -l HEAD -- backend/package.json [2ms]
2025-04-25 20:26:47.895 [info] > git ls-tree -l HEAD -- backend/package.json [1ms]
2025-04-25 20:27:02.692 [info] > git show --textconv :backend/tests/integration/recipeWorkflow.test.js [16ms]
2025-04-25 20:27:02.693 [warning] [GitFileSystemProvider][readFile] File not found - git:/home/hofbr/GitProjects/gitgrub/backend/tests/integration/recipeWorkflow.test.js.git?%7B%22path%22%3A%22%2Fhome%2Fhofbr%2FGitProjects%2Fgitgrub%2Fbackend%2Ftests%2Fintegration%2FrecipeWorkflow.test.js%22%2C%22ref%22%3A%22%22%7D
2025-04-25 20:27:02.693 [info] > git ls-files --stage -- backend/tests/integration/recipeWorkflow.test.js [2ms]
2025-04-25 20:27:02.693 [warning] [GitFileSystemProvider][stat] File not found - git:/home/hofbr/GitProjects/gitgrub/backend/tests/integration/recipeWorkflow.test.js.git?%7B%22path%22%3A%22%2Fhome%2Fhofbr%2FGitProjects%2Fgitgrub%2Fbackend%2Ftests%2Fintegration%2FrecipeWorkflow.test.js%22%2C%22ref%22%3A%22%22%7D
2025-04-25 20:27:02.711 [info] > git blame --root --incremental 5529e6577647526c5996a80660cb9088c7bcf818 -- backend/tests/integration/recipeWorkflow.test.js [2ms]
2025-04-25 20:27:02.711 [info] fatal: no such path backend/tests/integration/recipeWorkflow.test.js in 5529e6577647526c5996a80660cb9088c7bcf818
2025-04-25 20:27:02.940 [info] > git check-ignore -v -z --stdin [2ms]
2025-04-25 20:27:03.539 [info] > git config --get commit.template [2ms]
2025-04-25 20:27:03.559 [info] > git for-each-ref --format=%(refname)%00%(upstream:short)%00%(objectname)%00%(upstream:track)%00%(upstream:remotename)%00%(upstream:remoteref) refs/heads/issue-10-poc-git-based-recipe-versioning refs/remotes/issue-10-poc-git-based-recipe-versioning [1ms]
2025-04-25 20:27:03.592 [info] > git status -z -uall [16ms]
2025-04-25 20:27:03.593 [info] > git for-each-ref --sort -committerdate --format %(refname)%00%(objectname)%00%(*objectname) [1ms]
2025-04-25 20:30:53.826 [info] > git config --get commit.template [20ms]
2025-04-25 20:30:53.827 [info] > git for-each-ref --format=%(refname)%00%(upstream:short)%00%(objectname)%00%(upstream:track)%00%(upstream:remotename)%00%(upstream:remoteref) refs/heads/issue-10-poc-git-based-recipe-versioning refs/remotes/issue-10-poc-git-based-recipe-versioning [2ms]
2025-04-25 20:30:53.870 [info] > git status -z -uall [23ms]
2025-04-25 20:30:53.871 [info] > git for-each-ref --sort -committerdate --format %(refname)%00%(objectname)%00%(*objectname) [2ms]
2025-04-25 20:34:37.117 [info] > git config --get commit.template [14ms]
2025-04-25 20:34:37.118 [info] > git for-each-ref --format=%(refname)%00%(upstream:short)%00%(objectname)%00%(upstream:track)%00%(upstream:remotename)%00%(upstream:remoteref) refs/heads/issue-10-poc-git-based-recipe-versioning refs/remotes/issue-10-poc-git-based-recipe-versioning [4ms]
2025-04-25 20:34:37.140 [info] > git status -z -uall [11ms]
2025-04-25 20:34:37.141 [info] > git for-each-ref --sort -committerdate --format %(refname)%00%(objectname)%00%(*objectname) [1ms]
2025-04-25 20:37:58.471 [info] > git config --get commit.template [23ms]
2025-04-25 20:37:58.472 [info] > git for-each-ref --format=%(refname)%00%(upstream:short)%00%(objectname)%00%(upstream:track)%00%(upstream:remotename)%00%(upstream:remoteref) refs/heads/issue-10-poc-git-based-recipe-versioning refs/remotes/issue-10-poc-git-based-recipe-versioning [3ms]
2025-04-25 20:37:58.505 [info] > git status -z -uall [15ms]
2025-04-25 20:37:58.506 [info] > git for-each-ref --sort -committerdate --format %(refname)%00%(objectname)%00%(*objectname) [2ms]
2025-04-25 20:38:03.337 [info] > git show --textconv :backend/server.js [17ms]
2025-04-25 20:38:03.338 [info] > git ls-files --stage -- backend/server.js [2ms]
2025-04-25 20:38:03.355 [info] > git cat-file -s 69581cfd2371c09e4c5ccea9b33b83c7bdd911c2 [2ms]
2025-04-25 20:39:36.361 [info] > git show --textconv :backend/server.js [16ms]
2025-04-25 20:39:36.362 [info] > git ls-files --stage -- backend/server.js [1ms]
2025-04-25 20:39:36.378 [info] > git cat-file -s 69581cfd2371c09e4c5ccea9b33b83c7bdd911c2 [2ms]
2025-04-25 20:43:16.416 [info] > git show --textconv :backend/server.js [20ms]
2025-04-25 20:43:16.417 [info] > git ls-files --stage -- backend/server.js [2ms]
2025-04-25 20:43:16.431 [info] > git cat-file -s 69581cfd2371c09e4c5ccea9b33b83c7bdd911c2 [1ms]
2025-04-25 23:46:04.869 [info] > git log --format=%H%n%aN%n%aE%n%at%n%ct%n%P%n%D%n%B -z --shortstat --diff-merges=first-parent -n50 --skip=0 --topo-order --decorate=full --stdin [6ms]
2025-04-25 23:46:05.171 [info] > git config --get commit.template [10ms]
2025-04-25 23:46:05.172 [info] > git for-each-ref --format=%(refname)%00%(upstream:short)%00%(objectname)%00%(upstream:track)%00%(upstream:remotename)%00%(upstream:remoteref) refs/heads/issue-10-poc-git-based-recipe-versioning refs/remotes/issue-10-poc-git-based-recipe-versioning [2ms]
2025-04-25 23:46:05.196 [info] > git status -z -uall [12ms]
2025-04-25 23:46:05.198 [info] > git for-each-ref --sort -committerdate --format %(refname)%00%(objectname)%00%(*objectname) [2ms]
2025-04-25 23:46:13.478 [info] > git ls-tree -l HEAD -- backend/server.js [4ms]
2025-04-25 23:48:09.767 [info] > git config --get commit.template [12ms]
2025-04-25 23:48:09.767 [info] > git ls-tree -l HEAD -- backend/server.js [1ms]
2025-04-25 23:48:09.786 [info] > git for-each-ref --format=%(refname)%00%(upstream:short)%00%(objectname)%00%(upstream:track)%00%(upstream:remotename)%00%(upstream:remoteref) refs/heads/issue-10-poc-git-based-recipe-versioning refs/remotes/issue-10-poc-git-based-recipe-versioning [2ms]
2025-04-25 23:48:09.816 [info] > git status -z -uall [15ms]
2025-04-25 23:48:09.817 [info] > git for-each-ref --sort -committerdate --format %(refname)%00%(objectname)%00%(*objectname) [2ms]
2025-04-25 23:48:14.847 [info] > git config --get commit.template [12ms]
2025-04-25 23:48:14.849 [info] > git for-each-ref --format=%(refname)%00%(upstream:short)%00%(objectname)%00%(upstream:track)%00%(upstream:remotename)%00%(upstream:remoteref) refs/heads/issue-10-poc-git-based-recipe-versioning refs/remotes/issue-10-poc-git-based-recipe-versioning [2ms]
2025-04-25 23:48:14.875 [info] > git status -z -uall [14ms]
2025-04-25 23:48:14.877 [info] > git for-each-ref --sort -committerdate --format %(refname)%00%(objectname)%00%(*objectname) [2ms]
2025-04-25 23:48:15.555 [info] > git check-ignore -v -z --stdin [1ms]
2025-04-25 23:48:16.414 [info] > git check-ignore -v -z --stdin [1ms]
2025-04-25 23:48:17.323 [info] > git show --textconv :backend/git-repos/demo/7f739e47-a917-4bec-ab39-bd3853ba85ee/recipe.md [20ms]
2025-04-25 23:48:17.323 [warning] [GitFileSystemProvider][readFile] File not found - git:/home/hofbr/GitProjects/gitgrub/backend/git-repos/demo/7f739e47-a917-4bec-ab39-bd3853ba85ee/recipe.md.git?%7B%22path%22%3A%22%2Fhome%2Fhofbr%2FGitProjects%2Fgitgrub%2Fbackend%2Fgit-repos%2Fdemo%2F7f739e47-a917-4bec-ab39-bd3853ba85ee%2Frecipe.md%22%2C%22ref%22%3A%22%22%7D
2025-04-25 23:48:17.324 [info] > git ls-files --stage -- backend/git-repos/demo/7f739e47-a917-4bec-ab39-bd3853ba85ee/recipe.md [2ms]
2025-04-25 23:48:17.324 [warning] [GitFileSystemProvider][stat] File not found - git:/home/hofbr/GitProjects/gitgrub/backend/git-repos/demo/7f739e47-a917-4bec-ab39-bd3853ba85ee/recipe.md.git?%7B%22path%22%3A%22%2Fhome%2Fhofbr%2FGitProjects%2Fgitgrub%2Fbackend%2Fgit-repos%2Fdemo%2F7f739e47-a917-4bec-ab39-bd3853ba85ee%2Frecipe.md%22%2C%22ref%22%3A%22%22%7D
2025-04-25 23:48:22.594 [info] > git check-ignore -v -z --stdin [2ms]
2025-04-25 23:48:51.823 [info] > git blame --root --incremental 5529e6577647526c5996a80660cb9088c7bcf818 -- backend/git-repos/demo/7f739e47-a917-4bec-ab39-bd3853ba85ee/recipe.md [4ms]
2025-04-25 23:48:51.823 [info] fatal: no such path backend/git-repos/demo/7f739e47-a917-4bec-ab39-bd3853ba85ee/recipe.md in 5529e6577647526c5996a80660cb9088c7bcf818
2025-04-25 23:49:03.030 [info] > git show --textconv :docs/user_requirements.md [17ms]
2025-04-25 23:49:03.031 [info] > git ls-files --stage -- docs/user_requirements.md [1ms]
2025-04-25 23:49:03.048 [info] > git cat-file -s 021a87c1705a4e43ec216b43d6e1beac7be2336b [2ms]
2025-04-25 23:49:05.423 [info] > git show --textconv :frontend/eslint.config.js [14ms]
2025-04-25 23:49:05.424 [info] > git ls-files --stage -- frontend/eslint.config.js [2ms]
2025-04-25 23:49:05.437 [info] > git cat-file -s ec2b712d301e7ddeca8327fc4b967069cc82047b [1ms]
