2025-04-22 09:59:48.997 [info] [main] Log level: Info
2025-04-22 09:59:48.997 [info] [main] Validating found git in: "git"
2025-04-22 09:59:48.997 [info] [main] Using git "2.39.5" from "git"
2025-04-22 09:59:48.997 [info] [Model][doInitialScan] Initial repository scan started
2025-04-22 09:59:48.997 [info] > git rev-parse --show-toplevel [35ms]
2025-04-22 09:59:48.997 [info] > git rev-parse --git-dir --git-common-dir [17ms]
2025-04-22 09:59:48.997 [info] [Model][openRepository] Opened repository: /home/hofbr/GitProjects/gitgrub
2025-04-22 09:59:49.017 [info] > git rev-parse --show-toplevel [2ms]
2025-04-22 09:59:49.017 [info] [Model][doInitialScan] Initial repository scan completed - repositories (1), closed repositories (0), parent repositories (0), unsafe repositories (0)
2025-04-22 09:59:49.017 [info] > git config --get commit.template [11ms]
2025-04-22 09:59:49.029 [info] > git for-each-ref --format=%(refname)%00%(upstream:short)%00%(objectname)%00%(upstream:track)%00%(upstream:remotename)%00%(upstream:remoteref) refs/heads/issue-10-poc-git-based-recipe-versioning refs/remotes/issue-10-poc-git-based-recipe-versioning [2ms]
2025-04-22 09:59:49.047 [info] > git status -z -uall [9ms]
2025-04-22 09:59:49.048 [info] > git for-each-ref --sort -committerdate --format %(refname)%00%(objectname)%00%(*objectname) [2ms]
2025-04-22 09:59:49.089 [info] > git config --get commit.template [11ms]
2025-04-22 09:59:49.089 [info] > git for-each-ref --format=%(refname)%00%(upstream:short)%00%(objectname)%00%(upstream:track)%00%(upstream:remotename)%00%(upstream:remoteref) refs/heads/issue-10-poc-git-based-recipe-versioning refs/remotes/issue-10-poc-git-based-recipe-versioning [23ms]
2025-04-22 09:59:49.104 [info] > git config --get --local branch.issue-10-poc-git-based-recipe-versioning.vscode-merge-base [3ms]
2025-04-22 09:59:49.147 [info] > git for-each-ref --format=%(refname)%00%(upstream:short)%00%(objectname)%00%(upstream:track)%00%(upstream:remotename)%00%(upstream:remoteref) refs/heads/origin/issue-6-create-entity-relationship-diagram refs/remotes/origin/issue-6-create-entity-relationship-diagram [32ms]
2025-04-22 09:59:49.162 [info] > git merge-base refs/heads/issue-10-poc-git-based-recipe-versioning refs/remotes/origin/issue-10-poc-git-based-recipe-versioning [4ms]
2025-04-22 09:59:49.172 [info] > git for-each-ref --format=%(refname)%00%(upstream:short)%00%(objectname)%00%(upstream:track)%00%(upstream:remotename)%00%(upstream:remoteref) refs/heads/issue-10-poc-git-based-recipe-versioning refs/remotes/issue-10-poc-git-based-recipe-versioning [26ms]
2025-04-22 09:59:49.174 [info] > git diff --name-status -z --diff-filter=ADMR c266c47e25b755104caed2a36ab3257de0d435f3...refs/remotes/origin/issue-10-poc-git-based-recipe-versioning [3ms]
2025-04-22 09:59:49.194 [info] > git status -z -uall [10ms]
2025-04-22 09:59:49.195 [info] > git for-each-ref --sort -committerdate --format %(refname)%00%(objectname)%00%(*objectname) [2ms]
2025-04-22 09:59:49.549 [info] > git check-ignore -v -z --stdin [2ms]
2025-04-22 10:08:03.707 [info] > git config --get commit.template [2ms]
2025-04-22 10:08:03.724 [info] > git for-each-ref --format=%(refname)%00%(upstream:short)%00%(objectname)%00%(upstream:track)%00%(upstream:remotename)%00%(upstream:remoteref) refs/heads/issue-10-poc-git-based-recipe-versioning refs/remotes/issue-10-poc-git-based-recipe-versioning [2ms]
2025-04-22 10:08:03.754 [info] > git status -z -uall [16ms]
2025-04-22 10:08:03.755 [info] > git for-each-ref --sort -committerdate --format %(refname)%00%(objectname)%00%(*objectname) [2ms]
2025-04-22 10:08:08.801 [info] > git config --get commit.template [19ms]
2025-04-22 10:08:08.805 [info] > git for-each-ref --format=%(refname)%00%(upstream:short)%00%(objectname)%00%(upstream:track)%00%(upstream:remotename)%00%(upstream:remoteref) refs/heads/issue-10-poc-git-based-recipe-versioning refs/remotes/issue-10-poc-git-based-recipe-versioning [5ms]
2025-04-22 10:08:08.836 [info] > git status -z -uall [15ms]
2025-04-22 10:08:08.837 [info] > git for-each-ref --sort -committerdate --format %(refname)%00%(objectname)%00%(*objectname) [2ms]
2025-04-22 10:08:52.161 [info] > git check-ignore -v -z --stdin [2ms]
2025-04-22 10:08:52.690 [info] > git config --get commit.template [18ms]
2025-04-22 10:08:52.691 [info] > git for-each-ref --format=%(refname)%00%(upstream:short)%00%(objectname)%00%(upstream:track)%00%(upstream:remotename)%00%(upstream:remoteref) refs/heads/issue-10-poc-git-based-recipe-versioning refs/remotes/issue-10-poc-git-based-recipe-versioning [2ms]
2025-04-22 10:08:52.727 [info] > git status -z -uall [16ms]
2025-04-22 10:08:52.728 [info] > git for-each-ref --sort -committerdate --format %(refname)%00%(objectname)%00%(*objectname) [1ms]
2025-04-22 10:08:57.765 [info] > git config --get commit.template [16ms]
2025-04-22 10:08:57.766 [info] > git for-each-ref --format=%(refname)%00%(upstream:short)%00%(objectname)%00%(upstream:track)%00%(upstream:remotename)%00%(upstream:remoteref) refs/heads/issue-10-poc-git-based-recipe-versioning refs/remotes/issue-10-poc-git-based-recipe-versioning [2ms]
2025-04-22 10:08:57.790 [info] > git status -z -uall [12ms]
2025-04-22 10:08:57.791 [info] > git for-each-ref --sort -committerdate --format %(refname)%00%(objectname)%00%(*objectname) [2ms]
2025-04-22 10:09:02.830 [info] > git config --get commit.template [15ms]
2025-04-22 10:09:02.831 [info] > git for-each-ref --format=%(refname)%00%(upstream:short)%00%(objectname)%00%(upstream:track)%00%(upstream:remotename)%00%(upstream:remoteref) refs/heads/issue-10-poc-git-based-recipe-versioning refs/remotes/issue-10-poc-git-based-recipe-versioning [2ms]
2025-04-22 10:09:02.859 [info] > git status -z -uall [13ms]
2025-04-22 10:09:02.860 [info] > git for-each-ref --sort -committerdate --format %(refname)%00%(objectname)%00%(*objectname) [1ms]
2025-04-22 10:09:07.900 [info] > git config --get commit.template [15ms]
2025-04-22 10:09:07.902 [info] > git for-each-ref --format=%(refname)%00%(upstream:short)%00%(objectname)%00%(upstream:track)%00%(upstream:remotename)%00%(upstream:remoteref) refs/heads/issue-10-poc-git-based-recipe-versioning refs/remotes/issue-10-poc-git-based-recipe-versioning [3ms]
2025-04-22 10:09:07.931 [info] > git status -z -uall [16ms]
2025-04-22 10:09:07.933 [info] > git for-each-ref --sort -committerdate --format %(refname)%00%(objectname)%00%(*objectname) [3ms]
2025-04-22 10:11:36.564 [info] > git config --get commit.template [19ms]
2025-04-22 10:11:36.567 [info] > git for-each-ref --format=%(refname)%00%(upstream:short)%00%(objectname)%00%(upstream:track)%00%(upstream:remotename)%00%(upstream:remoteref) refs/heads/issue-10-poc-git-based-recipe-versioning refs/remotes/issue-10-poc-git-based-recipe-versioning [5ms]
2025-04-22 10:11:36.606 [info] > git status -z -uall [20ms]
2025-04-22 10:11:36.608 [info] > git for-each-ref --sort -committerdate --format %(refname)%00%(objectname)%00%(*objectname) [3ms]
2025-04-22 10:11:41.643 [info] > git config --get commit.template [13ms]
2025-04-22 10:11:41.644 [info] > git for-each-ref --format=%(refname)%00%(upstream:short)%00%(objectname)%00%(upstream:track)%00%(upstream:remotename)%00%(upstream:remoteref) refs/heads/issue-10-poc-git-based-recipe-versioning refs/remotes/issue-10-poc-git-based-recipe-versioning [2ms]
2025-04-22 10:11:41.674 [info] > git status -z -uall [15ms]
2025-04-22 10:11:41.675 [info] > git for-each-ref --sort -committerdate --format %(refname)%00%(objectname)%00%(*objectname) [2ms]
2025-04-22 10:12:09.668 [info] > git config --get commit.template [19ms]
2025-04-22 10:12:09.669 [info] > git for-each-ref --format=%(refname)%00%(upstream:short)%00%(objectname)%00%(upstream:track)%00%(upstream:remotename)%00%(upstream:remoteref) refs/heads/issue-10-poc-git-based-recipe-versioning refs/remotes/issue-10-poc-git-based-recipe-versioning [2ms]
2025-04-22 10:12:09.705 [info] > git status -z -uall [13ms]
2025-04-22 10:12:09.706 [info] > git for-each-ref --sort -committerdate --format %(refname)%00%(objectname)%00%(*objectname) [2ms]
2025-04-22 10:12:18.809 [info] > git config --get commit.template [11ms]
2025-04-22 10:12:18.809 [info] > git for-each-ref --format=%(refname)%00%(upstream:short)%00%(objectname)%00%(upstream:track)%00%(upstream:remotename)%00%(upstream:remoteref) refs/heads/issue-10-poc-git-based-recipe-versioning refs/remotes/issue-10-poc-git-based-recipe-versioning [1ms]
2025-04-22 10:12:18.835 [info] > git status -z -uall [13ms]
2025-04-22 10:12:18.835 [info] > git for-each-ref --sort -committerdate --format %(refname)%00%(objectname)%00%(*objectname) [1ms]
2025-04-22 10:12:35.975 [info] > git config --get commit.template [15ms]
2025-04-22 10:12:35.977 [info] > git for-each-ref --format=%(refname)%00%(upstream:short)%00%(objectname)%00%(upstream:track)%00%(upstream:remotename)%00%(upstream:remoteref) refs/heads/issue-10-poc-git-based-recipe-versioning refs/remotes/issue-10-poc-git-based-recipe-versioning [2ms]
2025-04-22 10:12:36.005 [info] > git status -z -uall [15ms]
2025-04-22 10:12:36.007 [info] > git for-each-ref --sort -committerdate --format %(refname)%00%(objectname)%00%(*objectname) [2ms]
2025-04-22 10:13:09.476 [info] > git config --get commit.template [17ms]
2025-04-22 10:13:09.477 [info] > git for-each-ref --format=%(refname)%00%(upstream:short)%00%(objectname)%00%(upstream:track)%00%(upstream:remotename)%00%(upstream:remoteref) refs/heads/issue-10-poc-git-based-recipe-versioning refs/remotes/issue-10-poc-git-based-recipe-versioning [2ms]
2025-04-22 10:13:09.517 [info] > git status -z -uall [22ms]
2025-04-22 10:13:09.518 [info] > git for-each-ref --sort -committerdate --format %(refname)%00%(objectname)%00%(*objectname) [3ms]
2025-04-22 10:13:35.356 [info] > git show --textconv :local.Dockerfile [12ms]
2025-04-22 10:13:35.368 [info] > git ls-files --stage -- local.Dockerfile [12ms]
2025-04-22 10:13:35.381 [info] > git hash-object -t tree /dev/null [12ms]
2025-04-22 10:13:35.381 [warning] [GitFileSystemProvider][readFile] File not found - git:/home/hofbr/GitProjects/gitgrub/local.Dockerfile.git?%7B%22path%22%3A%22%2Fhome%2Fhofbr%2FGitProjects%2Fgitgrub%2Flocal.Dockerfile%22%2C%22ref%22%3A%22%22%7D
2025-04-22 10:13:35.383 [info] > git hash-object -t tree /dev/null [3ms]
2025-04-22 10:13:35.383 [warning] [GitFileSystemProvider][stat] File not found - git:/home/hofbr/GitProjects/gitgrub/local.Dockerfile.git?%7B%22path%22%3A%22%2Fhome%2Fhofbr%2FGitProjects%2Fgitgrub%2Flocal.Dockerfile%22%2C%22ref%22%3A%22%22%7D
2025-04-22 10:13:35.415 [info] > git blame --root --incremental c266c47e25b755104caed2a36ab3257de0d435f3 -- local.Dockerfile [5ms]
2025-04-22 10:13:35.415 [info] fatal: no such path local.Dockerfile in c266c47e25b755104caed2a36ab3257de0d435f3
2025-04-22 10:13:35.621 [info] > git check-ignore -v -z --stdin [2ms]
2025-04-22 10:13:36.140 [info] > git config --get commit.template [19ms]
2025-04-22 10:13:36.142 [info] > git for-each-ref --format=%(refname)%00%(upstream:short)%00%(objectname)%00%(upstream:track)%00%(upstream:remotename)%00%(upstream:remoteref) refs/heads/issue-10-poc-git-based-recipe-versioning refs/remotes/issue-10-poc-git-based-recipe-versioning [3ms]
2025-04-22 10:13:36.175 [info] > git status -z -uall [15ms]
2025-04-22 10:13:36.176 [info] > git for-each-ref --sort -committerdate --format %(refname)%00%(objectname)%00%(*objectname) [1ms]
2025-04-22 10:14:03.703 [info] > git show --textconv :local.docker-compose.yml [16ms]
2025-04-22 10:14:03.704 [warning] [GitFileSystemProvider][readFile] File not found - git:/home/hofbr/GitProjects/gitgrub/local.docker-compose.yml.git?%7B%22path%22%3A%22%2Fhome%2Fhofbr%2FGitProjects%2Fgitgrub%2Flocal.docker-compose.yml%22%2C%22ref%22%3A%22%22%7D
2025-04-22 10:14:03.704 [info] > git ls-files --stage -- local.docker-compose.yml [2ms]
2025-04-22 10:14:03.705 [warning] [GitFileSystemProvider][stat] File not found - git:/home/hofbr/GitProjects/gitgrub/local.docker-compose.yml.git?%7B%22path%22%3A%22%2Fhome%2Fhofbr%2FGitProjects%2Fgitgrub%2Flocal.docker-compose.yml%22%2C%22ref%22%3A%22%22%7D
2025-04-22 10:14:03.722 [info] > git blame --root --incremental c266c47e25b755104caed2a36ab3257de0d435f3 -- local.docker-compose.yml [2ms]
2025-04-22 10:14:03.723 [info] fatal: no such path local.docker-compose.yml in c266c47e25b755104caed2a36ab3257de0d435f3
2025-04-22 10:14:03.969 [info] > git check-ignore -v -z --stdin [1ms]
2025-04-22 10:14:04.496 [info] > git config --get commit.template [21ms]
2025-04-22 10:14:04.498 [info] > git for-each-ref --format=%(refname)%00%(upstream:short)%00%(objectname)%00%(upstream:track)%00%(upstream:remotename)%00%(upstream:remoteref) refs/heads/issue-10-poc-git-based-recipe-versioning refs/remotes/issue-10-poc-git-based-recipe-versioning [2ms]
2025-04-22 10:14:04.532 [info] > git status -z -uall [18ms]
2025-04-22 10:14:04.534 [info] > git for-each-ref --sort -committerdate --format %(refname)%00%(objectname)%00%(*objectname) [3ms]
2025-04-22 10:14:09.572 [info] > git config --get commit.template [16ms]
2025-04-22 10:14:09.573 [info] > git for-each-ref --format=%(refname)%00%(upstream:short)%00%(objectname)%00%(upstream:track)%00%(upstream:remotename)%00%(upstream:remoteref) refs/heads/issue-10-poc-git-based-recipe-versioning refs/remotes/issue-10-poc-git-based-recipe-versioning [2ms]
2025-04-22 10:14:09.598 [info] > git status -z -uall [13ms]
2025-04-22 10:14:09.598 [info] > git for-each-ref --sort -committerdate --format %(refname)%00%(objectname)%00%(*objectname) [1ms]
2025-04-22 10:15:37.929 [info] > git config --get commit.template [15ms]
2025-04-22 10:15:37.930 [info] > git for-each-ref --format=%(refname)%00%(upstream:short)%00%(objectname)%00%(upstream:track)%00%(upstream:remotename)%00%(upstream:remoteref) refs/heads/issue-10-poc-git-based-recipe-versioning refs/remotes/issue-10-poc-git-based-recipe-versioning [2ms]
2025-04-22 10:15:37.960 [info] > git status -z -uall [15ms]
2025-04-22 10:15:37.961 [info] > git for-each-ref --sort -committerdate --format %(refname)%00%(objectname)%00%(*objectname) [3ms]
2025-04-22 10:17:41.208 [info] > git config --get commit.template [16ms]
2025-04-22 10:17:41.209 [info] > git for-each-ref --format=%(refname)%00%(upstream:short)%00%(objectname)%00%(upstream:track)%00%(upstream:remotename)%00%(upstream:remoteref) refs/heads/issue-10-poc-git-based-recipe-versioning refs/remotes/issue-10-poc-git-based-recipe-versioning [2ms]
2025-04-22 10:17:41.239 [info] > git status -z -uall [16ms]
2025-04-22 10:17:41.240 [info] > git for-each-ref --sort -committerdate --format %(refname)%00%(objectname)%00%(*objectname) [2ms]
2025-04-22 10:17:50.719 [info] > git config --get commit.template [15ms]
2025-04-22 10:17:50.720 [info] > git for-each-ref --format=%(refname)%00%(upstream:short)%00%(objectname)%00%(upstream:track)%00%(upstream:remotename)%00%(upstream:remoteref) refs/heads/issue-10-poc-git-based-recipe-versioning refs/remotes/issue-10-poc-git-based-recipe-versioning [2ms]
2025-04-22 10:17:50.750 [info] > git status -z -uall [15ms]
2025-04-22 10:17:50.751 [info] > git for-each-ref --sort -committerdate --format %(refname)%00%(objectname)%00%(*objectname) [2ms]
2025-04-22 10:18:39.751 [info] > git config --get commit.template [16ms]
2025-04-22 10:18:39.751 [info] > git for-each-ref --format=%(refname)%00%(upstream:short)%00%(objectname)%00%(upstream:track)%00%(upstream:remotename)%00%(upstream:remoteref) refs/heads/issue-10-poc-git-based-recipe-versioning refs/remotes/issue-10-poc-git-based-recipe-versioning [1ms]
2025-04-22 10:18:39.794 [info] > git status -z -uall [17ms]
2025-04-22 10:18:39.795 [info] > git for-each-ref --sort -committerdate --format %(refname)%00%(objectname)%00%(*objectname) [1ms]
2025-04-22 10:18:44.829 [info] > git config --get commit.template [14ms]
2025-04-22 10:18:44.830 [info] > git for-each-ref --format=%(refname)%00%(upstream:short)%00%(objectname)%00%(upstream:track)%00%(upstream:remotename)%00%(upstream:remoteref) refs/heads/issue-10-poc-git-based-recipe-versioning refs/remotes/issue-10-poc-git-based-recipe-versioning [2ms]
2025-04-22 10:18:44.846 [info] > git status -z -uall [8ms]
2025-04-22 10:18:44.847 [info] > git for-each-ref --sort -committerdate --format %(refname)%00%(objectname)%00%(*objectname) [2ms]
2025-04-22 10:19:52.290 [info] > git log --format=%H%n%aN%n%aE%n%at%n%ct%n%P%n%D%n%B -z --shortstat --diff-merges=first-parent -n50 --skip=0 --topo-order --decorate=full --stdin [13ms]
2025-04-22 10:20:06.624 [info] > git config --get commit.template [21ms]
2025-04-22 10:20:06.625 [info] > git for-each-ref --format=%(refname)%00%(upstream:short)%00%(objectname)%00%(upstream:track)%00%(upstream:remotename)%00%(upstream:remoteref) refs/heads/issue-10-poc-git-based-recipe-versioning refs/remotes/issue-10-poc-git-based-recipe-versioning [2ms]
2025-04-22 10:20:06.659 [info] > git status -z -uall [17ms]
2025-04-22 10:20:06.662 [info] > git for-each-ref --sort -committerdate --format %(refname)%00%(objectname)%00%(*objectname) [4ms]
2025-04-22 10:21:37.239 [info] > git config --get commit.template [21ms]
2025-04-22 10:21:37.241 [info] > git for-each-ref --format=%(refname)%00%(upstream:short)%00%(objectname)%00%(upstream:track)%00%(upstream:remotename)%00%(upstream:remoteref) refs/heads/issue-10-poc-git-based-recipe-versioning refs/remotes/issue-10-poc-git-based-recipe-versioning [3ms]
2025-04-22 10:21:37.273 [info] > git status -z -uall [16ms]
2025-04-22 10:21:37.274 [info] > git for-each-ref --sort -committerdate --format %(refname)%00%(objectname)%00%(*objectname) [2ms]
2025-04-22 10:21:37.301 [info] > git merge-base refs/heads/issue-10-poc-git-based-recipe-versioning refs/remotes/origin/issue-10-poc-git-based-recipe-versioning [2ms]
2025-04-22 10:21:37.319 [info] > git diff --name-status -z --diff-filter=ADMR 8d9576e998295196e9241682b803597b3b8d6219...refs/remotes/origin/issue-10-poc-git-based-recipe-versioning [2ms]
2025-04-22 10:21:42.338 [info] > git config --get commit.template [15ms]
2025-04-22 10:21:42.339 [info] > git for-each-ref --format=%(refname)%00%(upstream:short)%00%(objectname)%00%(upstream:track)%00%(upstream:remotename)%00%(upstream:remoteref) refs/heads/issue-10-poc-git-based-recipe-versioning refs/remotes/issue-10-poc-git-based-recipe-versioning [2ms]
2025-04-22 10:21:42.369 [info] > git status -z -uall [15ms]
2025-04-22 10:21:42.370 [info] > git for-each-ref --sort -committerdate --format %(refname)%00%(objectname)%00%(*objectname) [2ms]
2025-04-22 10:31:42.377 [info] > git show --textconv :docs/vision_and_requirements.md [19ms]
2025-04-22 10:31:42.381 [info] > git ls-files --stage -- docs/vision_and_requirements.md [5ms]
2025-04-22 10:31:42.406 [info] > git cat-file -s 0c1726c9fa8d87c82358214f3271af752756fd23 [4ms]
2025-04-22 10:31:43.098 [info] > git show --textconv :local.Dockerfile [14ms]
2025-04-22 10:31:43.099 [info] > git ls-files --stage -- local.Dockerfile [2ms]
2025-04-22 10:31:43.112 [info] > git cat-file -s 169c6aa67022c69f4e3f95cc04ad9cc11b51d62b [1ms]
2025-04-22 10:31:43.136 [info] > git blame --root --incremental 8d9576e998295196e9241682b803597b3b8d6219 -- local.Dockerfile [3ms]
2025-04-22 10:31:43.851 [info] > git show --textconv :local.docker-compose.yml [18ms]
2025-04-22 10:31:43.852 [info] > git ls-files --stage -- local.docker-compose.yml [1ms]
2025-04-22 10:31:43.869 [info] > git cat-file -s b8c1208f106e2939a579ad174141aeb9f134ac08 [2ms]
2025-04-22 10:31:43.891 [info] > git blame --root --incremental 8d9576e998295196e9241682b803597b3b8d6219 -- local.docker-compose.yml [5ms]
2025-04-22 10:31:45.691 [info] > git show --textconv :local.Dockerfile [17ms]
2025-04-22 10:31:45.692 [info] > git ls-files --stage -- local.Dockerfile [3ms]
2025-04-22 10:31:45.709 [info] > git cat-file -s 169c6aa67022c69f4e3f95cc04ad9cc11b51d62b [3ms]
2025-04-22 10:31:51.469 [info] > git config --get commit.template [15ms]
2025-04-22 10:31:51.471 [info] > git for-each-ref --format=%(refname)%00%(upstream:short)%00%(objectname)%00%(upstream:track)%00%(upstream:remotename)%00%(upstream:remoteref) refs/heads/issue-10-poc-git-based-recipe-versioning refs/remotes/issue-10-poc-git-based-recipe-versioning [3ms]
2025-04-22 10:31:51.499 [info] > git status -z -uall [14ms]
2025-04-22 10:31:51.501 [info] > git for-each-ref --sort -committerdate --format %(refname)%00%(objectname)%00%(*objectname) [2ms]
2025-04-22 10:32:18.916 [info] > git show --textconv :docs/vision_and_requirements.md [21ms]
2025-04-22 10:32:18.920 [info] > git ls-files --stage -- docs/vision_and_requirements.md [5ms]
2025-04-22 10:32:18.941 [info] > git cat-file -s 0c1726c9fa8d87c82358214f3271af752756fd23 [3ms]
2025-04-22 10:33:35.883 [info] > git show --textconv :local.Dockerfile [16ms]
2025-04-22 10:33:35.884 [info] > git ls-files --stage -- local.Dockerfile [2ms]
2025-04-22 10:33:35.894 [info] > git cat-file -s 169c6aa67022c69f4e3f95cc04ad9cc11b51d62b [2ms]
2025-04-22 10:33:38.795 [info] > git show --textconv :local.docker-compose.yml [16ms]
2025-04-22 10:33:38.797 [info] > git ls-files --stage -- local.docker-compose.yml [2ms]
2025-04-22 10:33:38.813 [info] > git cat-file -s b8c1208f106e2939a579ad174141aeb9f134ac08 [2ms]
2025-04-22 10:33:41.930 [info] > git show --textconv :local.Dockerfile [15ms]
2025-04-22 10:33:41.931 [info] > git ls-files --stage -- local.Dockerfile [1ms]
2025-04-22 10:33:41.947 [info] > git cat-file -s 169c6aa67022c69f4e3f95cc04ad9cc11b51d62b [2ms]
2025-04-22 10:33:45.429 [info] > git show --textconv :start-dev.sh [16ms]
2025-04-22 10:33:45.430 [info] > git ls-files --stage -- start-dev.sh [2ms]
2025-04-22 10:33:45.446 [info] > git cat-file -s eea9a750693bd74af7c2e2c6f874b21bc1227b6f [2ms]
2025-04-22 10:33:45.469 [info] > git blame --root --incremental 8d9576e998295196e9241682b803597b3b8d6219 -- start-dev.sh [3ms]
2025-04-22 10:33:51.304 [info] > git config --get commit.template [19ms]
2025-04-22 10:33:51.306 [info] > git for-each-ref --format=%(refname)%00%(upstream:short)%00%(objectname)%00%(upstream:track)%00%(upstream:remotename)%00%(upstream:remoteref) refs/heads/issue-10-poc-git-based-recipe-versioning refs/remotes/issue-10-poc-git-based-recipe-versioning [4ms]
2025-04-22 10:33:51.336 [info] > git status -z -uall [15ms]
2025-04-22 10:33:51.337 [info] > git for-each-ref --sort -committerdate --format %(refname)%00%(objectname)%00%(*objectname) [2ms]
2025-04-22 10:34:39.160 [info] > git check-ignore -v -z --stdin [2ms]
2025-04-22 10:36:11.766 [info] > git config --get commit.template [23ms]
2025-04-22 10:36:11.767 [info] > git for-each-ref --format=%(refname)%00%(upstream:short)%00%(objectname)%00%(upstream:track)%00%(upstream:remotename)%00%(upstream:remoteref) refs/heads/issue-10-poc-git-based-recipe-versioning refs/remotes/issue-10-poc-git-based-recipe-versioning [2ms]
2025-04-22 10:36:11.806 [info] > git status -z -uall [21ms]
2025-04-22 10:36:11.807 [info] > git for-each-ref --sort -committerdate --format %(refname)%00%(objectname)%00%(*objectname) [1ms]
2025-04-22 10:36:47.919 [info] > git config --get commit.template [20ms]
2025-04-22 10:36:47.919 [info] > git for-each-ref --format=%(refname)%00%(upstream:short)%00%(objectname)%00%(upstream:track)%00%(upstream:remotename)%00%(upstream:remoteref) refs/heads/issue-10-poc-git-based-recipe-versioning refs/remotes/issue-10-poc-git-based-recipe-versioning [1ms]
2025-04-22 10:36:47.955 [info] > git status -z -uall [19ms]
2025-04-22 10:36:47.957 [info] > git for-each-ref --sort -committerdate --format %(refname)%00%(objectname)%00%(*objectname) [3ms]
2025-04-22 10:36:56.236 [info] > git check-ignore -v -z --stdin [3ms]
2025-04-22 10:37:09.712 [info] > git check-ignore -v -z --stdin [2ms]
2025-04-22 10:37:19.083 [info] > git check-ignore -v -z --stdin [2ms]
2025-04-22 10:38:30.178 [info] > git check-ignore -v -z --stdin [2ms]
2025-04-22 10:39:01.218 [info] > git check-ignore -v -z --stdin [3ms]
2025-04-22 10:39:23.670 [info] > git show --textconv :local.Dockerfile [17ms]
2025-04-22 10:39:23.671 [info] > git ls-files --stage -- local.Dockerfile [2ms]
2025-04-22 10:39:23.687 [info] > git cat-file -s 169c6aa67022c69f4e3f95cc04ad9cc11b51d62b [2ms]
2025-04-22 10:39:48.440 [info] > git show --textconv :local.docker-compose.yml [14ms]
2025-04-22 10:39:48.441 [info] > git ls-files --stage -- local.docker-compose.yml [2ms]
2025-04-22 10:39:48.454 [info] > git cat-file -s b8c1208f106e2939a579ad174141aeb9f134ac08 [2ms]
2025-04-22 10:40:05.523 [info] > git config --get commit.template [18ms]
2025-04-22 10:40:05.524 [info] > git for-each-ref --format=%(refname)%00%(upstream:short)%00%(objectname)%00%(upstream:track)%00%(upstream:remotename)%00%(upstream:remoteref) refs/heads/issue-10-poc-git-based-recipe-versioning refs/remotes/issue-10-poc-git-based-recipe-versioning [1ms]
2025-04-22 10:40:05.558 [info] > git status -z -uall [17ms]
2025-04-22 10:40:05.559 [info] > git for-each-ref --sort -committerdate --format %(refname)%00%(objectname)%00%(*objectname) [1ms]
2025-04-22 10:40:15.686 [info] > git config --get commit.template [16ms]
2025-04-22 10:40:15.688 [info] > git for-each-ref --format=%(refname)%00%(upstream:short)%00%(objectname)%00%(upstream:track)%00%(upstream:remotename)%00%(upstream:remoteref) refs/heads/issue-10-poc-git-based-recipe-versioning refs/remotes/issue-10-poc-git-based-recipe-versioning [3ms]
2025-04-22 10:40:15.717 [info] > git status -z -uall [15ms]
2025-04-22 10:40:15.718 [info] > git for-each-ref --sort -committerdate --format %(refname)%00%(objectname)%00%(*objectname) [2ms]
2025-04-22 10:40:57.504 [info] > git show --textconv :local.Dockerfile [13ms]
2025-04-22 10:40:57.505 [info] > git ls-files --stage -- local.Dockerfile [1ms]
2025-04-22 10:40:57.517 [info] > git cat-file -s 169c6aa67022c69f4e3f95cc04ad9cc11b51d62b [1ms]
2025-04-22 10:40:59.089 [info] > git show --textconv :start-dev.sh [13ms]
2025-04-22 10:40:59.090 [info] > git ls-files --stage -- start-dev.sh [1ms]
2025-04-22 10:40:59.102 [info] > git cat-file -s eea9a750693bd74af7c2e2c6f874b21bc1227b6f [1ms]
2025-04-22 10:41:01.057 [info] > git show --textconv :local.Dockerfile [14ms]
2025-04-22 10:41:01.058 [info] > git ls-files --stage -- local.Dockerfile [2ms]
2025-04-22 10:41:01.071 [info] > git cat-file -s 169c6aa67022c69f4e3f95cc04ad9cc11b51d62b [2ms]
2025-04-22 10:43:18.876 [info] > git show --textconv :local.docker-compose.yml [13ms]
2025-04-22 10:43:18.877 [info] > git ls-files --stage -- local.docker-compose.yml [2ms]
2025-04-22 10:43:18.890 [info] > git cat-file -s b8c1208f106e2939a579ad174141aeb9f134ac08 [2ms]
2025-04-22 10:54:10.654 [info] > git config --get commit.template [20ms]
2025-04-22 10:54:10.655 [info] > git for-each-ref --format=%(refname)%00%(upstream:short)%00%(objectname)%00%(upstream:track)%00%(upstream:remotename)%00%(upstream:remoteref) refs/heads/issue-10-poc-git-based-recipe-versioning refs/remotes/issue-10-poc-git-based-recipe-versioning [2ms]
2025-04-22 10:54:10.692 [info] > git status -z -uall [17ms]
2025-04-22 10:54:10.693 [info] > git for-each-ref --sort -committerdate --format %(refname)%00%(objectname)%00%(*objectname) [1ms]
2025-04-22 11:10:25.162 [info] > git check-ignore -v -z --stdin [2ms]
2025-04-22 11:11:09.433 [info] > git config --get commit.template [16ms]
2025-04-22 11:11:09.433 [info] > git for-each-ref --format=%(refname)%00%(upstream:short)%00%(objectname)%00%(upstream:track)%00%(upstream:remotename)%00%(upstream:remoteref) refs/heads/issue-10-poc-git-based-recipe-versioning refs/remotes/issue-10-poc-git-based-recipe-versioning [1ms]
2025-04-22 11:11:09.474 [info] > git status -z -uall [21ms]
2025-04-22 11:11:09.478 [info] > git for-each-ref --sort -committerdate --format %(refname)%00%(objectname)%00%(*objectname) [6ms]
2025-04-22 11:11:14.516 [info] > git config --get commit.template [8ms]
2025-04-22 11:11:14.517 [info] > git for-each-ref --format=%(refname)%00%(upstream:short)%00%(objectname)%00%(upstream:track)%00%(upstream:remotename)%00%(upstream:remoteref) refs/heads/issue-10-poc-git-based-recipe-versioning refs/remotes/issue-10-poc-git-based-recipe-versioning [1ms]
2025-04-22 11:11:14.538 [info] > git status -z -uall [10ms]
2025-04-22 11:11:14.542 [info] > git for-each-ref --sort -committerdate --format %(refname)%00%(objectname)%00%(*objectname) [5ms]
2025-04-22 11:11:17.106 [info] > git check-ignore -v -z --stdin [2ms]
2025-04-22 11:11:33.642 [info] > git check-ignore -v -z --stdin [2ms]
2025-04-22 11:11:45.638 [info] > git show --textconv :.gitignore [18ms]
2025-04-22 11:11:45.639 [info] > git ls-files --stage -- .gitignore [2ms]
2025-04-22 11:11:45.664 [info] > git cat-file -s 62c893550adb53d3a8fc29a1584ff831cb829062 [2ms]
2025-04-22 11:11:54.398 [info] > git show --textconv :.gitignore [16ms]
2025-04-22 11:11:54.401 [info] > git ls-files --stage -- .gitignore [3ms]
2025-04-22 11:11:54.419 [info] > git cat-file -s 62c893550adb53d3a8fc29a1584ff831cb829062 [2ms]
2025-04-22 11:11:54.718 [info] > git blame --root --incremental 8d9576e998295196e9241682b803597b3b8d6219 -- .gitignore [2ms]
2025-04-22 11:11:58.549 [info] > git check-ignore -v -z --stdin [3ms]
2025-04-22 11:11:58.987 [info] > git config --get commit.template [11ms]
2025-04-22 11:11:58.988 [info] > git for-each-ref --format=%(refname)%00%(upstream:short)%00%(objectname)%00%(upstream:track)%00%(upstream:remotename)%00%(upstream:remoteref) refs/heads/issue-10-poc-git-based-recipe-versioning refs/remotes/issue-10-poc-git-based-recipe-versioning [2ms]
2025-04-22 11:11:59.009 [info] > git status -z -uall [11ms]
2025-04-22 11:11:59.011 [info] > git for-each-ref --sort -committerdate --format %(refname)%00%(objectname)%00%(*objectname) [3ms]
2025-04-22 11:12:08.543 [info] > git show --textconv :.gitignore [14ms]
2025-04-22 11:12:08.545 [info] > git ls-files --stage -- .gitignore [2ms]
2025-04-22 11:12:08.557 [info] > git cat-file -s 62c893550adb53d3a8fc29a1584ff831cb829062 [2ms]
2025-04-22 11:12:09.414 [info] > git config --get commit.template [19ms]
2025-04-22 11:12:09.418 [info] > git for-each-ref --format=%(refname)%00%(upstream:short)%00%(objectname)%00%(upstream:track)%00%(upstream:remotename)%00%(upstream:remoteref) refs/heads/issue-10-poc-git-based-recipe-versioning refs/remotes/issue-10-poc-git-based-recipe-versioning [5ms]
2025-04-22 11:12:09.456 [info] > git status -z -uall [19ms]
2025-04-22 11:12:09.458 [info] > git for-each-ref --sort -committerdate --format %(refname)%00%(objectname)%00%(*objectname) [2ms]
2025-04-22 11:24:40.473 [info] > git show --textconv :local.docker-compose.yml [17ms]
2025-04-22 11:24:40.474 [info] > git ls-files --stage -- local.docker-compose.yml [2ms]
2025-04-22 11:24:40.490 [info] > git cat-file -s b8c1208f106e2939a579ad174141aeb9f134ac08 [2ms]
2025-04-22 11:24:46.047 [info] > git show --textconv :local.Dockerfile [13ms]
2025-04-22 11:24:46.048 [info] > git ls-files --stage -- local.Dockerfile [2ms]
2025-04-22 11:24:46.061 [info] > git cat-file -s 169c6aa67022c69f4e3f95cc04ad9cc11b51d62b [2ms]
2025-04-22 11:24:48.848 [info] > git show --textconv :local.docker-compose.yml [14ms]
2025-04-22 11:24:48.849 [info] > git ls-files --stage -- local.docker-compose.yml [2ms]
2025-04-22 11:24:48.864 [info] > git cat-file -s b8c1208f106e2939a579ad174141aeb9f134ac08 [3ms]
2025-04-22 11:24:51.561 [info] > git show --textconv :local.Dockerfile [15ms]
2025-04-22 11:24:51.562 [info] > git ls-files --stage -- local.Dockerfile [1ms]
2025-04-22 11:24:51.578 [info] > git cat-file -s 169c6aa67022c69f4e3f95cc04ad9cc11b51d62b [2ms]
2025-04-22 11:25:45.998 [info] > git show --textconv :start-dev.sh [17ms]
2025-04-22 11:25:45.999 [info] > git ls-files --stage -- start-dev.sh [2ms]
2025-04-22 11:25:46.015 [info] > git cat-file -s eea9a750693bd74af7c2e2c6f874b21bc1227b6f [2ms]
2025-04-22 11:25:57.040 [info] > git config --get commit.template [15ms]
2025-04-22 11:25:57.042 [info] > git for-each-ref --format=%(refname)%00%(upstream:short)%00%(objectname)%00%(upstream:track)%00%(upstream:remotename)%00%(upstream:remoteref) refs/heads/issue-10-poc-git-based-recipe-versioning refs/remotes/issue-10-poc-git-based-recipe-versioning [2ms]
2025-04-22 11:25:57.072 [info] > git status -z -uall [16ms]
2025-04-22 11:25:57.074 [info] > git for-each-ref --sort -committerdate --format %(refname)%00%(objectname)%00%(*objectname) [3ms]
2025-04-22 11:35:51.091 [info] > git config --get commit.template [16ms]
2025-04-22 11:35:51.106 [info] > git ls-files --stage -- start-dev.sh [19ms]
2025-04-22 11:35:51.119 [info] > git for-each-ref --format=%(refname)%00%(upstream:short)%00%(objectname)%00%(upstream:track)%00%(upstream:remotename)%00%(upstream:remoteref) refs/heads/issue-10-poc-git-based-recipe-versioning refs/remotes/issue-10-poc-git-based-recipe-versioning [14ms]
2025-04-22 11:35:51.145 [info] > git status -z -uall [13ms]
2025-04-22 11:35:51.146 [info] > git cat-file -s 0a2ddeaf68b5e6b7a3727ed8a0a0ffcfb8a98187 [27ms]
2025-04-22 11:35:51.146 [info] > git for-each-ref --sort -committerdate --format %(refname)%00%(objectname)%00%(*objectname) [2ms]
2025-04-22 11:35:51.178 [info] > git blame --root --incremental d819bf1359eb5767ce6134b4814d9b5375a90910 -- start-dev.sh [16ms]
2025-04-22 11:35:51.192 [info] > git merge-base refs/heads/issue-10-poc-git-based-recipe-versioning refs/remotes/origin/issue-10-poc-git-based-recipe-versioning [15ms]
2025-04-22 11:35:51.205 [info] > git show --textconv :start-dev.sh [15ms]
2025-04-22 11:35:51.205 [info] > git diff --name-status -z --diff-filter=ADMR d819bf1359eb5767ce6134b4814d9b5375a90910...refs/remotes/origin/issue-10-poc-git-based-recipe-versioning [1ms]
2025-04-22 11:35:56.212 [info] > git config --get commit.template [15ms]
2025-04-22 11:35:56.213 [info] > git for-each-ref --format=%(refname)%00%(upstream:short)%00%(objectname)%00%(upstream:track)%00%(upstream:remotename)%00%(upstream:remoteref) refs/heads/issue-10-poc-git-based-recipe-versioning refs/remotes/issue-10-poc-git-based-recipe-versioning [2ms]
2025-04-22 11:35:56.244 [info] > git status -z -uall [16ms]
2025-04-22 11:35:56.245 [info] > git for-each-ref --sort -committerdate --format %(refname)%00%(objectname)%00%(*objectname) [2ms]
2025-04-22 11:36:38.645 [info] > git check-ignore -v -z --stdin [2ms]
2025-04-22 11:36:40.684 [info] > git check-ignore -v -z --stdin [2ms]
2025-04-22 13:11:55.492 [info] > git check-ignore -v -z --stdin [2ms]
2025-04-22 13:12:01.494 [info] > git check-ignore -v -z --stdin [2ms]
2025-04-22 13:12:18.199 [info] > git config --get commit.template [18ms]
2025-04-22 13:12:18.200 [info] > git for-each-ref --format=%(refname)%00%(upstream:short)%00%(objectname)%00%(upstream:track)%00%(upstream:remotename)%00%(upstream:remoteref) refs/heads/issue-10-poc-git-based-recipe-versioning refs/remotes/issue-10-poc-git-based-recipe-versioning [1ms]
2025-04-22 13:12:18.241 [info] > git status -z -uall [21ms]
2025-04-22 13:12:18.242 [info] > git for-each-ref --sort -committerdate --format %(refname)%00%(objectname)%00%(*objectname) [2ms]
2025-04-22 13:12:23.281 [info] > git config --get commit.template [15ms]
2025-04-22 13:12:23.283 [info] > git for-each-ref --format=%(refname)%00%(upstream:short)%00%(objectname)%00%(upstream:track)%00%(upstream:remotename)%00%(upstream:remoteref) refs/heads/issue-10-poc-git-based-recipe-versioning refs/remotes/issue-10-poc-git-based-recipe-versioning [3ms]
2025-04-22 13:12:23.313 [info] > git status -z -uall [15ms]
2025-04-22 13:12:23.315 [info] > git for-each-ref --sort -committerdate --format %(refname)%00%(objectname)%00%(*objectname) [2ms]
2025-04-22 13:13:49.522 [info] > git config --get commit.template [15ms]
2025-04-22 13:13:49.523 [info] > git for-each-ref --format=%(refname)%00%(upstream:short)%00%(objectname)%00%(upstream:track)%00%(upstream:remotename)%00%(upstream:remoteref) refs/heads/issue-10-poc-git-based-recipe-versioning refs/remotes/issue-10-poc-git-based-recipe-versioning [2ms]
2025-04-22 13:13:49.553 [info] > git status -z -uall [15ms]
2025-04-22 13:13:49.555 [info] > git for-each-ref --sort -committerdate --format %(refname)%00%(objectname)%00%(*objectname) [3ms]
2025-04-22 13:15:03.084 [info] > git config --get commit.template [15ms]
2025-04-22 13:15:03.087 [info] > git for-each-ref --format=%(refname)%00%(upstream:short)%00%(objectname)%00%(upstream:track)%00%(upstream:remotename)%00%(upstream:remoteref) refs/heads/issue-10-poc-git-based-recipe-versioning refs/remotes/issue-10-poc-git-based-recipe-versioning [3ms]
2025-04-22 13:15:03.116 [info] > git status -z -uall [15ms]
2025-04-22 13:15:03.118 [info] > git for-each-ref --sort -committerdate --format %(refname)%00%(objectname)%00%(*objectname) [2ms]
2025-04-22 13:15:32.200 [info] > git config --get commit.template [21ms]
2025-04-22 13:15:32.201 [info] > git for-each-ref --format=%(refname)%00%(upstream:short)%00%(objectname)%00%(upstream:track)%00%(upstream:remotename)%00%(upstream:remoteref) refs/heads/issue-10-poc-git-based-recipe-versioning refs/remotes/issue-10-poc-git-based-recipe-versioning [2ms]
2025-04-22 13:15:32.239 [info] > git status -z -uall [17ms]
2025-04-22 13:15:32.239 [info] > git for-each-ref --sort -committerdate --format %(refname)%00%(objectname)%00%(*objectname) [2ms]
2025-04-22 13:16:30.554 [info] > git config --get commit.template [15ms]
2025-04-22 13:16:30.555 [info] > git for-each-ref --format=%(refname)%00%(upstream:short)%00%(objectname)%00%(upstream:track)%00%(upstream:remotename)%00%(upstream:remoteref) refs/heads/issue-10-poc-git-based-recipe-versioning refs/remotes/issue-10-poc-git-based-recipe-versioning [2ms]
2025-04-22 13:16:30.585 [info] > git status -z -uall [15ms]
2025-04-22 13:16:30.586 [info] > git for-each-ref --sort -committerdate --format %(refname)%00%(objectname)%00%(*objectname) [2ms]
2025-04-22 13:17:26.849 [info] > git config --get commit.template [22ms]
2025-04-22 13:17:26.850 [info] > git for-each-ref --format=%(refname)%00%(upstream:short)%00%(objectname)%00%(upstream:track)%00%(upstream:remotename)%00%(upstream:remoteref) refs/heads/issue-10-poc-git-based-recipe-versioning refs/remotes/issue-10-poc-git-based-recipe-versioning [2ms]
2025-04-22 13:17:26.881 [info] > git status -z -uall [14ms]
2025-04-22 13:17:26.881 [info] > git for-each-ref --sort -committerdate --format %(refname)%00%(objectname)%00%(*objectname) [2ms]
2025-04-22 13:19:18.726 [info] > git config --get commit.template [18ms]
2025-04-22 13:19:18.726 [info] > git for-each-ref --format=%(refname)%00%(upstream:short)%00%(objectname)%00%(upstream:track)%00%(upstream:remotename)%00%(upstream:remoteref) refs/heads/issue-10-poc-git-based-recipe-versioning refs/remotes/issue-10-poc-git-based-recipe-versioning [2ms]
2025-04-22 13:19:18.761 [info] > git status -z -uall [16ms]
2025-04-22 13:19:18.762 [info] > git for-each-ref --sort -committerdate --format %(refname)%00%(objectname)%00%(*objectname) [2ms]
2025-04-22 13:20:04.794 [info] > git config --get commit.template [20ms]
2025-04-22 13:20:04.795 [info] > git for-each-ref --format=%(refname)%00%(upstream:short)%00%(objectname)%00%(upstream:track)%00%(upstream:remotename)%00%(upstream:remoteref) refs/heads/issue-10-poc-git-based-recipe-versioning refs/remotes/issue-10-poc-git-based-recipe-versioning [2ms]
2025-04-22 13:20:04.842 [info] > git status -z -uall [24ms]
2025-04-22 13:20:04.844 [info] > git for-each-ref --sort -committerdate --format %(refname)%00%(objectname)%00%(*objectname) [3ms]
2025-04-22 13:20:09.083 [info] > git check-ignore -v -z --stdin [4ms]
2025-04-22 13:20:12.386 [info] > git check-ignore -v -z --stdin [2ms]
2025-04-22 13:21:58.501 [info] > git check-ignore -v -z --stdin [2ms]
2025-04-22 13:22:38.434 [info] > git config --get commit.template [23ms]
2025-04-22 13:22:38.434 [info] > git for-each-ref --format=%(refname)%00%(upstream:short)%00%(objectname)%00%(upstream:track)%00%(upstream:remotename)%00%(upstream:remoteref) refs/heads/issue-10-poc-git-based-recipe-versioning refs/remotes/issue-10-poc-git-based-recipe-versioning [1ms]
2025-04-22 13:22:38.478 [info] > git status -z -uall [26ms]
2025-04-22 13:22:38.480 [info] > git for-each-ref --sort -committerdate --format %(refname)%00%(objectname)%00%(*objectname) [3ms]
2025-04-22 13:22:45.506 [info] > git check-ignore -v -z --stdin [2ms]
2025-04-22 13:22:51.126 [info] > git config --get commit.template [23ms]
2025-04-22 13:22:51.129 [info] > git for-each-ref --format=%(refname)%00%(upstream:short)%00%(objectname)%00%(upstream:track)%00%(upstream:remotename)%00%(upstream:remoteref) refs/heads/issue-10-poc-git-based-recipe-versioning refs/remotes/issue-10-poc-git-based-recipe-versioning [5ms]
2025-04-22 13:22:51.173 [info] > git status -z -uall [20ms]
2025-04-22 13:22:51.174 [info] > git for-each-ref --sort -committerdate --format %(refname)%00%(objectname)%00%(*objectname) [1ms]
2025-04-22 13:22:54.714 [info] > git check-ignore -v -z --stdin [2ms]
2025-04-22 13:22:56.144 [info] > git check-ignore -v -z --stdin [2ms]
2025-04-22 13:23:05.552 [info] > git check-ignore -v -z --stdin [2ms]
2025-04-22 13:24:13.750 [info] > git config --get commit.template [15ms]
2025-04-22 13:24:13.751 [info] > git for-each-ref --format=%(refname)%00%(upstream:short)%00%(objectname)%00%(upstream:track)%00%(upstream:remotename)%00%(upstream:remoteref) refs/heads/issue-10-poc-git-based-recipe-versioning refs/remotes/issue-10-poc-git-based-recipe-versioning [2ms]
2025-04-22 13:24:13.782 [info] > git status -z -uall [15ms]
2025-04-22 13:24:13.783 [info] > git for-each-ref --sort -committerdate --format %(refname)%00%(objectname)%00%(*objectname) [2ms]
2025-04-22 13:25:28.443 [info] > git show --textconv :local.docker-compose.yml [14ms]
2025-04-22 13:25:28.443 [info] > git ls-files --stage -- local.docker-compose.yml [1ms]
2025-04-22 13:25:28.452 [info] > git cat-file -s 8790ce8442f6a38185f190ceeee590c8c709f9aa [1ms]
2025-04-22 13:25:28.470 [info] > git blame --root --incremental d819bf1359eb5767ce6134b4814d9b5375a90910 -- local.docker-compose.yml [1ms]
2025-04-22 13:25:29.157 [info] > git show --textconv :local.Dockerfile [18ms]
2025-04-22 13:25:29.158 [info] > git ls-files --stage -- local.Dockerfile [2ms]
2025-04-22 13:25:29.171 [info] > git cat-file -s 23b7f7765bc5a3ede5ecac20932f9f4673d0690c [1ms]
2025-04-22 13:25:29.190 [info] > git blame --root --incremental d819bf1359eb5767ce6134b4814d9b5375a90910 -- local.Dockerfile [1ms]
2025-04-22 13:25:30.888 [info] > git show --textconv :local.docker-compose.yml [14ms]
2025-04-22 13:25:30.889 [info] > git ls-files --stage -- local.docker-compose.yml [1ms]
2025-04-22 13:25:30.906 [info] > git cat-file -s 8790ce8442f6a38185f190ceeee590c8c709f9aa [2ms]
2025-04-22 13:25:33.351 [info] > git show --textconv :start-dev.sh [19ms]
2025-04-22 13:25:33.352 [info] > git ls-files --stage -- start-dev.sh [2ms]
2025-04-22 13:25:33.367 [info] > git cat-file -s 0a2ddeaf68b5e6b7a3727ed8a0a0ffcfb8a98187 [2ms]
2025-04-22 13:28:23.004 [info] > git check-ignore -v -z --stdin [1ms]
2025-04-22 13:35:11.151 [info] > git config --get commit.template [20ms]
2025-04-22 13:35:11.152 [info] > git for-each-ref --format=%(refname)%00%(upstream:short)%00%(objectname)%00%(upstream:track)%00%(upstream:remotename)%00%(upstream:remoteref) refs/heads/issue-10-poc-git-based-recipe-versioning refs/remotes/issue-10-poc-git-based-recipe-versioning [2ms]
2025-04-22 13:35:11.191 [info] > git status -z -uall [18ms]
2025-04-22 13:35:11.192 [info] > git for-each-ref --sort -committerdate --format %(refname)%00%(objectname)%00%(*objectname) [1ms]
2025-04-22 13:35:40.709 [info] > git config --get commit.template [17ms]
2025-04-22 13:35:40.710 [info] > git for-each-ref --format=%(refname)%00%(upstream:short)%00%(objectname)%00%(upstream:track)%00%(upstream:remotename)%00%(upstream:remoteref) refs/heads/issue-10-poc-git-based-recipe-versioning refs/remotes/issue-10-poc-git-based-recipe-versioning [2ms]
2025-04-22 13:35:40.753 [info] > git status -z -uall [24ms]
2025-04-22 13:35:40.753 [info] > git for-each-ref --sort -committerdate --format %(refname)%00%(objectname)%00%(*objectname) [3ms]
2025-04-22 13:36:04.491 [info] > git config --get commit.template [18ms]
2025-04-22 13:36:04.492 [info] > git for-each-ref --format=%(refname)%00%(upstream:short)%00%(objectname)%00%(upstream:track)%00%(upstream:remotename)%00%(upstream:remoteref) refs/heads/issue-10-poc-git-based-recipe-versioning refs/remotes/issue-10-poc-git-based-recipe-versioning [2ms]
2025-04-22 13:36:04.535 [info] > git status -z -uall [20ms]
2025-04-22 13:36:04.536 [info] > git for-each-ref --sort -committerdate --format %(refname)%00%(objectname)%00%(*objectname) [2ms]
2025-04-22 13:36:33.446 [info] > git config --get commit.template [18ms]
2025-04-22 13:36:33.449 [info] > git for-each-ref --format=%(refname)%00%(upstream:short)%00%(objectname)%00%(upstream:track)%00%(upstream:remotename)%00%(upstream:remoteref) refs/heads/issue-10-poc-git-based-recipe-versioning refs/remotes/issue-10-poc-git-based-recipe-versioning [4ms]
2025-04-22 13:36:33.490 [info] > git status -z -uall [23ms]
2025-04-22 13:36:33.491 [info] > git for-each-ref --sort -committerdate --format %(refname)%00%(objectname)%00%(*objectname) [2ms]
2025-04-22 13:41:14.074 [info] > git config --get commit.template [2ms]
2025-04-22 13:41:14.092 [info] > git for-each-ref --format=%(refname)%00%(upstream:short)%00%(objectname)%00%(upstream:track)%00%(upstream:remotename)%00%(upstream:remoteref) refs/heads/issue-10-poc-git-based-recipe-versioning refs/remotes/issue-10-poc-git-based-recipe-versioning [2ms]
2025-04-22 13:41:14.121 [info] > git status -z -uall [14ms]
2025-04-22 13:41:14.122 [info] > git for-each-ref --sort -committerdate --format %(refname)%00%(objectname)%00%(*objectname) [1ms]
2025-04-22 13:41:19.606 [info] > git config --get commit.template [16ms]
2025-04-22 13:41:19.607 [info] > git for-each-ref --format=%(refname)%00%(upstream:short)%00%(objectname)%00%(upstream:track)%00%(upstream:remotename)%00%(upstream:remoteref) refs/heads/issue-10-poc-git-based-recipe-versioning refs/remotes/issue-10-poc-git-based-recipe-versioning [2ms]
2025-04-22 13:41:19.641 [info] > git status -z -uall [17ms]
2025-04-22 13:41:19.642 [info] > git for-each-ref --sort -committerdate --format %(refname)%00%(objectname)%00%(*objectname) [2ms]
2025-04-22 13:43:11.089 [info] > git config --get commit.template [18ms]
2025-04-22 13:43:11.090 [info] > git for-each-ref --format=%(refname)%00%(upstream:short)%00%(objectname)%00%(upstream:track)%00%(upstream:remotename)%00%(upstream:remoteref) refs/heads/issue-10-poc-git-based-recipe-versioning refs/remotes/issue-10-poc-git-based-recipe-versioning [2ms]
2025-04-22 13:43:11.124 [info] > git status -z -uall [17ms]
2025-04-22 13:43:11.124 [info] > git for-each-ref --sort -committerdate --format %(refname)%00%(objectname)%00%(*objectname) [1ms]
2025-04-22 13:43:22.768 [info] > git check-ignore -v -z --stdin [2ms]
2025-04-22 13:43:23.416 [info] > git show --textconv :backend/git-repos/1745354580460/recipe.md [23ms]
2025-04-22 13:43:23.417 [warning] [GitFileSystemProvider][readFile] File not found - git:/home/hofbr/GitProjects/gitgrub/backend/git-repos/1745354580460/recipe.md.git?%7B%22path%22%3A%22%2Fhome%2Fhofbr%2FGitProjects%2Fgitgrub%2Fbackend%2Fgit-repos%2F1745354580460%2Frecipe.md%22%2C%22ref%22%3A%22%22%7D
2025-04-22 13:43:23.418 [info] > git ls-files --stage -- backend/git-repos/1745354580460/recipe.md [3ms]
2025-04-22 13:43:23.418 [warning] [GitFileSystemProvider][stat] File not found - git:/home/hofbr/GitProjects/gitgrub/backend/git-repos/1745354580460/recipe.md.git?%7B%22path%22%3A%22%2Fhome%2Fhofbr%2FGitProjects%2Fgitgrub%2Fbackend%2Fgit-repos%2F1745354580460%2Frecipe.md%22%2C%22ref%22%3A%22%22%7D
2025-04-22 13:44:21.034 [info] > git config --get commit.template [17ms]
2025-04-22 13:44:21.035 [info] > git for-each-ref --format=%(refname)%00%(upstream:short)%00%(objectname)%00%(upstream:track)%00%(upstream:remotename)%00%(upstream:remoteref) refs/heads/issue-10-poc-git-based-recipe-versioning refs/remotes/issue-10-poc-git-based-recipe-versioning [2ms]
2025-04-22 13:44:21.070 [info] > git status -z -uall [17ms]
2025-04-22 13:44:21.071 [info] > git for-each-ref --sort -committerdate --format %(refname)%00%(objectname)%00%(*objectname) [2ms]
2025-04-22 13:44:29.271 [info] > git check-ignore -v -z --stdin [1ms]
2025-04-22 13:44:35.118 [info] > git blame --root --incremental d819bf1359eb5767ce6134b4814d9b5375a90910 -- backend/git-repos/1745354580460/recipe.md [3ms]
2025-04-22 13:44:35.118 [info] fatal: no such path backend/git-repos/1745354580460/recipe.md in d819bf1359eb5767ce6134b4814d9b5375a90910
2025-04-22 13:45:19.013 [info] > git config --get commit.template [15ms]
2025-04-22 13:45:19.015 [info] > git for-each-ref --format=%(refname)%00%(upstream:short)%00%(objectname)%00%(upstream:track)%00%(upstream:remotename)%00%(upstream:remoteref) refs/heads/issue-10-poc-git-based-recipe-versioning refs/remotes/issue-10-poc-git-based-recipe-versioning [2ms]
2025-04-22 13:45:19.045 [info] > git status -z -uall [14ms]
2025-04-22 13:45:19.046 [info] > git for-each-ref --sort -committerdate --format %(refname)%00%(objectname)%00%(*objectname) [2ms]
2025-04-22 13:46:30.973 [info] > git show --textconv :.gitignore [11ms]
2025-04-22 13:46:30.974 [info] > git ls-files --stage -- .gitignore [2ms]
2025-04-22 13:46:30.982 [info] > git cat-file -s 62c893550adb53d3a8fc29a1584ff831cb829062 [1ms]
2025-04-22 13:46:31.007 [info] > git blame --root --incremental d819bf1359eb5767ce6134b4814d9b5375a90910 -- .gitignore [5ms]
2025-04-22 13:46:39.311 [info] > git check-ignore -v -z --stdin [2ms]
2025-04-22 13:48:26.890 [info] > git config --get commit.template [19ms]
2025-04-22 13:48:26.891 [info] > git for-each-ref --format=%(refname)%00%(upstream:short)%00%(objectname)%00%(upstream:track)%00%(upstream:remotename)%00%(upstream:remoteref) refs/heads/issue-10-poc-git-based-recipe-versioning refs/remotes/issue-10-poc-git-based-recipe-versioning [2ms]
2025-04-22 13:48:26.930 [info] > git status -z -uall [19ms]
2025-04-22 13:48:26.931 [info] > git for-each-ref --sort -committerdate --format %(refname)%00%(objectname)%00%(*objectname) [2ms]
2025-04-22 13:48:31.954 [info] > git config --get commit.template [2ms]
2025-04-22 13:48:31.970 [info] > git for-each-ref --format=%(refname)%00%(upstream:short)%00%(objectname)%00%(upstream:track)%00%(upstream:remotename)%00%(upstream:remoteref) refs/heads/issue-10-poc-git-based-recipe-versioning refs/remotes/issue-10-poc-git-based-recipe-versioning [2ms]
2025-04-22 13:48:31.989 [info] > git status -z -uall [8ms]
2025-04-22 13:48:31.989 [info] > git for-each-ref --sort -committerdate --format %(refname)%00%(objectname)%00%(*objectname) [1ms]
2025-04-22 13:48:32.136 [info] > git check-ignore -v -z --stdin [1ms]
2025-04-22 13:48:38.665 [info] > git config --get commit.template [16ms]
2025-04-22 13:48:38.666 [info] > git for-each-ref --format=%(refname)%00%(upstream:short)%00%(objectname)%00%(upstream:track)%00%(upstream:remotename)%00%(upstream:remoteref) refs/heads/issue-10-poc-git-based-recipe-versioning refs/remotes/issue-10-poc-git-based-recipe-versioning [2ms]
2025-04-22 13:48:38.698 [info] > git status -z -uall [17ms]
2025-04-22 13:48:38.700 [info] > git for-each-ref --sort -committerdate --format %(refname)%00%(objectname)%00%(*objectname) [2ms]
2025-04-22 13:49:39.658 [info] > git config --get commit.template [19ms]
2025-04-22 13:49:39.659 [info] > git for-each-ref --format=%(refname)%00%(upstream:short)%00%(objectname)%00%(upstream:track)%00%(upstream:remotename)%00%(upstream:remoteref) refs/heads/issue-10-poc-git-based-recipe-versioning refs/remotes/issue-10-poc-git-based-recipe-versioning [1ms]
2025-04-22 13:49:39.691 [info] > git status -z -uall [15ms]
2025-04-22 13:49:39.692 [info] > git for-each-ref --sort -committerdate --format %(refname)%00%(objectname)%00%(*objectname) [2ms]
2025-04-22 13:49:39.722 [info] > git merge-base refs/heads/issue-10-poc-git-based-recipe-versioning refs/remotes/origin/issue-10-poc-git-based-recipe-versioning [3ms]
2025-04-22 13:49:39.742 [info] > git diff --name-status -z --diff-filter=ADMR dadc8a9492ceccf504e3c9e528f58afee6c7dd9e...refs/remotes/origin/issue-10-poc-git-based-recipe-versioning [2ms]
2025-04-22 13:50:57.310 [info] > git config --get commit.template [16ms]
2025-04-22 13:50:57.310 [info] > git for-each-ref --format=%(refname)%00%(upstream:short)%00%(objectname)%00%(upstream:track)%00%(upstream:remotename)%00%(upstream:remoteref) refs/heads/issue-10-poc-git-based-recipe-versioning refs/remotes/issue-10-poc-git-based-recipe-versioning [1ms]
2025-04-22 13:50:57.346 [info] > git status -z -uall [18ms]
2025-04-22 13:50:57.347 [info] > git for-each-ref --sort -committerdate --format %(refname)%00%(objectname)%00%(*objectname) [2ms]
2025-04-22 15:16:48.592 [info] > git show --textconv :frontend/README.md [13ms]
2025-04-22 15:16:48.593 [info] > git ls-files --stage -- frontend/README.md [2ms]
2025-04-22 15:16:48.610 [info] > git cat-file -s 7059a962adb0138b65dd10e0aee66ccfe984b8c6 [2ms]
2025-04-22 15:16:50.781 [info] > git show --textconv :frontend/package.json [16ms]
2025-04-22 15:16:50.782 [info] > git ls-files --stage -- frontend/package.json [1ms]
2025-04-22 15:16:50.797 [info] > git cat-file -s 6cb8d6a5eb014bc2dca734db1b5a7852f3df0a91 [1ms]
2025-04-22 15:16:50.819 [info] > git blame --root --incremental dadc8a9492ceccf504e3c9e528f58afee6c7dd9e -- frontend/package.json [4ms]
2025-04-22 15:16:51.387 [info] > git show --textconv :frontend/package-lock.json [9ms]
2025-04-22 15:16:51.388 [info] > git ls-files --stage -- frontend/package-lock.json [1ms]
2025-04-22 15:16:51.403 [info] > git cat-file -s 22cfd54aa3dd1c786fa6a313a3e24642bae16df4 [1ms]
2025-04-22 15:16:56.291 [info] > git show --textconv :frontend/README.md [11ms]
2025-04-22 15:16:56.292 [info] > git ls-files --stage -- frontend/README.md [1ms]
2025-04-22 15:16:56.306 [info] > git cat-file -s 7059a962adb0138b65dd10e0aee66ccfe984b8c6 [1ms]
2025-04-22 15:16:57.641 [info] > git show --textconv :frontend/package.json [11ms]
2025-04-22 15:16:57.642 [info] > git ls-files --stage -- frontend/package.json [2ms]
2025-04-22 15:16:57.655 [info] > git cat-file -s 6cb8d6a5eb014bc2dca734db1b5a7852f3df0a91 [5ms]
2025-04-22 15:16:58.385 [info] > git show --textconv :frontend/package-lock.json [10ms]
2025-04-22 15:16:58.389 [info] > git ls-files --stage -- frontend/package-lock.json [5ms]
2025-04-22 15:16:58.403 [info] > git cat-file -s 22cfd54aa3dd1c786fa6a313a3e24642bae16df4 [4ms]
2025-04-22 15:17:00.512 [info] > git show --textconv :frontend/README.md [16ms]
2025-04-22 15:17:00.513 [info] > git ls-files --stage -- frontend/README.md [2ms]
2025-04-22 15:17:00.526 [info] > git cat-file -s 7059a962adb0138b65dd10e0aee66ccfe984b8c6 [4ms]
2025-04-22 21:21:13.868 [info] > git blame --root --incremental dadc8a9492ceccf504e3c9e528f58afee6c7dd9e -- frontend/README.md [2ms]
2025-04-22 21:21:16.055 [info] > git show --textconv :docs/traditional_database_eer_diagram.md [19ms]
2025-04-22 21:21:16.057 [info] > git ls-files --stage -- docs/traditional_database_eer_diagram.md [2ms]
2025-04-22 21:21:16.072 [info] > git cat-file -s 4c5a7c4d6808a874f7b58f0f6c98fef4e67c04f9 [1ms]
2025-04-22 21:21:16.092 [info] > git blame --root --incremental dadc8a9492ceccf504e3c9e528f58afee6c7dd9e -- docs/traditional_database_eer_diagram.md [4ms]
2025-04-22 21:21:19.173 [info] > git show --textconv :README.md [12ms]
2025-04-22 21:21:19.174 [info] > git ls-files --stage -- README.md [2ms]
2025-04-22 21:21:19.187 [info] > git cat-file -s 6433729492d3896dbb2d56276c11cfb387220434 [2ms]
2025-04-22 21:21:20.030 [info] > git show --textconv :.gitignore [10ms]
2025-04-22 21:21:20.032 [info] > git ls-files --stage -- .gitignore [2ms]
2025-04-22 21:21:20.043 [info] > git cat-file -s a547bf36d8d11a4f89c59c144f24795749086dd1 [1ms]
2025-04-22 21:21:20.116 [info] > git blame --root --incremental dadc8a9492ceccf504e3c9e528f58afee6c7dd9e -- .gitignore [1ms]
2025-04-23 23:47:18.131 [info] > git show --textconv :README.md [17ms]
2025-04-23 23:47:18.132 [info] > git ls-files --stage -- README.md [2ms]
2025-04-23 23:47:18.146 [info] > git cat-file -s 6433729492d3896dbb2d56276c11cfb387220434 [1ms]
2025-04-23 23:47:34.164 [info] > git show --textconv :README.md [15ms]
2025-04-23 23:47:34.166 [info] > git ls-files --stage -- README.md [4ms]
2025-04-23 23:47:34.182 [info] > git cat-file -s 6433729492d3896dbb2d56276c11cfb387220434 [4ms]
2025-04-23 23:47:34.239 [info] > git blame --root --incremental dadc8a9492ceccf504e3c9e528f58afee6c7dd9e -- README.md [1ms]
2025-04-23 23:53:49.738 [info] > git config --get commit.template [15ms]
2025-04-23 23:53:49.739 [info] > git for-each-ref --format=%(refname)%00%(upstream:short)%00%(objectname)%00%(upstream:track)%00%(upstream:remotename)%00%(upstream:remoteref) refs/heads/issue-10-poc-git-based-recipe-versioning refs/remotes/issue-10-poc-git-based-recipe-versioning [2ms]
2025-04-23 23:53:49.768 [info] > git status -z -uall [15ms]
2025-04-23 23:53:49.769 [info] > git for-each-ref --sort -committerdate --format %(refname)%00%(objectname)%00%(*objectname) [2ms]
2025-04-23 23:56:56.485 [info] > git config --get commit.template [1ms]
2025-04-23 23:56:56.500 [info] > git for-each-ref --format=%(refname)%00%(upstream:short)%00%(objectname)%00%(upstream:track)%00%(upstream:remotename)%00%(upstream:remoteref) refs/heads/issue-10-poc-git-based-recipe-versioning refs/remotes/issue-10-poc-git-based-recipe-versioning [1ms]
2025-04-23 23:56:56.526 [info] > git status -z -uall [12ms]
2025-04-23 23:56:56.527 [info] > git for-each-ref --sort -committerdate --format %(refname)%00%(objectname)%00%(*objectname) [1ms]
2025-04-23 23:58:35.378 [info] > git config --get commit.template [13ms]
2025-04-23 23:58:35.393 [info] > git ls-files --stage -- README.md [16ms]
2025-04-23 23:58:35.406 [info] > git for-each-ref --format=%(refname)%00%(upstream:short)%00%(objectname)%00%(upstream:track)%00%(upstream:remotename)%00%(upstream:remoteref) refs/heads/issue-10-poc-git-based-recipe-versioning refs/remotes/issue-10-poc-git-based-recipe-versioning [14ms]
2025-04-23 23:58:35.427 [info] > git status -z -uall [12ms]
2025-04-23 23:58:35.428 [info] > git cat-file -s b2a1bd53f98433bab62f7a0aa607a2deca3d6474 [23ms]
2025-04-23 23:58:35.428 [info] > git for-each-ref --sort -committerdate --format %(refname)%00%(objectname)%00%(*objectname) [2ms]
2025-04-23 23:58:35.450 [info] > git blame --root --incremental de8b549439ee322333af97db1ca0a4f508bb100e -- README.md [9ms]
2025-04-23 23:58:35.463 [info] > git merge-base refs/heads/issue-10-poc-git-based-recipe-versioning refs/remotes/origin/issue-10-poc-git-based-recipe-versioning [14ms]
2025-04-23 23:58:35.472 [info] > git show --textconv :README.md [10ms]
2025-04-23 23:58:35.475 [info] > git diff --name-status -z --diff-filter=ADMR de8b549439ee322333af97db1ca0a4f508bb100e...refs/remotes/origin/issue-10-poc-git-based-recipe-versioning [5ms]
2025-04-23 23:58:40.484 [info] > git config --get commit.template [15ms]
2025-04-23 23:58:40.486 [info] > git for-each-ref --format=%(refname)%00%(upstream:short)%00%(objectname)%00%(upstream:track)%00%(upstream:remotename)%00%(upstream:remoteref) refs/heads/issue-10-poc-git-based-recipe-versioning refs/remotes/issue-10-poc-git-based-recipe-versioning [2ms]
2025-04-23 23:58:40.514 [info] > git status -z -uall [13ms]
2025-04-23 23:58:40.514 [info] > git for-each-ref --sort -committerdate --format %(refname)%00%(objectname)%00%(*objectname) [1ms]
2025-04-23 23:58:53.894 [info] > git show --textconv :frontend/eslint.config.js [19ms]
2025-04-23 23:58:53.895 [info] > git ls-files --stage -- frontend/eslint.config.js [2ms]
2025-04-23 23:58:53.910 [info] > git cat-file -s ec2b712d301e7ddeca8327fc4b967069cc82047b [1ms]
2025-04-23 23:58:55.284 [info] > git show --textconv :frontend/index.html [15ms]
2025-04-23 23:58:55.284 [info] > git ls-files --stage -- frontend/index.html [1ms]
2025-04-23 23:58:55.296 [info] > git cat-file -s 0c589eccd4d48e270e161a1ab91baee5e5f4b4bc [1ms]
2025-04-23 23:58:55.767 [info] > git show --textconv :frontend/package-lock.json [16ms]
2025-04-23 23:58:55.769 [info] > git ls-files --stage -- frontend/package-lock.json [3ms]
2025-04-23 23:58:55.784 [info] > git cat-file -s 22cfd54aa3dd1c786fa6a313a3e24642bae16df4 [1ms]
2025-04-23 23:59:06.533 [info] > git show --textconv :frontend/src/services/recipeService.js [20ms]
2025-04-23 23:59:06.535 [info] > git ls-files --stage -- frontend/src/services/recipeService.js [2ms]
2025-04-23 23:59:06.547 [info] > git cat-file -s e6e435399f9e838a854a09b272c3a1f6c66aa701 [1ms]
2025-04-23 23:59:06.568 [info] > git blame --root --incremental de8b549439ee322333af97db1ca0a4f508bb100e -- frontend/src/services/recipeService.js [2ms]
2025-04-23 23:59:10.988 [info] > git show --textconv :frontend/src/App.jsx [15ms]
2025-04-23 23:59:10.988 [info] > git ls-files --stage -- frontend/src/App.jsx [1ms]
2025-04-23 23:59:11.008 [info] > git cat-file -s 4cb1a85c78675b33e4465b1b17099a3649744623 [3ms]
2025-04-23 23:59:11.031 [info] > git blame --root --incremental de8b549439ee322333af97db1ca0a4f508bb100e -- frontend/src/App.jsx [5ms]
2025-04-23 23:59:14.019 [info] > git show --textconv :frontend/src/index.css [20ms]
2025-04-23 23:59:14.020 [info] > git ls-files --stage -- frontend/src/index.css [2ms]
2025-04-23 23:59:14.036 [info] > git cat-file -s 08a3ac9e1e5c44ce374f782d7c4fa3aa70e4c1ff [2ms]
2025-04-23 23:59:15.038 [info] > git show --textconv :frontend/src/main.jsx [17ms]
2025-04-23 23:59:15.039 [info] > git ls-files --stage -- frontend/src/main.jsx [1ms]
2025-04-23 23:59:15.055 [info] > git cat-file -s b9a1a6deac8775b5598874b2bc3c7971d82cf211 [1ms]
2025-04-23 23:59:17.132 [info] > git show --textconv :frontend/src/index.css [16ms]
2025-04-23 23:59:17.133 [info] > git ls-files --stage -- frontend/src/index.css [2ms]
2025-04-23 23:59:17.142 [info] > git cat-file -s 08a3ac9e1e5c44ce374f782d7c4fa3aa70e4c1ff [1ms]
2025-04-23 23:59:17.639 [info] > git show --textconv :frontend/src/App.jsx [16ms]
2025-04-23 23:59:17.640 [info] > git ls-files --stage -- frontend/src/App.jsx [2ms]
2025-04-23 23:59:17.660 [info] > git cat-file -s 4cb1a85c78675b33e4465b1b17099a3649744623 [3ms]
2025-04-23 23:59:18.326 [info] > git show --textconv :frontend/src/App.css [13ms]
2025-04-23 23:59:18.327 [info] > git ls-files --stage -- frontend/src/App.css [2ms]
2025-04-23 23:59:18.339 [info] > git cat-file -s b9d355df2a5956b526c004531b7b0ffe412461e0 [1ms]
2025-04-23 23:59:28.594 [info] > git show --textconv :docs/user_requirements.md [17ms]
2025-04-23 23:59:28.595 [info] > git ls-files --stage -- docs/user_requirements.md [2ms]
2025-04-23 23:59:28.615 [info] > git cat-file -s 021a87c1705a4e43ec216b43d6e1beac7be2336b [3ms]
2025-04-23 23:59:28.635 [info] > git blame --root --incremental de8b549439ee322333af97db1ca0a4f508bb100e -- docs/user_requirements.md [1ms]
2025-04-23 23:59:29.211 [info] > git show --textconv :docs/vision_and_requirements.md [15ms]
2025-04-23 23:59:29.212 [info] > git ls-files --stage -- docs/vision_and_requirements.md [1ms]
2025-04-23 23:59:29.231 [info] > git cat-file -s 0c1726c9fa8d87c82358214f3271af752756fd23 [2ms]
2025-04-23 23:59:40.803 [info] > git show --textconv :docs/user_requirements.md [15ms]
2025-04-23 23:59:40.804 [info] > git ls-files --stage -- docs/user_requirements.md [1ms]
2025-04-23 23:59:40.819 [info] > git cat-file -s 021a87c1705a4e43ec216b43d6e1beac7be2336b [1ms]
2025-04-23 23:59:41.513 [info] > git show --textconv :docs/vision_and_requirements.md [23ms]
2025-04-23 23:59:41.515 [info] > git ls-files --stage -- docs/vision_and_requirements.md [4ms]
2025-04-23 23:59:41.533 [info] > git cat-file -s 0c1726c9fa8d87c82358214f3271af752756fd23 [2ms]
2025-04-24 00:00:11.097 [info] > git show --textconv :frontend/src/services/recipeService.js [17ms]
2025-04-24 00:00:11.098 [info] > git ls-files --stage -- frontend/src/services/recipeService.js [1ms]
2025-04-24 00:00:11.115 [info] > git cat-file -s e6e435399f9e838a854a09b272c3a1f6c66aa701 [2ms]
2025-04-24 00:00:13.438 [info] > git show --textconv :frontend/src/App.jsx [15ms]
2025-04-24 00:00:13.439 [info] > git ls-files --stage -- frontend/src/App.jsx [1ms]
2025-04-24 00:00:13.454 [info] > git cat-file -s 4cb1a85c78675b33e4465b1b17099a3649744623 [1ms]
2025-04-24 00:00:15.169 [info] > git show --textconv :frontend/src/main.jsx [13ms]
2025-04-24 00:00:15.171 [info] > git ls-files --stage -- frontend/src/main.jsx [2ms]
2025-04-24 00:00:15.183 [info] > git cat-file -s b9a1a6deac8775b5598874b2bc3c7971d82cf211 [2ms]
2025-04-24 00:00:32.510 [info] > git show --textconv :backend/package-lock.json [19ms]
2025-04-24 00:00:32.512 [info] > git ls-files --stage -- backend/package-lock.json [4ms]
2025-04-24 00:00:32.530 [info] > git cat-file -s c04538f33a21d8769c3481d36a4a13d2894330c3 [2ms]
2025-04-24 00:00:34.187 [info] > git show --textconv :backend/package.json [14ms]
2025-04-24 00:00:34.190 [info] > git ls-files --stage -- backend/package.json [4ms]
2025-04-24 00:00:34.210 [info] > git cat-file -s f32b994114c443b7a047086a4debffe7308d7c3c [3ms]
2025-04-24 00:00:34.229 [info] > git blame --root --incremental de8b549439ee322333af97db1ca0a4f508bb100e -- backend/package.json [2ms]
2025-04-24 00:00:36.217 [info] > git show --textconv :backend/server.js [19ms]
2025-04-24 00:00:36.217 [info] > git ls-files --stage -- backend/server.js [1ms]
2025-04-24 00:00:36.235 [info] > git cat-file -s b01cafdd74f64af2a2d148534a316d5e7f8203a9 [2ms]
2025-04-24 00:00:36.262 [info] > git blame --root --incremental de8b549439ee322333af97db1ca0a4f508bb100e -- backend/server.js [2ms]
2025-04-24 00:03:39.531 [info] > git config --get commit.template [15ms]
2025-04-24 00:03:39.532 [info] > git for-each-ref --format=%(refname)%00%(upstream:short)%00%(objectname)%00%(upstream:track)%00%(upstream:remotename)%00%(upstream:remoteref) refs/heads/issue-10-poc-git-based-recipe-versioning refs/remotes/issue-10-poc-git-based-recipe-versioning [2ms]
2025-04-24 00:03:39.563 [info] > git status -z -uall [15ms]
2025-04-24 00:03:39.565 [info] > git for-each-ref --sort -committerdate --format %(refname)%00%(objectname)%00%(*objectname) [3ms]
2025-04-24 00:04:55.066 [info] > git config --get commit.template [15ms]
2025-04-24 00:04:55.078 [info] > git ls-files --stage -- backend/server.js [13ms]
2025-04-24 00:04:55.095 [info] > git for-each-ref --format=%(refname)%00%(upstream:short)%00%(objectname)%00%(upstream:track)%00%(upstream:remotename)%00%(upstream:remoteref) refs/heads/issue-10-poc-git-based-recipe-versioning refs/remotes/issue-10-poc-git-based-recipe-versioning [18ms]
2025-04-24 00:04:55.128 [info] > git status -z -uall [17ms]
2025-04-24 00:04:55.129 [info] > git cat-file -s b683c0d290d869552f2bf4f2264a5599f2bfcef2 [35ms]
2025-04-24 00:04:55.129 [info] > git for-each-ref --sort -committerdate --format %(refname)%00%(objectname)%00%(*objectname) [1ms]
2025-04-24 00:04:55.166 [info] > git blame --root --incremental 7ee837ae9d22550d52e4a6f91229398a19619ed0 -- backend/server.js [18ms]
2025-04-24 00:04:55.181 [info] > git merge-base refs/heads/issue-10-poc-git-based-recipe-versioning refs/remotes/origin/issue-10-poc-git-based-recipe-versioning [16ms]
2025-04-24 00:04:55.189 [info] > git show --textconv :backend/server.js [9ms]
2025-04-24 00:04:55.190 [info] > git diff --name-status -z --diff-filter=ADMR de8b549439ee322333af97db1ca0a4f508bb100e...refs/remotes/origin/issue-10-poc-git-based-recipe-versioning [2ms]
2025-04-24 00:04:57.512 [info] > git ls-files --stage -- backend/server.js [2ms]
2025-04-24 00:04:57.530 [info] > git cat-file -s b683c0d290d869552f2bf4f2264a5599f2bfcef2 [2ms]
2025-04-24 00:04:57.555 [info] > git show --textconv :backend/server.js [3ms]
2025-04-24 00:05:00.199 [info] > git config --get commit.template [16ms]
2025-04-24 00:05:00.200 [info] > git for-each-ref --format=%(refname)%00%(upstream:short)%00%(objectname)%00%(upstream:track)%00%(upstream:remotename)%00%(upstream:remoteref) refs/heads/issue-10-poc-git-based-recipe-versioning refs/remotes/issue-10-poc-git-based-recipe-versioning [2ms]
2025-04-24 00:05:00.231 [info] > git status -z -uall [15ms]
2025-04-24 00:05:00.233 [info] > git for-each-ref --sort -committerdate --format %(refname)%00%(objectname)%00%(*objectname) [2ms]
2025-04-24 00:05:00.258 [info] > git merge-base refs/heads/issue-10-poc-git-based-recipe-versioning refs/remotes/origin/issue-10-poc-git-based-recipe-versioning [3ms]
2025-04-24 00:05:00.275 [info] > git diff --name-status -z --diff-filter=ADMR 7ee837ae9d22550d52e4a6f91229398a19619ed0...refs/remotes/origin/issue-10-poc-git-based-recipe-versioning [2ms]
2025-04-24 00:05:02.153 [info] > git show --textconv :frontend/README.md [17ms]
2025-04-24 00:05:02.154 [info] > git ls-files --stage -- frontend/README.md [2ms]
2025-04-24 00:05:02.173 [info] > git cat-file -s 7059a962adb0138b65dd10e0aee66ccfe984b8c6 [3ms]
2025-04-24 00:05:02.201 [info] > git blame --root --incremental 7ee837ae9d22550d52e4a6f91229398a19619ed0 -- frontend/README.md [5ms]
2025-04-24 00:05:07.417 [info] > git show --textconv :docs/api.md [17ms]
2025-04-24 00:05:07.419 [info] > git ls-files --stage -- docs/api.md [3ms]
2025-04-24 00:05:07.438 [info] > git cat-file -s f324b8dcc027f1ae7248822ec83d84c881e707f0 [1ms]
2025-04-24 00:05:07.458 [info] > git blame --root --incremental 7ee837ae9d22550d52e4a6f91229398a19619ed0 -- docs/api.md [1ms]
2025-04-24 00:07:53.594 [info] > git config --get commit.template [14ms]
2025-04-24 00:07:53.595 [info] > git for-each-ref --format=%(refname)%00%(upstream:short)%00%(objectname)%00%(upstream:track)%00%(upstream:remotename)%00%(upstream:remoteref) refs/heads/issue-10-poc-git-based-recipe-versioning refs/remotes/issue-10-poc-git-based-recipe-versioning [2ms]
2025-04-24 00:07:53.622 [info] > git status -z -uall [14ms]
2025-04-24 00:07:53.624 [info] > git for-each-ref --sort -committerdate --format %(refname)%00%(objectname)%00%(*objectname) [3ms]
2025-04-24 00:09:27.140 [info] > git config --get commit.template [16ms]
2025-04-24 00:09:27.141 [info] > git for-each-ref --format=%(refname)%00%(upstream:short)%00%(objectname)%00%(upstream:track)%00%(upstream:remotename)%00%(upstream:remoteref) refs/heads/issue-10-poc-git-based-recipe-versioning refs/remotes/issue-10-poc-git-based-recipe-versioning [3ms]
2025-04-24 00:09:27.175 [info] > git status -z -uall [18ms]
2025-04-24 00:09:27.177 [info] > git for-each-ref --sort -committerdate --format %(refname)%00%(objectname)%00%(*objectname) [2ms]
2025-04-24 00:11:54.463 [info] > git config --get commit.template [1ms]
2025-04-24 00:11:54.495 [info] > git ls-files --stage -- docs/api.md [15ms]
2025-04-24 00:11:54.508 [info] > git for-each-ref --format=%(refname)%00%(upstream:short)%00%(objectname)%00%(upstream:track)%00%(upstream:remotename)%00%(upstream:remoteref) refs/heads/issue-10-poc-git-based-recipe-versioning refs/remotes/issue-10-poc-git-based-recipe-versioning [14ms]
2025-04-24 00:11:54.531 [info] > git status -z -uall [12ms]
2025-04-24 00:11:54.531 [info] > git cat-file -s 239c638010c32d3ec99e849cb980bc2150926c5c [23ms]
2025-04-24 00:11:54.539 [info] > git for-each-ref --sort -committerdate --format %(refname)%00%(objectname)%00%(*objectname) [9ms]
2025-04-24 00:11:54.564 [info] > git show --textconv :docs/api.md [25ms]
2025-04-24 00:11:54.565 [info] > git blame --root --incremental 7f56670b2c93915b2f881526b083963e1776b7a3 -- docs/api.md [13ms]
2025-04-24 00:11:54.566 [info] > git merge-base refs/heads/issue-10-poc-git-based-recipe-versioning refs/remotes/origin/issue-10-poc-git-based-recipe-versioning [2ms]
2025-04-24 00:11:54.576 [info] > git diff --name-status -z --diff-filter=ADMR 7f56670b2c93915b2f881526b083963e1776b7a3...refs/remotes/origin/issue-10-poc-git-based-recipe-versioning [2ms]
2025-04-24 00:12:01.832 [info] > git config --get commit.template [12ms]
2025-04-24 00:12:01.833 [info] > git for-each-ref --format=%(refname)%00%(upstream:short)%00%(objectname)%00%(upstream:track)%00%(upstream:remotename)%00%(upstream:remoteref) refs/heads/issue-10-poc-git-based-recipe-versioning refs/remotes/issue-10-poc-git-based-recipe-versioning [1ms]
2025-04-24 00:12:01.857 [info] > git status -z -uall [15ms]
2025-04-24 00:12:01.861 [info] > git for-each-ref --sort -committerdate --format %(refname)%00%(objectname)%00%(*objectname) [5ms]
2025-04-24 00:12:05.213 [info] > git show --textconv :backend/server.js [19ms]
2025-04-24 00:12:05.215 [info] > git ls-files --stage -- backend/server.js [2ms]
2025-04-24 00:12:05.231 [info] > git cat-file -s b683c0d290d869552f2bf4f2264a5599f2bfcef2 [2ms]
2025-04-24 00:12:05.262 [info] > git blame --root --incremental 7f56670b2c93915b2f881526b083963e1776b7a3 -- backend/server.js [2ms]
2025-04-24 00:12:36.789 [info] > git config --get commit.template [15ms]
2025-04-24 00:12:36.790 [info] > git for-each-ref --format=%(refname)%00%(upstream:short)%00%(objectname)%00%(upstream:track)%00%(upstream:remotename)%00%(upstream:remoteref) refs/heads/issue-10-poc-git-based-recipe-versioning refs/remotes/issue-10-poc-git-based-recipe-versioning [2ms]
2025-04-24 00:12:36.819 [info] > git status -z -uall [13ms]
2025-04-24 00:12:36.820 [info] > git for-each-ref --sort -committerdate --format %(refname)%00%(objectname)%00%(*objectname) [1ms]
2025-04-24 00:12:37.535 [info] > git log --format=%H%n%aN%n%aE%n%at%n%ct%n%P%n%D%n%B -z --shortstat --diff-merges=first-parent -n50 --skip=0 --topo-order --decorate=full --stdin [8ms]
2025-04-24 00:12:39.782 [info] > git show --textconv HEAD:backend/server.js [14ms]
2025-04-24 00:12:39.782 [info] > git ls-tree -l HEAD -- backend/server.js [1ms]
2025-04-24 00:15:52.629 [info] > git ls-tree -l HEAD -- backend/server.js [2ms]
2025-04-24 00:15:57.722 [info] > git config --get commit.template [13ms]
2025-04-24 00:15:57.723 [info] > git for-each-ref --format=%(refname)%00%(upstream:short)%00%(objectname)%00%(upstream:track)%00%(upstream:remotename)%00%(upstream:remoteref) refs/heads/issue-10-poc-git-based-recipe-versioning refs/remotes/issue-10-poc-git-based-recipe-versioning [2ms]
2025-04-24 00:15:57.748 [info] > git status -z -uall [13ms]
2025-04-24 00:15:57.750 [info] > git for-each-ref --sort -committerdate --format %(refname)%00%(objectname)%00%(*objectname) [3ms]
2025-04-24 00:16:10.491 [info] > git ls-tree -l HEAD -- backend/server.js [1ms]
2025-04-24 00:16:18.575 [info] > git show --textconv :frontend/src/App.css [16ms]
2025-04-24 00:16:18.576 [info] > git ls-files --stage -- frontend/src/App.css [1ms]
2025-04-24 00:16:18.587 [info] > git cat-file -s b9d355df2a5956b526c004531b7b0ffe412461e0 [2ms]
2025-04-24 00:16:19.045 [info] > git show --textconv :frontend/src/services/recipeService.js [20ms]
2025-04-24 00:16:19.046 [info] > git ls-files --stage -- frontend/src/services/recipeService.js [2ms]
2025-04-24 00:16:19.066 [info] > git cat-file -s e6e435399f9e838a854a09b272c3a1f6c66aa701 [3ms]
2025-04-24 00:16:19.166 [info] > git blame --root --incremental 7f56670b2c93915b2f881526b083963e1776b7a3 -- frontend/src/services/recipeService.js [4ms]
2025-04-24 00:16:32.815 [info] > git config --get commit.template [16ms]
2025-04-24 00:16:32.816 [info] > git for-each-ref --format=%(refname)%00%(upstream:short)%00%(objectname)%00%(upstream:track)%00%(upstream:remotename)%00%(upstream:remoteref) refs/heads/issue-10-poc-git-based-recipe-versioning refs/remotes/issue-10-poc-git-based-recipe-versioning [2ms]
2025-04-24 00:16:32.847 [info] > git status -z -uall [16ms]
2025-04-24 00:16:32.849 [info] > git for-each-ref --sort -committerdate --format %(refname)%00%(objectname)%00%(*objectname) [3ms]
2025-04-24 00:16:39.570 [info] > git config --get commit.template [1ms]
2025-04-24 00:16:39.587 [info] > git for-each-ref --format=%(refname)%00%(upstream:short)%00%(objectname)%00%(upstream:track)%00%(upstream:remotename)%00%(upstream:remoteref) refs/heads/issue-10-poc-git-based-recipe-versioning refs/remotes/issue-10-poc-git-based-recipe-versioning [2ms]
2025-04-24 00:16:39.618 [info] > git status -z -uall [15ms]
2025-04-24 00:16:39.619 [info] > git for-each-ref --sort -committerdate --format %(refname)%00%(objectname)%00%(*objectname) [2ms]
2025-04-24 00:17:42.299 [info] > git config --get commit.template [18ms]
2025-04-24 00:17:42.300 [info] > git for-each-ref --format=%(refname)%00%(upstream:short)%00%(objectname)%00%(upstream:track)%00%(upstream:remotename)%00%(upstream:remoteref) refs/heads/issue-10-poc-git-based-recipe-versioning refs/remotes/issue-10-poc-git-based-recipe-versioning [2ms]
2025-04-24 00:17:42.333 [info] > git status -z -uall [15ms]
2025-04-24 00:17:42.334 [info] > git for-each-ref --sort -committerdate --format %(refname)%00%(objectname)%00%(*objectname) [1ms]
2025-04-24 00:17:50.030 [info] > git check-ignore -v -z --stdin [2ms]
2025-04-24 00:18:00.813 [info] > git config --get commit.template [15ms]
2025-04-24 00:18:00.815 [info] > git for-each-ref --format=%(refname)%00%(upstream:short)%00%(objectname)%00%(upstream:track)%00%(upstream:remotename)%00%(upstream:remoteref) refs/heads/issue-10-poc-git-based-recipe-versioning refs/remotes/issue-10-poc-git-based-recipe-versioning [2ms]
2025-04-24 00:18:00.843 [info] > git status -z -uall [13ms]
2025-04-24 00:18:00.844 [info] > git for-each-ref --sort -committerdate --format %(refname)%00%(objectname)%00%(*objectname) [2ms]
2025-04-24 00:22:23.437 [info] > git show --textconv :frontend/src/App.jsx [16ms]
2025-04-24 00:22:23.438 [info] > git ls-files --stage -- frontend/src/App.jsx [1ms]
2025-04-24 00:22:23.454 [info] > git cat-file -s 4cb1a85c78675b33e4465b1b17099a3649744623 [1ms]
2025-04-24 00:22:23.522 [info] > git blame --root --incremental 7f56670b2c93915b2f881526b083963e1776b7a3 -- frontend/src/App.jsx [3ms]
2025-04-24 00:23:17.044 [info] > git config --get commit.template [16ms]
2025-04-24 00:23:17.045 [info] > git for-each-ref --format=%(refname)%00%(upstream:short)%00%(objectname)%00%(upstream:track)%00%(upstream:remotename)%00%(upstream:remoteref) refs/heads/issue-10-poc-git-based-recipe-versioning refs/remotes/issue-10-poc-git-based-recipe-versioning [2ms]
2025-04-24 00:23:17.074 [info] > git status -z -uall [17ms]
2025-04-24 00:23:17.075 [info] > git for-each-ref --sort -committerdate --format %(refname)%00%(objectname)%00%(*objectname) [2ms]
2025-04-24 00:23:57.466 [info] > git show --textconv :frontend/src/components/recipes/RecipeList.jsx [17ms]
2025-04-24 00:23:57.468 [info] > git ls-files --stage -- frontend/src/components/recipes/RecipeList.jsx [2ms]
2025-04-24 00:23:57.486 [info] > git cat-file -s 7950350f7c38a75f4fea62f72e3155d65fd041a1 [2ms]
2025-04-24 00:23:57.569 [info] > git blame --root --incremental 7f56670b2c93915b2f881526b083963e1776b7a3 -- frontend/src/components/recipes/RecipeList.jsx [2ms]
2025-04-24 00:25:12.281 [info] > git config --get commit.template [15ms]
2025-04-24 00:25:12.283 [info] > git for-each-ref --format=%(refname)%00%(upstream:short)%00%(objectname)%00%(upstream:track)%00%(upstream:remotename)%00%(upstream:remoteref) refs/heads/issue-10-poc-git-based-recipe-versioning refs/remotes/issue-10-poc-git-based-recipe-versioning [2ms]
2025-04-24 00:25:12.313 [info] > git status -z -uall [15ms]
2025-04-24 00:25:12.315 [info] > git for-each-ref --sort -committerdate --format %(refname)%00%(objectname)%00%(*objectname) [3ms]
2025-04-24 00:25:22.801 [info] > git config --get commit.template [16ms]
2025-04-24 00:25:22.802 [info] > git for-each-ref --format=%(refname)%00%(upstream:short)%00%(objectname)%00%(upstream:track)%00%(upstream:remotename)%00%(upstream:remoteref) refs/heads/issue-10-poc-git-based-recipe-versioning refs/remotes/issue-10-poc-git-based-recipe-versioning [2ms]
2025-04-24 00:25:22.832 [info] > git status -z -uall [15ms]
2025-04-24 00:25:22.834 [info] > git for-each-ref --sort -committerdate --format %(refname)%00%(objectname)%00%(*objectname) [3ms]
2025-04-24 00:25:46.437 [info] > git show --textconv :backend/server.js [13ms]
2025-04-24 00:25:46.438 [info] > git ls-files --stage -- backend/server.js [1ms]
2025-04-24 00:25:46.453 [info] > git cat-file -s b683c0d290d869552f2bf4f2264a5599f2bfcef2 [2ms]
2025-04-24 00:25:53.798 [info] > git show --textconv :frontend/src/services/recipeService.js [16ms]
2025-04-24 00:25:53.799 [info] > git ls-files --stage -- frontend/src/services/recipeService.js [2ms]
2025-04-24 00:25:53.815 [info] > git cat-file -s e6e435399f9e838a854a09b272c3a1f6c66aa701 [2ms]
2025-04-24 00:26:05.989 [info] > git config --get commit.template [19ms]
2025-04-24 00:26:05.990 [info] > git for-each-ref --format=%(refname)%00%(upstream:short)%00%(objectname)%00%(upstream:track)%00%(upstream:remotename)%00%(upstream:remoteref) refs/heads/issue-10-poc-git-based-recipe-versioning refs/remotes/issue-10-poc-git-based-recipe-versioning [2ms]
2025-04-24 00:26:06.016 [info] > git status -z -uall [12ms]
2025-04-24 00:26:06.017 [info] > git for-each-ref --sort -committerdate --format %(refname)%00%(objectname)%00%(*objectname) [1ms]
2025-04-24 00:26:37.946 [info] > git log --format=%H%n%aN%n%aE%n%at%n%ct%n%P%n%D%n%B -z --shortstat --diff-merges=first-parent -n50 --skip=0 --topo-order --decorate=full --stdin [8ms]
2025-04-24 00:26:41.388 [info] > git show --textconv HEAD:frontend/src/App.jsx [21ms]
2025-04-24 00:26:41.390 [info] > git ls-tree -l HEAD -- frontend/src/App.jsx [3ms]
2025-04-24 00:26:49.462 [info] > git ls-tree -l HEAD -- frontend/src/App.jsx [8ms]
2025-04-24 00:27:33.362 [info] > git ls-tree -l HEAD -- frontend/src/App.jsx [2ms]
2025-04-24 00:27:57.673 [info] > git config --get commit.template [18ms]
2025-04-24 00:27:57.675 [info] > git for-each-ref --format=%(refname)%00%(upstream:short)%00%(objectname)%00%(upstream:track)%00%(upstream:remotename)%00%(upstream:remoteref) refs/heads/issue-10-poc-git-based-recipe-versioning refs/remotes/issue-10-poc-git-based-recipe-versioning [3ms]
2025-04-24 00:27:57.710 [info] > git status -z -uall [18ms]
2025-04-24 00:27:57.712 [info] > git for-each-ref --sort -committerdate --format %(refname)%00%(objectname)%00%(*objectname) [2ms]
2025-04-24 00:27:58.771 [info] > git ls-tree -l HEAD -- frontend/src/App.jsx [2ms]
2025-04-24 00:28:02.180 [info] > git show --textconv HEAD:frontend/src/components/recipes/RecipeList.jsx [17ms]
2025-04-24 00:28:02.181 [info] > git ls-tree -l HEAD -- frontend/src/components/recipes/RecipeList.jsx [2ms]
2025-04-24 00:28:07.196 [info] > git ls-tree -l HEAD -- frontend/src/components/recipes/RecipeList.jsx [2ms]
2025-04-24 00:29:16.416 [info] > git ls-tree -l HEAD -- frontend/src/components/recipes/RecipeList.jsx [1ms]
2025-04-24 00:29:17.917 [info] > git ls-tree -l HEAD -- frontend/src/App.jsx [3ms]
2025-04-24 00:29:56.326 [info] > git ls-tree -l HEAD -- frontend/src/App.jsx [1ms]
2025-04-24 00:30:13.929 [info] > git ls-tree -l HEAD -- frontend/src/App.jsx [2ms]
2025-04-24 00:30:14.344 [info] > git ls-tree -l HEAD -- frontend/src/App.jsx [6ms]
2025-04-24 00:30:15.070 [info] > git config --get commit.template [15ms]
2025-04-24 00:30:15.071 [info] > git for-each-ref --format=%(refname)%00%(upstream:short)%00%(objectname)%00%(upstream:track)%00%(upstream:remotename)%00%(upstream:remoteref) refs/heads/issue-10-poc-git-based-recipe-versioning refs/remotes/issue-10-poc-git-based-recipe-versioning [1ms]
2025-04-24 00:30:15.108 [info] > git status -z -uall [19ms]
2025-04-24 00:30:15.111 [info] > git for-each-ref --sort -committerdate --format %(refname)%00%(objectname)%00%(*objectname) [5ms]
2025-04-24 00:30:56.812 [info] > git config --get commit.template [19ms]
2025-04-24 00:30:56.813 [info] > git ls-tree -l HEAD -- frontend/src/App.jsx [2ms]
2025-04-24 00:30:56.829 [info] > git for-each-ref --format=%(refname)%00%(upstream:short)%00%(objectname)%00%(upstream:track)%00%(upstream:remotename)%00%(upstream:remoteref) refs/heads/issue-10-poc-git-based-recipe-versioning refs/remotes/issue-10-poc-git-based-recipe-versioning [2ms]
2025-04-24 00:30:56.863 [info] > git status -z -uall [17ms]
2025-04-24 00:30:56.864 [info] > git for-each-ref --sort -committerdate --format %(refname)%00%(objectname)%00%(*objectname) [3ms]
2025-04-24 00:31:00.310 [info] > git show --textconv :frontend/src/App.jsx [19ms]
2025-04-24 00:31:00.311 [info] > git ls-files --stage -- frontend/src/App.jsx [1ms]
2025-04-24 00:31:00.328 [info] > git cat-file -s 4cb1a85c78675b33e4465b1b17099a3649744623 [2ms]
2025-04-24 00:31:02.077 [info] > git log --format=%H%n%aN%n%aE%n%at%n%ct%n%P%n%D%n%B -z --shortstat --diff-merges=first-parent -n50 --skip=0 --topo-order --decorate=full --stdin [6ms]
2025-04-24 00:31:03.605 [info] > git ls-tree -l HEAD -- frontend/src/App.jsx [7ms]
2025-04-24 00:31:05.191 [info] > git ls-tree -l HEAD -- frontend/src/components/recipes/RecipeList.jsx [4ms]
2025-04-24 00:31:51.131 [info] > git ls-tree -l HEAD -- frontend/src/components/recipes/RecipeList.jsx [3ms]
2025-04-24 00:32:07.874 [info] > git ls-tree -l HEAD -- frontend/src/components/recipes/RecipeList.jsx [2ms]
2025-04-24 00:32:16.878 [info] > git ls-tree -l HEAD -- frontend/src/components/recipes/RecipeList.jsx [1ms]
2025-04-24 00:32:41.850 [info] > git ls-tree -l HEAD -- frontend/src/components/recipes/RecipeList.jsx [2ms]
2025-04-24 00:32:48.189 [info] > git config --get commit.template [19ms]
2025-04-24 00:32:48.192 [info] > git for-each-ref --format=%(refname)%00%(upstream:short)%00%(objectname)%00%(upstream:track)%00%(upstream:remotename)%00%(upstream:remoteref) refs/heads/issue-10-poc-git-based-recipe-versioning refs/remotes/issue-10-poc-git-based-recipe-versioning [5ms]
2025-04-24 00:32:48.222 [info] > git status -z -uall [18ms]
2025-04-24 00:32:48.223 [info] > git for-each-ref --sort -committerdate --format %(refname)%00%(objectname)%00%(*objectname) [1ms]
2025-04-24 00:34:15.232 [info] > git config --get commit.template [14ms]
2025-04-24 00:34:15.244 [info] > git ls-tree -l HEAD -- frontend/src/components/recipes/RecipeList.jsx [12ms]
2025-04-24 00:34:15.244 [info] > git for-each-ref --format=%(refname)%00%(upstream:short)%00%(objectname)%00%(upstream:track)%00%(upstream:remotename)%00%(upstream:remoteref) refs/heads/issue-10-poc-git-based-recipe-versioning refs/remotes/issue-10-poc-git-based-recipe-versioning [1ms]
2025-04-24 00:34:15.269 [info] > git status -z -uall [14ms]
2025-04-24 00:34:15.270 [info] > git for-each-ref --sort -committerdate --format %(refname)%00%(objectname)%00%(*objectname) [1ms]
2025-04-24 00:34:19.624 [info] > git show --textconv :frontend/src/App.jsx [17ms]
2025-04-24 00:34:19.625 [info] > git ls-files --stage -- frontend/src/App.jsx [2ms]
2025-04-24 00:34:19.643 [info] > git cat-file -s 4cb1a85c78675b33e4465b1b17099a3649744623 [3ms]
2025-04-24 00:36:04.931 [info] > git config --get commit.template [15ms]
2025-04-24 00:36:04.932 [info] > git for-each-ref --format=%(refname)%00%(upstream:short)%00%(objectname)%00%(upstream:track)%00%(upstream:remotename)%00%(upstream:remoteref) refs/heads/issue-10-poc-git-based-recipe-versioning refs/remotes/issue-10-poc-git-based-recipe-versioning [1ms]
2025-04-24 00:36:04.963 [info] > git status -z -uall [16ms]
2025-04-24 00:36:04.963 [info] > git for-each-ref --sort -committerdate --format %(refname)%00%(objectname)%00%(*objectname) [2ms]
2025-04-24 00:36:06.877 [info] > git log --format=%H%n%aN%n%aE%n%at%n%ct%n%P%n%D%n%B -z --shortstat --diff-merges=first-parent -n50 --skip=0 --topo-order --decorate=full --stdin [7ms]
2025-04-24 00:36:09.344 [info] > git show --textconv HEAD:frontend/src/services/recipeService.js [19ms]
2025-04-24 00:36:09.345 [info] > git ls-tree -l HEAD -- frontend/src/services/recipeService.js [1ms]
2025-04-24 00:37:05.298 [info] > git ls-tree -l HEAD -- frontend/src/services/recipeService.js [3ms]
2025-04-24 00:37:10.129 [info] > git ls-tree -l HEAD -- backend/server.js [6ms]
2025-04-24 00:37:36.434 [info] > git show --textconv :docs/api.md [14ms]
2025-04-24 00:37:36.435 [info] > git ls-files --stage -- docs/api.md [1ms]
2025-04-24 00:37:36.448 [info] > git cat-file -s 239c638010c32d3ec99e849cb980bc2150926c5c [2ms]
2025-04-24 00:37:54.370 [info] > git log --format=%H%n%aN%n%aE%n%at%n%ct%n%P%n%D%n%B -z --shortstat --diff-merges=first-parent -n50 --skip=0 --topo-order --decorate=full --stdin [6ms]
2025-04-24 00:37:55.959 [info] > git ls-tree -l HEAD -- backend/server.js [4ms]
2025-04-24 00:38:08.263 [info] > git ls-tree -l HEAD -- frontend/src/App.jsx [3ms]
2025-04-24 00:38:44.520 [info] > git config --get commit.template [16ms]
2025-04-24 00:38:44.520 [info] > git for-each-ref --format=%(refname)%00%(upstream:short)%00%(objectname)%00%(upstream:track)%00%(upstream:remotename)%00%(upstream:remoteref) refs/heads/issue-10-poc-git-based-recipe-versioning refs/remotes/issue-10-poc-git-based-recipe-versioning [1ms]
2025-04-24 00:38:44.556 [info] > git status -z -uall [19ms]
2025-04-24 00:38:44.557 [info] > git for-each-ref --sort -committerdate --format %(refname)%00%(objectname)%00%(*objectname) [1ms]
2025-04-24 00:38:44.657 [info] > git ls-tree -l HEAD -- frontend/src/components/recipes/RecipeList.jsx [4ms]
2025-04-24 00:39:05.133 [info] > git ls-tree -l HEAD -- frontend/src/services/recipeService.js [21ms]
2025-04-24 00:39:05.137 [info] > git config --get commit.template [5ms]
2025-04-24 00:39:05.154 [info] > git for-each-ref --format=%(refname)%00%(upstream:short)%00%(objectname)%00%(upstream:track)%00%(upstream:remotename)%00%(upstream:remoteref) refs/heads/issue-10-poc-git-based-recipe-versioning refs/remotes/issue-10-poc-git-based-recipe-versioning [3ms]
2025-04-24 00:39:05.182 [info] > git status -z -uall [15ms]
2025-04-24 00:39:05.183 [info] > git for-each-ref --sort -committerdate --format %(refname)%00%(objectname)%00%(*objectname) [2ms]
2025-04-24 00:39:43.573 [info] > git ls-tree -l HEAD -- frontend/src/services/recipeService.js [1ms]
2025-04-24 00:39:44.750 [info] > git ls-tree -l HEAD -- frontend/src/components/recipes/RecipeList.jsx [4ms]
2025-04-24 00:39:55.983 [info] > git ls-tree -l HEAD -- frontend/src/components/recipes/RecipeList.jsx [1ms]
2025-04-24 00:39:59.894 [info] > git ls-tree -l HEAD -- backend/server.js [5ms]
2025-04-24 10:10:25.213 [info] > git ls-tree -l HEAD -- backend/server.js [6ms]
