2025-04-21 07:55:51.667 [info] [main] Log level: Info
2025-04-21 07:55:51.667 [info] [main] Validating found git in: "git"
2025-04-21 07:55:51.667 [info] [main] Using git "2.39.5" from "git"
2025-04-21 07:55:51.667 [info] [Model][doInitialScan] Initial repository scan started
2025-04-21 07:55:51.667 [info] > git rev-parse --show-toplevel [12ms]
2025-04-21 07:55:51.667 [info] > git rev-parse --git-dir --git-common-dir [2ms]
2025-04-21 07:55:51.667 [info] [Model][openRepository] Opened repository: /home/hofbr/GitProjects/gitgrub
2025-04-21 07:55:51.680 [info] > git rev-parse --show-toplevel [2ms]
2025-04-21 07:55:51.680 [info] > git config --get commit.template [9ms]
2025-04-21 07:55:51.695 [info] > git rev-parse --show-toplevel [10ms]
2025-04-21 07:55:51.695 [info] [Model][doInitialScan] Initial repository scan completed - repositories (1), closed repositories (0), parent repositories (0), unsafe repositories (0)
2025-04-21 07:55:51.695 [info] > git for-each-ref --format=%(refname)%00%(upstream:short)%00%(objectname)%00%(upstream:track)%00%(upstream:remotename)%00%(upstream:remoteref) refs/heads/main refs/remotes/main [2ms]
2025-04-21 07:55:51.711 [info] > git status -z -uall [8ms]
2025-04-21 07:55:51.712 [info] > git for-each-ref --sort -committerdate --format %(refname)%00%(objectname)%00%(*objectname) [2ms]
2025-04-21 07:55:51.738 [info] > git for-each-ref --format=%(refname)%00%(upstream:short)%00%(objectname)%00%(upstream:track)%00%(upstream:remotename)%00%(upstream:remoteref) refs/heads/main refs/remotes/main [10ms]
2025-04-21 07:55:51.746 [info] > git config --get commit.template [8ms]
2025-04-21 07:55:51.747 [info] > git config --get --local branch.main.vscode-merge-base [2ms]
2025-04-21 07:55:51.778 [info] > git for-each-ref --format=%(refname)%00%(upstream:short)%00%(objectname)%00%(upstream:track)%00%(upstream:remotename)%00%(upstream:remoteref) refs/heads/main refs/remotes/main [20ms]
2025-04-21 07:55:51.778 [info] > git for-each-ref --format=%(refname)%00%(upstream:short)%00%(objectname)%00%(upstream:track)%00%(upstream:remotename)%00%(upstream:remoteref) refs/heads/origin/main refs/remotes/origin/main [24ms]
2025-04-21 07:55:51.790 [info] > git merge-base refs/heads/main refs/remotes/origin/main [2ms]
2025-04-21 07:55:51.800 [info] > git diff --name-status -z --diff-filter=ADMR f2c69589ef800bfdaaf76784b566fc9ce8010c2b...refs/remotes/origin/main [6ms]
2025-04-21 07:55:51.810 [info] > git status -z -uall [5ms]
2025-04-21 07:55:51.811 [info] > git for-each-ref --sort -committerdate --format %(refname)%00%(objectname)%00%(*objectname) [2ms]
2025-04-21 07:55:52.012 [info] > git show --textconv :docs/eer_diagram.md [9ms]
2025-04-21 07:55:52.013 [info] > git ls-files --stage -- docs/eer_diagram.md [3ms]
2025-04-21 07:55:52.020 [info] > git cat-file -s 0ae9ae812e7f6e6137a1518cadd1796282f30166 [2ms]
2025-04-21 07:55:52.202 [info] > git check-ignore -v -z --stdin [4ms]
2025-04-21 08:00:30.702 [info] > git show --textconv :docs/vision_and_requirements.md [12ms]
2025-04-21 08:00:30.703 [info] > git ls-files --stage -- docs/vision_and_requirements.md [3ms]
2025-04-21 08:00:30.719 [info] > git cat-file -s 0c1726c9fa8d87c82358214f3271af752756fd23 [4ms]
2025-04-21 08:00:31.493 [info] > git show --textconv :docs/user_requirements.md [12ms]
2025-04-21 08:00:31.494 [info] > git ls-files --stage -- docs/user_requirements.md [1ms]
2025-04-21 08:00:31.504 [info] > git cat-file -s 021a87c1705a4e43ec216b43d6e1beac7be2336b [4ms]
2025-04-21 08:00:39.964 [info] > git blame --root --incremental f2c69589ef800bfdaaf76784b566fc9ce8010c2b -- docs/eer_diagram.md [2ms]
2025-04-21 08:01:08.977 [info] > git log --format=%H%n%aN%n%aE%n%at%n%ct%n%P%n%D%n%B -z --shortstat --diff-merges=first-parent -n50 --skip=0 --topo-order --decorate=full --stdin [4ms]
2025-04-21 08:01:46.098 [info] > git show --textconv :docs/vision_and_requirements.md [18ms]
2025-04-21 08:01:46.100 [info] > git ls-files --stage -- docs/vision_and_requirements.md [3ms]
2025-04-21 08:01:46.114 [info] > git cat-file -s 0c1726c9fa8d87c82358214f3271af752756fd23 [1ms]
2025-04-21 08:01:47.508 [info] > git show --textconv :docs/user_requirements.md [16ms]
2025-04-21 08:01:47.509 [info] > git ls-files --stage -- docs/user_requirements.md [2ms]
2025-04-21 08:01:47.526 [info] > git cat-file -s 021a87c1705a4e43ec216b43d6e1beac7be2336b [1ms]
2025-04-21 08:03:27.333 [info] > git config --get commit.template [1ms]
2025-04-21 08:03:27.357 [info] > git ls-files --stage -- docs/eer_diagram.md [14ms]
2025-04-21 08:03:27.370 [info] > git for-each-ref --format=%(refname)%00%(upstream:short)%00%(objectname)%00%(upstream:track)%00%(upstream:remotename)%00%(upstream:remoteref) refs/heads/issue-6-create-entity-relationship-diagram refs/remotes/issue-6-create-entity-relationship-diagram [14ms]
2025-04-21 08:03:27.384 [warning] [Git][revParse] Unable to read file: ENOENT: no such file or directory, open '/home/hofbr/GitProjects/gitgrub/.git/refs/remotes/origin/issue-6-create-entity-relationship-diagram'
2025-04-21 08:03:27.385 [info] > git cat-file -s 4c5a7c4d6808a874f7b58f0f6c98fef4e67c04f9 [16ms]
2025-04-21 08:03:27.385 [info] > git rev-parse refs/remotes/origin/issue-6-create-entity-relationship-diagram [1ms]
2025-04-21 08:03:27.403 [info] > git status -z -uall [11ms]
2025-04-21 08:03:27.412 [info] > git for-each-ref --sort -committerdate --format %(refname)%00%(objectname)%00%(*objectname) [10ms]
2025-04-21 08:03:27.433 [info] > git show --textconv :docs/eer_diagram.md [23ms]
2025-04-21 08:03:27.433 [info] > git blame --root --incremental 682545a96004cce8eb62f82f8720a3789fbe7194 -- docs/eer_diagram.md [11ms]
2025-04-21 08:03:27.434 [info] > git for-each-ref --format=%(refname)%00%(upstream:short)%00%(objectname)%00%(upstream:track)%00%(upstream:remotename)%00%(upstream:remoteref) refs/heads/issue-6-create-entity-relationship-diagram refs/remotes/issue-6-create-entity-relationship-diagram [2ms]
2025-04-21 08:03:27.442 [info] > git config --get --local branch.issue-6-create-entity-relationship-diagram.vscode-merge-base [1ms]
2025-04-21 08:03:27.443 [warning] [Git][config] git config failed: Failed to execute git
2025-04-21 08:03:27.454 [info] > git reflog issue-6-create-entity-relationship-diagram --grep-reflog=branch: Created from *. [1ms]
2025-04-21 08:03:27.466 [info] > git for-each-ref --format=%(refname)%00%(upstream:short)%00%(objectname)%00%(upstream:track)%00%(upstream:remotename)%00%(upstream:remoteref) refs/remotes/origin/issue-6-create-entity-relationship-diagram [1ms]
2025-04-21 08:03:27.475 [info] > git config --add --local branch.issue-6-create-entity-relationship-diagram.vscode-merge-base origin/issue-6-create-entity-relationship-diagram [1ms]
2025-04-21 08:03:27.492 [info] > git config --get commit.template [7ms]
2025-04-21 08:03:27.492 [info] > git for-each-ref --format=%(refname)%00%(upstream:short)%00%(objectname)%00%(upstream:track)%00%(upstream:remotename)%00%(upstream:remoteref) refs/heads/issue-6-create-entity-relationship-diagram refs/remotes/issue-6-create-entity-relationship-diagram [1ms]
2025-04-21 08:03:27.502 [warning] [Git][revParse] Unable to read file: ENOENT: no such file or directory, open '/home/hofbr/GitProjects/gitgrub/.git/refs/remotes/origin/issue-6-create-entity-relationship-diagram'
2025-04-21 08:03:27.503 [info] > git rev-parse refs/remotes/origin/issue-6-create-entity-relationship-diagram [1ms]
2025-04-21 08:03:27.521 [info] > git status -z -uall [11ms]
2025-04-21 08:03:27.522 [info] > git for-each-ref --sort -committerdate --format %(refname)%00%(objectname)%00%(*objectname) [2ms]
2025-04-21 08:03:27.543 [info] > git for-each-ref --format=%(refname)%00%(upstream:short)%00%(objectname)%00%(upstream:track)%00%(upstream:remotename)%00%(upstream:remoteref) refs/heads/issue-6-create-entity-relationship-diagram refs/remotes/issue-6-create-entity-relationship-diagram [8ms]
2025-04-21 08:03:27.554 [info] > git config --get --local branch.issue-6-create-entity-relationship-diagram.vscode-merge-base [1ms]
2025-04-21 08:03:27.561 [info] > git merge-base refs/heads/issue-6-create-entity-relationship-diagram refs/remotes/origin/issue-6-create-entity-relationship-diagram [18ms]
2025-04-21 08:03:27.572 [info] > git for-each-ref --format=%(refname)%00%(upstream:short)%00%(objectname)%00%(upstream:track)%00%(upstream:remotename)%00%(upstream:remoteref) refs/heads/origin/issue-6-create-entity-relationship-diagram refs/remotes/origin/issue-6-create-entity-relationship-diagram [11ms]
2025-04-21 08:03:27.582 [info] > git diff --name-status -z --diff-filter=ADMR 682545a96004cce8eb62f82f8720a3789fbe7194...refs/remotes/origin/issue-6-create-entity-relationship-diagram [11ms]
2025-04-21 08:03:27.583 [info] > git merge-base refs/heads/issue-6-create-entity-relationship-diagram refs/remotes/origin/issue-6-create-entity-relationship-diagram [2ms]
2025-04-21 08:03:27.591 [info] > git diff --name-status -z --diff-filter=ADMR 682545a96004cce8eb62f82f8720a3789fbe7194...refs/remotes/origin/issue-6-create-entity-relationship-diagram [1ms]
2025-04-21 08:03:28.719 [info] > git ls-files --stage -- docs/eer_diagram.md [1ms]
2025-04-21 08:03:28.734 [info] > git cat-file -s 4c5a7c4d6808a874f7b58f0f6c98fef4e67c04f9 [2ms]
2025-04-21 08:03:28.750 [info] > git show --textconv :docs/eer_diagram.md [2ms]
2025-04-21 08:06:18.040 [info] > git config --get commit.template [19ms]
2025-04-21 08:06:18.040 [info] > git for-each-ref --format=%(refname)%00%(upstream:short)%00%(objectname)%00%(upstream:track)%00%(upstream:remotename)%00%(upstream:remoteref) refs/heads/issue-6-create-entity-relationship-diagram refs/remotes/issue-6-create-entity-relationship-diagram [1ms]
2025-04-21 08:06:18.057 [warning] [Git][revParse] Unable to read file: ENOENT: no such file or directory, open '/home/hofbr/GitProjects/gitgrub/.git/refs/remotes/origin/issue-6-create-entity-relationship-diagram'
2025-04-21 08:06:18.058 [info] > git rev-parse refs/remotes/origin/issue-6-create-entity-relationship-diagram [1ms]
2025-04-21 08:06:18.080 [info] > git status -z -uall [11ms]
2025-04-21 08:06:18.081 [info] > git for-each-ref --sort -committerdate --format %(refname)%00%(objectname)%00%(*objectname) [1ms]
2025-04-21 08:45:43.047 [info] > git config --get commit.template [15ms]
2025-04-21 08:45:43.063 [info] > git ls-files --stage -- docs/eer_diagram.md [18ms]
2025-04-21 08:45:43.079 [info] > git for-each-ref --format=%(refname)%00%(upstream:short)%00%(objectname)%00%(upstream:track)%00%(upstream:remotename)%00%(upstream:remoteref) refs/heads/issue-10-poc-git-based-recipe-versioning refs/remotes/issue-10-poc-git-based-recipe-versioning [17ms]
2025-04-21 08:45:43.080 [info] > git cat-file -s 4c5a7c4d6808a874f7b58f0f6c98fef4e67c04f9 [2ms]
2025-04-21 08:45:43.126 [info] > git show --textconv :docs/eer_diagram.md [27ms]
2025-04-21 08:45:43.126 [info] > git status -z -uall [15ms]
2025-04-21 08:45:43.127 [info] > git for-each-ref --sort -committerdate --format %(refname)%00%(objectname)%00%(*objectname) [1ms]
2025-04-21 08:45:43.158 [info] > git blame --root --incremental 9b24bae36c787b0bd0915f9f30b03e29346d685b -- docs/eer_diagram.md [17ms]
2025-04-21 08:45:43.159 [info] > git for-each-ref --format=%(refname)%00%(upstream:short)%00%(objectname)%00%(upstream:track)%00%(upstream:remotename)%00%(upstream:remoteref) refs/heads/issue-10-poc-git-based-recipe-versioning refs/remotes/issue-10-poc-git-based-recipe-versioning [3ms]
2025-04-21 08:45:43.175 [info] > git config --get --local branch.issue-10-poc-git-based-recipe-versioning.vscode-merge-base [0ms]
2025-04-21 08:45:43.175 [warning] [Git][config] git config failed: Failed to execute git
2025-04-21 08:45:43.188 [info] > git reflog issue-10-poc-git-based-recipe-versioning --grep-reflog=branch: Created from *. [1ms]
2025-04-21 08:45:43.203 [info] > git reflog HEAD --grep-reflog=checkout: moving from .* to issue-10-poc-git-based-recipe-versioning [1ms]
2025-04-21 08:45:43.212 [info] > git for-each-ref --format=%(refname)%00%(upstream:short)%00%(objectname)%00%(upstream:track)%00%(upstream:remotename)%00%(upstream:remoteref) refs/heads/issue-6-create-entity-relationship-diagram refs/remotes/issue-6-create-entity-relationship-diagram [2ms]
2025-04-21 08:45:43.227 [info] > git for-each-ref --format=%(refname)%00%(upstream:short)%00%(objectname)%00%(upstream:track)%00%(upstream:remotename)%00%(upstream:remoteref) refs/remotes/origin/issue-6-create-entity-relationship-diagram [2ms]
2025-04-21 08:45:43.238 [info] > git config --add --local branch.issue-10-poc-git-based-recipe-versioning.vscode-merge-base origin/issue-6-create-entity-relationship-diagram [2ms]
2025-04-21 08:45:43.257 [info] > git config --get commit.template [11ms]
2025-04-21 08:45:43.257 [info] > git for-each-ref --format=%(refname)%00%(upstream:short)%00%(objectname)%00%(upstream:track)%00%(upstream:remotename)%00%(upstream:remoteref) refs/heads/issue-10-poc-git-based-recipe-versioning refs/remotes/issue-10-poc-git-based-recipe-versioning [1ms]
2025-04-21 08:45:43.276 [info] > git status -z -uall [8ms]
2025-04-21 08:45:43.277 [info] > git for-each-ref --sort -committerdate --format %(refname)%00%(objectname)%00%(*objectname) [1ms]
2025-04-21 08:45:43.301 [info] > git for-each-ref --format=%(refname)%00%(upstream:short)%00%(objectname)%00%(upstream:track)%00%(upstream:remotename)%00%(upstream:remoteref) refs/heads/issue-10-poc-git-based-recipe-versioning refs/remotes/issue-10-poc-git-based-recipe-versioning [11ms]
2025-04-21 08:45:43.309 [info] > git config --get --local branch.issue-10-poc-git-based-recipe-versioning.vscode-merge-base [1ms]
2025-04-21 08:45:43.319 [info] > git merge-base refs/heads/issue-10-poc-git-based-recipe-versioning refs/remotes/origin/issue-10-poc-git-based-recipe-versioning [18ms]
2025-04-21 08:45:43.326 [info] > git for-each-ref --format=%(refname)%00%(upstream:short)%00%(objectname)%00%(upstream:track)%00%(upstream:remotename)%00%(upstream:remoteref) refs/heads/origin/issue-6-create-entity-relationship-diagram refs/remotes/origin/issue-6-create-entity-relationship-diagram [7ms]
2025-04-21 08:45:43.339 [info] > git diff --name-status -z --diff-filter=ADMR 9b24bae36c787b0bd0915f9f30b03e29346d685b...refs/remotes/origin/issue-10-poc-git-based-recipe-versioning [13ms]
2025-04-21 08:45:43.342 [info] > git merge-base refs/heads/issue-10-poc-git-based-recipe-versioning refs/remotes/origin/issue-10-poc-git-based-recipe-versioning [4ms]
2025-04-21 08:45:43.351 [info] > git diff --name-status -z --diff-filter=ADMR 9b24bae36c787b0bd0915f9f30b03e29346d685b...refs/remotes/origin/issue-10-poc-git-based-recipe-versioning [1ms]
2025-04-21 08:45:44.458 [info] > git ls-files --stage -- docs/eer_diagram.md [1ms]
2025-04-21 08:45:44.473 [info] > git cat-file -s 4c5a7c4d6808a874f7b58f0f6c98fef4e67c04f9 [2ms]
2025-04-21 08:45:44.490 [info] > git show --textconv :docs/eer_diagram.md [2ms]
2025-04-21 08:45:48.176 [info] > git config --get commit.template [2ms]
2025-04-21 08:45:48.192 [info] > git for-each-ref --format=%(refname)%00%(upstream:short)%00%(objectname)%00%(upstream:track)%00%(upstream:remotename)%00%(upstream:remoteref) refs/heads/issue-10-poc-git-based-recipe-versioning refs/remotes/issue-10-poc-git-based-recipe-versioning [2ms]
2025-04-21 08:45:48.220 [info] > git status -z -uall [15ms]
2025-04-21 08:45:48.221 [info] > git for-each-ref --sort -committerdate --format %(refname)%00%(objectname)%00%(*objectname) [2ms]
2025-04-21 08:47:22.624 [info] > git show --textconv :docs/traditional_database_eer_diagram.md [17ms]
2025-04-21 08:47:22.642 [info] > git ls-files --stage -- docs/traditional_database_eer_diagram.md [19ms]
2025-04-21 08:47:22.657 [info] > git hash-object -t tree /dev/null [17ms]
2025-04-21 08:47:22.657 [warning] [GitFileSystemProvider][readFile] File not found - git:/home/hofbr/GitProjects/gitgrub/docs/traditional_database_eer_diagram.md.git?%7B%22path%22%3A%22%2Fhome%2Fhofbr%2FGitProjects%2Fgitgrub%2Fdocs%2Ftraditional_database_eer_diagram.md%22%2C%22ref%22%3A%22%22%7D
2025-04-21 08:47:22.659 [info] > git hash-object -t tree /dev/null [3ms]
2025-04-21 08:47:22.660 [warning] [GitFileSystemProvider][stat] File not found - git:/home/hofbr/GitProjects/gitgrub/docs/traditional_database_eer_diagram.md.git?%7B%22path%22%3A%22%2Fhome%2Fhofbr%2FGitProjects%2Fgitgrub%2Fdocs%2Ftraditional_database_eer_diagram.md%22%2C%22ref%22%3A%22%22%7D
2025-04-21 08:47:22.677 [info] > git blame --root --incremental 9b24bae36c787b0bd0915f9f30b03e29346d685b -- docs/traditional_database_eer_diagram.md [1ms]
2025-04-21 08:47:22.678 [info] fatal: no such path docs/traditional_database_eer_diagram.md in 9b24bae36c787b0bd0915f9f30b03e29346d685b
2025-04-21 08:47:22.878 [info] > git check-ignore -v -z --stdin [2ms]
2025-04-21 08:47:23.508 [info] > git config --get commit.template [22ms]
2025-04-21 08:47:23.511 [info] > git for-each-ref --format=%(refname)%00%(upstream:short)%00%(objectname)%00%(upstream:track)%00%(upstream:remotename)%00%(upstream:remoteref) refs/heads/issue-10-poc-git-based-recipe-versioning refs/remotes/issue-10-poc-git-based-recipe-versioning [5ms]
2025-04-21 08:47:23.546 [info] > git status -z -uall [19ms]
2025-04-21 08:47:23.548 [info] > git for-each-ref --sort -committerdate --format %(refname)%00%(objectname)%00%(*objectname) [3ms]
2025-04-21 08:47:35.982 [info] > git show --textconv :docs/git_recipe_poc_model.md [16ms]
2025-04-21 08:47:35.983 [warning] [GitFileSystemProvider][readFile] File not found - git:/home/hofbr/GitProjects/gitgrub/docs/git_recipe_poc_model.md.git?%7B%22path%22%3A%22%2Fhome%2Fhofbr%2FGitProjects%2Fgitgrub%2Fdocs%2Fgit_recipe_poc_model.md%22%2C%22ref%22%3A%22%22%7D
2025-04-21 08:47:35.984 [info] > git ls-files --stage -- docs/git_recipe_poc_model.md [2ms]
2025-04-21 08:47:35.984 [warning] [GitFileSystemProvider][stat] File not found - git:/home/hofbr/GitProjects/gitgrub/docs/git_recipe_poc_model.md.git?%7B%22path%22%3A%22%2Fhome%2Fhofbr%2FGitProjects%2Fgitgrub%2Fdocs%2Fgit_recipe_poc_model.md%22%2C%22ref%22%3A%22%22%7D
2025-04-21 08:47:36.253 [info] > git check-ignore -v -z --stdin [2ms]
2025-04-21 08:47:52.496 [info] > git config --get commit.template [16ms]
2025-04-21 08:47:52.497 [info] > git for-each-ref --format=%(refname)%00%(upstream:short)%00%(objectname)%00%(upstream:track)%00%(upstream:remotename)%00%(upstream:remoteref) refs/heads/issue-10-poc-git-based-recipe-versioning refs/remotes/issue-10-poc-git-based-recipe-versioning [2ms]
2025-04-21 08:47:52.530 [info] > git status -z -uall [17ms]
2025-04-21 08:47:52.531 [info] > git for-each-ref --sort -committerdate --format %(refname)%00%(objectname)%00%(*objectname) [1ms]
2025-04-21 08:48:53.608 [info] > git config --get commit.template [15ms]
2025-04-21 08:48:53.609 [info] > git for-each-ref --format=%(refname)%00%(upstream:short)%00%(objectname)%00%(upstream:track)%00%(upstream:remotename)%00%(upstream:remoteref) refs/heads/issue-10-poc-git-based-recipe-versioning refs/remotes/issue-10-poc-git-based-recipe-versioning [2ms]
2025-04-21 08:48:53.639 [info] > git status -z -uall [15ms]
2025-04-21 08:48:53.640 [info] > git for-each-ref --sort -committerdate --format %(refname)%00%(objectname)%00%(*objectname) [2ms]
2025-04-21 08:54:46.600 [info] > git log --format=%H%n%aN%n%aE%n%at%n%ct%n%P%n%D%n%B -z --shortstat --diff-merges=first-parent -n50 --skip=0 --topo-order --decorate=full --stdin [4ms]
2025-04-21 08:54:57.967 [info] > git add -A -- docs/eer_diagram.md [2ms]
2025-04-21 08:54:57.996 [info] > git config --get commit.template [15ms]
2025-04-21 08:54:57.997 [info] > git for-each-ref --format=%(refname)%00%(upstream:short)%00%(objectname)%00%(upstream:track)%00%(upstream:remotename)%00%(upstream:remoteref) refs/heads/issue-10-poc-git-based-recipe-versioning refs/remotes/issue-10-poc-git-based-recipe-versioning [2ms]
2025-04-21 08:54:58.028 [info] > git status -z -uall [18ms]
2025-04-21 08:54:58.029 [info] > git for-each-ref --sort -committerdate --format %(refname)%00%(objectname)%00%(*objectname) [2ms]
2025-04-21 08:54:59.082 [info] > git config --get commit.template [17ms]
2025-04-21 08:54:59.083 [info] > git for-each-ref --format=%(refname)%00%(upstream:short)%00%(objectname)%00%(upstream:track)%00%(upstream:remotename)%00%(upstream:remoteref) refs/heads/issue-10-poc-git-based-recipe-versioning refs/remotes/issue-10-poc-git-based-recipe-versioning [2ms]
2025-04-21 08:54:59.115 [info] > git status -z -uall [16ms]
2025-04-21 08:54:59.117 [info] > git for-each-ref --sort -committerdate --format %(refname)%00%(objectname)%00%(*objectname) [3ms]
2025-04-21 08:54:59.481 [info] > git add -A -- docs/git_recipe_poc_model.md docs/traditional_database_eer_diagram.md [3ms]
2025-04-21 08:54:59.510 [info] > git config --get commit.template [15ms]
2025-04-21 08:54:59.512 [info] > git for-each-ref --format=%(refname)%00%(upstream:short)%00%(objectname)%00%(upstream:track)%00%(upstream:remotename)%00%(upstream:remoteref) refs/heads/issue-10-poc-git-based-recipe-versioning refs/remotes/issue-10-poc-git-based-recipe-versioning [3ms]
2025-04-21 08:54:59.544 [info] > git status -z -uall [16ms]
2025-04-21 08:54:59.545 [info] > git for-each-ref --sort -committerdate --format %(refname)%00%(objectname)%00%(*objectname) [1ms]
2025-04-21 08:54:59.896 [info] > git show --textconv :docs/git_recipe_poc_model.md [28ms]
2025-04-21 08:54:59.896 [info] > git show --textconv HEAD:docs/git_recipe_poc_model.md [19ms]
2025-04-21 08:54:59.896 [info] > git ls-files --stage -- docs/git_recipe_poc_model.md [12ms]
2025-04-21 08:54:59.904 [warning] [GitFileSystemProvider][readFile] File not found - git:/home/hofbr/GitProjects/gitgrub/docs/git_recipe_poc_model.md.git?%7B%22path%22%3A%22%2Fhome%2Fhofbr%2FGitProjects%2Fgitgrub%2Fdocs%2Fgit_recipe_poc_model.md%22%2C%22ref%22%3A%22HEAD%22%7D
2025-04-21 08:54:59.904 [info] > git cat-file -s 933865a1c3c70ebb3d1d10a15b1546a6428c84d4 [1ms]
2025-04-21 08:54:59.905 [info] > git ls-tree -l HEAD -- docs/git_recipe_poc_model.md [10ms]
2025-04-21 08:54:59.905 [warning] [GitFileSystemProvider][stat] File not found - git:/home/hofbr/GitProjects/gitgrub/docs/git_recipe_poc_model.md.git?%7B%22path%22%3A%22%2Fhome%2Fhofbr%2FGitProjects%2Fgitgrub%2Fdocs%2Fgit_recipe_poc_model.md%22%2C%22ref%22%3A%22HEAD%22%7D
2025-04-21 08:54:59.924 [info] > git blame --root --incremental 9b24bae36c787b0bd0915f9f30b03e29346d685b -- docs/git_recipe_poc_model.md [1ms]
2025-04-21 08:54:59.924 [info] fatal: no such path docs/git_recipe_poc_model.md in 9b24bae36c787b0bd0915f9f30b03e29346d685b
2025-04-21 08:55:00.678 [info] > git ls-files --stage -- docs/git_recipe_poc_model.md [2ms]
2025-04-21 08:55:00.697 [info] > git cat-file -s 933865a1c3c70ebb3d1d10a15b1546a6428c84d4 [2ms]
2025-04-21 08:55:00.717 [info] > git show --textconv :docs/git_recipe_poc_model.md [2ms]
2025-04-21 08:55:04.160 [info] > git config --get commit.template [21ms]
2025-04-21 08:55:04.162 [info] > git for-each-ref --format=%(refname)%00%(upstream:short)%00%(objectname)%00%(upstream:track)%00%(upstream:remotename)%00%(upstream:remoteref) refs/heads/issue-10-poc-git-based-recipe-versioning refs/remotes/issue-10-poc-git-based-recipe-versioning [4ms]
2025-04-21 08:55:04.198 [info] > git status -z -uall [19ms]
2025-04-21 08:55:04.199 [info] > git for-each-ref --sort -committerdate --format %(refname)%00%(objectname)%00%(*objectname) [3ms]
2025-04-21 08:55:36.685 [info] > git -c user.useConfigOnly=true commit --quiet --allow-empty-message --file - [1ms]
2025-04-21 08:55:36.685 [info] Author identity unknown

*** Please tell me who you are.

Run

  git config --global user.email "you@example.com"
  git config --global user.name "Your Name"

to set your account's default identity.
Omit --global to set the identity only in this repository.

fatal: no name was given and auto-detection is disabled
2025-04-21 08:55:36.704 [info] > git config --get-all user.name [1ms]
2025-04-21 08:55:36.733 [info] > git config --get commit.template [14ms]
2025-04-21 08:55:36.734 [info] > git for-each-ref --format=%(refname)%00%(upstream:short)%00%(objectname)%00%(upstream:track)%00%(upstream:remotename)%00%(upstream:remoteref) refs/heads/issue-10-poc-git-based-recipe-versioning refs/remotes/issue-10-poc-git-based-recipe-versioning [2ms]
2025-04-21 08:55:36.762 [info] > git status -z -uall [14ms]
2025-04-21 08:55:36.763 [info] > git for-each-ref --sort -committerdate --format %(refname)%00%(objectname)%00%(*objectname) [1ms]
2025-04-21 08:55:45.301 [info] > git ls-files --stage -- docs/git_recipe_poc_model.md [6ms]
2025-04-21 08:55:45.318 [info] > git cat-file -s 933865a1c3c70ebb3d1d10a15b1546a6428c84d4 [1ms]
2025-04-21 08:55:45.360 [info] > git show --textconv :docs/git_recipe_poc_model.md [2ms]
2025-04-21 08:56:23.791 [info] > git config --get commit.template [19ms]
2025-04-21 08:56:23.806 [info] > git ls-files --stage -- docs/git_recipe_poc_model.md [16ms]
2025-04-21 08:56:23.820 [info] > git for-each-ref --format=%(refname)%00%(upstream:short)%00%(objectname)%00%(upstream:track)%00%(upstream:remotename)%00%(upstream:remoteref) refs/heads/issue-10-poc-git-based-recipe-versioning refs/remotes/issue-10-poc-git-based-recipe-versioning [15ms]
2025-04-21 08:56:23.822 [info] > git cat-file -s 933865a1c3c70ebb3d1d10a15b1546a6428c84d4 [2ms]
2025-04-21 08:56:23.854 [info] > git status -z -uall [16ms]
2025-04-21 08:56:23.872 [info] > git show --textconv :docs/git_recipe_poc_model.md [2ms]
2025-04-21 08:56:23.872 [info] > git for-each-ref --sort -committerdate --format %(refname)%00%(objectname)%00%(*objectname) [18ms]
2025-04-21 08:56:23.895 [info] > git merge-base refs/heads/issue-10-poc-git-based-recipe-versioning refs/remotes/origin/issue-10-poc-git-based-recipe-versioning [2ms]
2025-04-21 08:56:23.926 [info] > git diff --name-status -z --diff-filter=ADMR f1c78763f3c2e6e8c41cd620aabbdedff408868a...refs/remotes/origin/issue-10-poc-git-based-recipe-versioning [16ms]
2025-04-21 08:56:23.930 [info] > git log --format=%H%n%aN%n%aE%n%at%n%ct%n%P%n%D%n%B -z --shortstat --diff-merges=first-parent -n50 --skip=0 --topo-order --decorate=full --stdin [5ms]
2025-04-21 08:57:11.660 [info] > git config --get commit.template [20ms]
2025-04-21 08:57:11.663 [info] > git for-each-ref --format=%(refname)%00%(upstream:short)%00%(objectname)%00%(upstream:track)%00%(upstream:remotename)%00%(upstream:remoteref) refs/heads/issue-10-poc-git-based-recipe-versioning refs/remotes/issue-10-poc-git-based-recipe-versioning [4ms]
2025-04-21 08:57:11.694 [info] > git status -z -uall [13ms]
2025-04-21 08:57:11.695 [info] > git for-each-ref --sort -committerdate --format %(refname)%00%(objectname)%00%(*objectname) [2ms]
2025-04-21 08:57:18.933 [info] > git blame --root --incremental f1c78763f3c2e6e8c41cd620aabbdedff408868a -- docs/git_recipe_poc_model.md [5ms]
2025-04-21 08:57:40.605 [info] > git show --textconv :README.md [13ms]
2025-04-21 08:57:40.606 [info] > git ls-files --stage -- README.md [2ms]
2025-04-21 08:57:40.621 [info] > git cat-file -s d75ae3f1bb83d44bdb1e045bdc8fcb922bfbdaf4 [1ms]
2025-04-21 08:57:43.750 [info] > git blame --root --incremental f1c78763f3c2e6e8c41cd620aabbdedff408868a -- README.md [3ms]
2025-04-21 09:00:19.169 [info] > git config --get commit.template [17ms]
2025-04-21 09:00:19.170 [info] > git for-each-ref --format=%(refname)%00%(upstream:short)%00%(objectname)%00%(upstream:track)%00%(upstream:remotename)%00%(upstream:remoteref) refs/heads/issue-10-poc-git-based-recipe-versioning refs/remotes/issue-10-poc-git-based-recipe-versioning [2ms]
2025-04-21 09:00:19.204 [info] > git status -z -uall [18ms]
2025-04-21 09:00:19.206 [info] > git for-each-ref --sort -committerdate --format %(refname)%00%(objectname)%00%(*objectname) [3ms]
2025-04-21 09:01:23.576 [info] > git config --get commit.template [16ms]
2025-04-21 09:01:23.590 [info] > git ls-files --stage -- README.md [15ms]
2025-04-21 09:01:23.607 [info] > git for-each-ref --format=%(refname)%00%(upstream:short)%00%(objectname)%00%(upstream:track)%00%(upstream:remotename)%00%(upstream:remoteref) refs/heads/issue-10-poc-git-based-recipe-versioning refs/remotes/issue-10-poc-git-based-recipe-versioning [18ms]
2025-04-21 09:01:23.633 [info] > git status -z -uall [12ms]
2025-04-21 09:01:23.634 [info] > git cat-file -s 6433729492d3896dbb2d56276c11cfb387220434 [28ms]
2025-04-21 09:01:23.636 [info] > git for-each-ref --sort -committerdate --format %(refname)%00%(objectname)%00%(*objectname) [5ms]
2025-04-21 09:01:23.667 [info] > git blame --root --incremental f82f70ce84c71cdc484180fdb13d7c1e819c4312 -- README.md [15ms]
2025-04-21 09:01:23.686 [info] > git merge-base refs/heads/issue-10-poc-git-based-recipe-versioning refs/remotes/origin/issue-10-poc-git-based-recipe-versioning [21ms]
2025-04-21 09:01:23.700 [info] > git show --textconv :README.md [16ms]
2025-04-21 09:01:23.701 [info] > git diff --name-status -z --diff-filter=ADMR f82f70ce84c71cdc484180fdb13d7c1e819c4312...refs/remotes/origin/issue-10-poc-git-based-recipe-versioning [3ms]
2025-04-21 09:01:28.699 [info] > git config --get commit.template [14ms]
2025-04-21 09:01:28.701 [info] > git for-each-ref --format=%(refname)%00%(upstream:short)%00%(objectname)%00%(upstream:track)%00%(upstream:remotename)%00%(upstream:remoteref) refs/heads/issue-10-poc-git-based-recipe-versioning refs/remotes/issue-10-poc-git-based-recipe-versioning [2ms]
2025-04-21 09:01:28.730 [info] > git status -z -uall [14ms]
2025-04-21 09:01:28.731 [info] > git for-each-ref --sort -committerdate --format %(refname)%00%(objectname)%00%(*objectname) [2ms]
2025-04-21 09:03:10.547 [info] > git show --textconv :docs/uml_class_diagram.md [15ms]
2025-04-21 09:03:10.548 [warning] [GitFileSystemProvider][readFile] File not found - git:/home/hofbr/GitProjects/gitgrub/docs/uml_class_diagram.md.git?%7B%22path%22%3A%22%2Fhome%2Fhofbr%2FGitProjects%2Fgitgrub%2Fdocs%2Fuml_class_diagram.md%22%2C%22ref%22%3A%22%22%7D
2025-04-21 09:03:10.548 [info] > git ls-files --stage -- docs/uml_class_diagram.md [1ms]
2025-04-21 09:03:10.549 [warning] [GitFileSystemProvider][stat] File not found - git:/home/hofbr/GitProjects/gitgrub/docs/uml_class_diagram.md.git?%7B%22path%22%3A%22%2Fhome%2Fhofbr%2FGitProjects%2Fgitgrub%2Fdocs%2Fuml_class_diagram.md%22%2C%22ref%22%3A%22%22%7D
2025-04-21 09:03:10.810 [info] > git check-ignore -v -z --stdin [2ms]
2025-04-21 09:03:11.389 [info] > git for-each-ref --format=%(refname)%00%(upstream:short)%00%(objectname)%00%(upstream:track)%00%(upstream:remotename)%00%(upstream:remoteref) refs/heads/issue-10-poc-git-based-recipe-versioning refs/remotes/issue-10-poc-git-based-recipe-versioning [2ms]
2025-04-21 09:03:11.389 [info] > git config --get commit.template [17ms]
2025-04-21 09:03:11.416 [info] > git status -z -uall [13ms]
2025-04-21 09:03:11.417 [info] > git for-each-ref --sort -committerdate --format %(refname)%00%(objectname)%00%(*objectname) [1ms]
2025-04-21 20:19:49.508 [info] > git config --get commit.template [12ms]
2025-04-21 20:19:49.509 [info] > git for-each-ref --format=%(refname)%00%(upstream:short)%00%(objectname)%00%(upstream:track)%00%(upstream:remotename)%00%(upstream:remoteref) refs/heads/issue-10-poc-git-based-recipe-versioning refs/remotes/issue-10-poc-git-based-recipe-versioning [4ms]
2025-04-21 20:19:49.526 [info] > git status -z -uall [10ms]
2025-04-21 20:19:49.527 [info] > git for-each-ref --sort -committerdate --format %(refname)%00%(objectname)%00%(*objectname) [3ms]
2025-04-21 21:41:05.159 [info] > git config --get commit.template [14ms]
2025-04-21 21:41:05.160 [info] > git for-each-ref --format=%(refname)%00%(upstream:short)%00%(objectname)%00%(upstream:track)%00%(upstream:remotename)%00%(upstream:remoteref) refs/heads/issue-10-poc-git-based-recipe-versioning refs/remotes/issue-10-poc-git-based-recipe-versioning [2ms]
2025-04-21 21:41:05.188 [info] > git status -z -uall [14ms]
2025-04-21 21:41:05.189 [info] > git for-each-ref --sort -committerdate --format %(refname)%00%(objectname)%00%(*objectname) [2ms]
2025-04-21 22:44:49.663 [info] > git show --textconv :docs/git_recipe_poc_model.md [15ms]
2025-04-21 22:44:49.664 [info] > git ls-files --stage -- docs/git_recipe_poc_model.md [1ms]
2025-04-21 22:44:49.679 [info] > git cat-file -s 933865a1c3c70ebb3d1d10a15b1546a6428c84d4 [1ms]
2025-04-21 22:44:49.714 [info] > git blame --root --incremental f82f70ce84c71cdc484180fdb13d7c1e819c4312 -- docs/git_recipe_poc_model.md [3ms]
2025-04-21 22:44:59.946 [info] > git show --textconv :README.md [12ms]
2025-04-21 22:44:59.947 [info] > git ls-files --stage -- README.md [1ms]
2025-04-21 22:44:59.961 [info] > git cat-file -s 6433729492d3896dbb2d56276c11cfb387220434 [3ms]
2025-04-21 22:45:23.685 [info] > git show --textconv :docs/traditional_database_eer_diagram.md [17ms]
2025-04-21 22:45:23.686 [info] > git ls-files --stage -- docs/traditional_database_eer_diagram.md [2ms]
2025-04-21 22:45:23.702 [info] > git cat-file -s 4c5a7c4d6808a874f7b58f0f6c98fef4e67c04f9 [2ms]
2025-04-21 22:45:23.721 [info] > git blame --root --incremental f82f70ce84c71cdc484180fdb13d7c1e819c4312 -- docs/traditional_database_eer_diagram.md [2ms]
2025-04-21 22:45:25.367 [info] > git show --textconv :docs/git_recipe_poc_model.md [15ms]
2025-04-21 22:45:25.368 [info] > git ls-files --stage -- docs/git_recipe_poc_model.md [2ms]
2025-04-21 22:45:25.383 [info] > git cat-file -s 933865a1c3c70ebb3d1d10a15b1546a6428c84d4 [2ms]
2025-04-21 22:51:13.667 [info] > git show --textconv :docs/api.md [9ms]
2025-04-21 22:51:13.668 [warning] [GitFileSystemProvider][readFile] File not found - git:/home/hofbr/GitProjects/gitgrub/docs/api.md.git?%7B%22path%22%3A%22%2Fhome%2Fhofbr%2FGitProjects%2Fgitgrub%2Fdocs%2Fapi.md%22%2C%22ref%22%3A%22%22%7D
2025-04-21 22:51:13.668 [info] > git ls-files --stage -- docs/api.md [2ms]
2025-04-21 22:51:13.668 [warning] [GitFileSystemProvider][stat] File not found - git:/home/hofbr/GitProjects/gitgrub/docs/api.md.git?%7B%22path%22%3A%22%2Fhome%2Fhofbr%2FGitProjects%2Fgitgrub%2Fdocs%2Fapi.md%22%2C%22ref%22%3A%22%22%7D
2025-04-21 22:51:13.941 [info] > git check-ignore -v -z --stdin [2ms]
2025-04-21 22:51:14.540 [info] > git config --get commit.template [18ms]
2025-04-21 22:51:14.541 [info] > git for-each-ref --format=%(refname)%00%(upstream:short)%00%(objectname)%00%(upstream:track)%00%(upstream:remotename)%00%(upstream:remoteref) refs/heads/issue-10-poc-git-based-recipe-versioning refs/remotes/issue-10-poc-git-based-recipe-versioning [2ms]
2025-04-21 22:51:14.574 [info] > git status -z -uall [15ms]
2025-04-21 22:51:14.575 [info] > git for-each-ref --sort -committerdate --format %(refname)%00%(objectname)%00%(*objectname) [3ms]
2025-04-21 22:53:19.450 [info] > git show --textconv :docs/user_requirements.md [14ms]
2025-04-21 22:53:19.451 [info] > git ls-files --stage -- docs/user_requirements.md [1ms]
2025-04-21 22:53:19.464 [info] > git cat-file -s 021a87c1705a4e43ec216b43d6e1beac7be2336b [3ms]
2025-04-21 22:53:19.487 [info] > git blame --root --incremental f82f70ce84c71cdc484180fdb13d7c1e819c4312 -- docs/user_requirements.md [2ms]
2025-04-21 22:53:20.656 [info] > git show --textconv :docs/git_recipe_poc_model.md [13ms]
2025-04-21 22:53:20.657 [info] > git ls-files --stage -- docs/git_recipe_poc_model.md [2ms]
2025-04-21 22:53:20.668 [info] > git cat-file -s 933865a1c3c70ebb3d1d10a15b1546a6428c84d4 [2ms]
2025-04-21 22:53:39.631 [info] > git show --textconv :docs/traditional_database_eer_diagram.md [19ms]
2025-04-21 22:53:39.632 [info] > git ls-files --stage -- docs/traditional_database_eer_diagram.md [2ms]
2025-04-21 22:53:39.647 [info] > git cat-file -s 4c5a7c4d6808a874f7b58f0f6c98fef4e67c04f9 [1ms]
2025-04-21 22:53:40.509 [info] > git show --textconv :docs/git_recipe_poc_model.md [17ms]
2025-04-21 22:53:40.510 [info] > git ls-files --stage -- docs/git_recipe_poc_model.md [2ms]
2025-04-21 22:53:40.523 [info] > git cat-file -s 933865a1c3c70ebb3d1d10a15b1546a6428c84d4 [1ms]
2025-04-22 06:28:57.641 [info] > git config --get commit.template [1ms]
2025-04-22 06:28:57.654 [info] > git for-each-ref --format=%(refname)%00%(upstream:short)%00%(objectname)%00%(upstream:track)%00%(upstream:remotename)%00%(upstream:remoteref) refs/heads/issue-10-poc-git-based-recipe-versioning refs/remotes/issue-10-poc-git-based-recipe-versioning [2ms]
2025-04-22 06:28:57.685 [info] > git status -z -uall [15ms]
2025-04-22 06:28:57.686 [info] > git for-each-ref --sort -committerdate --format %(refname)%00%(objectname)%00%(*objectname) [1ms]
2025-04-22 06:28:57.705 [info] > git merge-base refs/heads/issue-10-poc-git-based-recipe-versioning refs/remotes/origin/issue-10-poc-git-based-recipe-versioning [2ms]
2025-04-22 06:28:57.720 [info] > git diff --name-status -z --diff-filter=ADMR c266c47e25b755104caed2a36ab3257de0d435f3...refs/remotes/origin/issue-10-poc-git-based-recipe-versioning [1ms]
2025-04-22 06:28:58.020 [info] > git show --textconv :docs/api.md [15ms]
2025-04-22 06:28:58.021 [info] > git ls-files --stage -- docs/api.md [2ms]
2025-04-22 06:28:58.036 [info] > git cat-file -s f324b8dcc027f1ae7248822ec83d84c881e707f0 [1ms]
2025-04-22 06:28:58.120 [info] > git blame --root --incremental c266c47e25b755104caed2a36ab3257de0d435f3 -- docs/api.md [2ms]
2025-04-22 06:29:02.735 [info] > git config --get commit.template [13ms]
2025-04-22 06:29:02.736 [info] > git for-each-ref --format=%(refname)%00%(upstream:short)%00%(objectname)%00%(upstream:track)%00%(upstream:remotename)%00%(upstream:remoteref) refs/heads/issue-10-poc-git-based-recipe-versioning refs/remotes/issue-10-poc-git-based-recipe-versioning [2ms]
2025-04-22 06:29:02.763 [info] > git status -z -uall [14ms]
2025-04-22 06:29:02.765 [info] > git for-each-ref --sort -committerdate --format %(refname)%00%(objectname)%00%(*objectname) [2ms]
2025-04-22 06:47:48.468 [info] > git show --textconv :docs/traditional_database_eer_diagram.md [13ms]
2025-04-22 06:47:48.469 [info] > git ls-files --stage -- docs/traditional_database_eer_diagram.md [1ms]
2025-04-22 06:47:48.483 [info] > git cat-file -s 4c5a7c4d6808a874f7b58f0f6c98fef4e67c04f9 [2ms]
2025-04-22 06:47:48.510 [info] > git blame --root --incremental c266c47e25b755104caed2a36ab3257de0d435f3 -- docs/traditional_database_eer_diagram.md [4ms]
2025-04-22 06:47:49.282 [info] > git show --textconv :docs/git_recipe_poc_model.md [22ms]
2025-04-22 06:47:49.283 [info] > git ls-files --stage -- docs/git_recipe_poc_model.md [2ms]
2025-04-22 06:47:49.300 [info] > git cat-file -s 933865a1c3c70ebb3d1d10a15b1546a6428c84d4 [2ms]
2025-04-22 06:47:49.326 [info] > git blame --root --incremental c266c47e25b755104caed2a36ab3257de0d435f3 -- docs/git_recipe_poc_model.md [2ms]
2025-04-22 06:47:49.831 [info] > git show --textconv :docs/api.md [18ms]
2025-04-22 06:47:49.833 [info] > git ls-files --stage -- docs/api.md [2ms]
2025-04-22 06:47:49.846 [info] > git cat-file -s f324b8dcc027f1ae7248822ec83d84c881e707f0 [3ms]
2025-04-22 06:54:45.391 [info] > git show --textconv :Dockerfile [14ms]
2025-04-22 06:54:45.392 [warning] [GitFileSystemProvider][readFile] File not found - git:/home/hofbr/GitProjects/gitgrub/Dockerfile.git?%7B%22path%22%3A%22%2Fhome%2Fhofbr%2FGitProjects%2Fgitgrub%2FDockerfile%22%2C%22ref%22%3A%22%22%7D
2025-04-22 06:54:45.392 [info] > git ls-files --stage -- Dockerfile [2ms]
2025-04-22 06:54:45.392 [warning] [GitFileSystemProvider][stat] File not found - git:/home/hofbr/GitProjects/gitgrub/Dockerfile.git?%7B%22path%22%3A%22%2Fhome%2Fhofbr%2FGitProjects%2Fgitgrub%2FDockerfile%22%2C%22ref%22%3A%22%22%7D
2025-04-22 06:54:45.661 [info] > git check-ignore -v -z --stdin [2ms]
2025-04-22 06:54:46.241 [info] > git config --get commit.template [14ms]
2025-04-22 06:54:46.242 [info] > git for-each-ref --format=%(refname)%00%(upstream:short)%00%(objectname)%00%(upstream:track)%00%(upstream:remotename)%00%(upstream:remoteref) refs/heads/issue-10-poc-git-based-recipe-versioning refs/remotes/issue-10-poc-git-based-recipe-versioning [2ms]
2025-04-22 06:54:46.273 [info] > git status -z -uall [15ms]
2025-04-22 06:54:46.274 [info] > git for-each-ref --sort -committerdate --format %(refname)%00%(objectname)%00%(*objectname) [2ms]
2025-04-22 06:55:34.211 [info] > git config --get commit.template [14ms]
2025-04-22 06:55:34.212 [info] > git for-each-ref --format=%(refname)%00%(upstream:short)%00%(objectname)%00%(upstream:track)%00%(upstream:remotename)%00%(upstream:remoteref) refs/heads/issue-10-poc-git-based-recipe-versioning refs/remotes/issue-10-poc-git-based-recipe-versioning [2ms]
2025-04-22 06:55:34.240 [info] > git status -z -uall [14ms]
2025-04-22 06:55:34.241 [info] > git for-each-ref --sort -committerdate --format %(refname)%00%(objectname)%00%(*objectname) [2ms]
2025-04-22 06:56:54.201 [info] > git config --get commit.template [13ms]
2025-04-22 06:56:54.202 [info] > git for-each-ref --format=%(refname)%00%(upstream:short)%00%(objectname)%00%(upstream:track)%00%(upstream:remotename)%00%(upstream:remoteref) refs/heads/issue-10-poc-git-based-recipe-versioning refs/remotes/issue-10-poc-git-based-recipe-versioning [2ms]
2025-04-22 06:56:54.225 [info] > git status -z -uall [16ms]
2025-04-22 06:56:54.227 [info] > git for-each-ref --sort -committerdate --format %(refname)%00%(objectname)%00%(*objectname) [2ms]
2025-04-22 06:57:25.235 [info] > git show --textconv :docker-compose.yml [16ms]
2025-04-22 06:57:25.236 [warning] [GitFileSystemProvider][readFile] File not found - git:/home/hofbr/GitProjects/gitgrub/docker-compose.yml.git?%7B%22path%22%3A%22%2Fhome%2Fhofbr%2FGitProjects%2Fgitgrub%2Fdocker-compose.yml%22%2C%22ref%22%3A%22%22%7D
2025-04-22 06:57:25.237 [info] > git ls-files --stage -- docker-compose.yml [2ms]
2025-04-22 06:57:25.238 [warning] [GitFileSystemProvider][stat] File not found - git:/home/hofbr/GitProjects/gitgrub/docker-compose.yml.git?%7B%22path%22%3A%22%2Fhome%2Fhofbr%2FGitProjects%2Fgitgrub%2Fdocker-compose.yml%22%2C%22ref%22%3A%22%22%7D
2025-04-22 06:57:25.498 [info] > git check-ignore -v -z --stdin [1ms]
2025-04-22 06:57:26.081 [info] > git config --get commit.template [17ms]
2025-04-22 06:57:26.082 [info] > git for-each-ref --format=%(refname)%00%(upstream:short)%00%(objectname)%00%(upstream:track)%00%(upstream:remotename)%00%(upstream:remoteref) refs/heads/issue-10-poc-git-based-recipe-versioning refs/remotes/issue-10-poc-git-based-recipe-versioning [2ms]
2025-04-22 06:57:26.115 [info] > git status -z -uall [16ms]
2025-04-22 06:57:26.117 [info] > git for-each-ref --sort -committerdate --format %(refname)%00%(objectname)%00%(*objectname) [2ms]
2025-04-22 06:57:32.032 [info] > git config --get commit.template [13ms]
2025-04-22 06:57:32.033 [info] > git for-each-ref --format=%(refname)%00%(upstream:short)%00%(objectname)%00%(upstream:track)%00%(upstream:remotename)%00%(upstream:remoteref) refs/heads/issue-10-poc-git-based-recipe-versioning refs/remotes/issue-10-poc-git-based-recipe-versioning [2ms]
2025-04-22 06:57:32.057 [info] > git status -z -uall [13ms]
2025-04-22 06:57:32.058 [info] > git for-each-ref --sort -committerdate --format %(refname)%00%(objectname)%00%(*objectname) [2ms]
2025-04-22 06:57:57.606 [info] > git config --get commit.template [16ms]
2025-04-22 06:57:57.607 [info] > git for-each-ref --format=%(refname)%00%(upstream:short)%00%(objectname)%00%(upstream:track)%00%(upstream:remotename)%00%(upstream:remoteref) refs/heads/issue-10-poc-git-based-recipe-versioning refs/remotes/issue-10-poc-git-based-recipe-versioning [2ms]
2025-04-22 06:57:57.636 [info] > git status -z -uall [15ms]
2025-04-22 06:57:57.638 [info] > git for-each-ref --sort -committerdate --format %(refname)%00%(objectname)%00%(*objectname) [3ms]
2025-04-22 06:58:23.400 [info] > git show --textconv :start-dev.sh [17ms]
2025-04-22 06:58:23.400 [warning] [GitFileSystemProvider][readFile] File not found - git:/home/hofbr/GitProjects/gitgrub/start-dev.sh.git?%7B%22path%22%3A%22%2Fhome%2Fhofbr%2FGitProjects%2Fgitgrub%2Fstart-dev.sh%22%2C%22ref%22%3A%22%22%7D
2025-04-22 06:58:23.401 [info] > git ls-files --stage -- start-dev.sh [2ms]
2025-04-22 06:58:23.401 [warning] [GitFileSystemProvider][stat] File not found - git:/home/hofbr/GitProjects/gitgrub/start-dev.sh.git?%7B%22path%22%3A%22%2Fhome%2Fhofbr%2FGitProjects%2Fgitgrub%2Fstart-dev.sh%22%2C%22ref%22%3A%22%22%7D
2025-04-22 06:58:23.661 [info] > git check-ignore -v -z --stdin [2ms]
2025-04-22 06:58:24.235 [info] > git config --get commit.template [17ms]
2025-04-22 06:58:24.236 [info] > git for-each-ref --format=%(refname)%00%(upstream:short)%00%(objectname)%00%(upstream:track)%00%(upstream:remotename)%00%(upstream:remoteref) refs/heads/issue-10-poc-git-based-recipe-versioning refs/remotes/issue-10-poc-git-based-recipe-versioning [2ms]
2025-04-22 06:58:24.266 [info] > git status -z -uall [14ms]
2025-04-22 06:58:24.266 [info] > git for-each-ref --sort -committerdate --format %(refname)%00%(objectname)%00%(*objectname) [1ms]
2025-04-22 06:58:45.443 [info] > git config --get commit.template [17ms]
2025-04-22 06:58:45.444 [info] > git for-each-ref --format=%(refname)%00%(upstream:short)%00%(objectname)%00%(upstream:track)%00%(upstream:remotename)%00%(upstream:remoteref) refs/heads/issue-10-poc-git-based-recipe-versioning refs/remotes/issue-10-poc-git-based-recipe-versioning [2ms]
2025-04-22 06:58:45.469 [info] > git status -z -uall [13ms]
2025-04-22 06:58:45.470 [info] > git for-each-ref --sort -committerdate --format %(refname)%00%(objectname)%00%(*objectname) [2ms]
2025-04-22 07:12:47.347 [info] > git config --get commit.template [16ms]
2025-04-22 07:12:47.347 [info] > git for-each-ref --format=%(refname)%00%(upstream:short)%00%(objectname)%00%(upstream:track)%00%(upstream:remotename)%00%(upstream:remoteref) refs/heads/issue-10-poc-git-based-recipe-versioning refs/remotes/issue-10-poc-git-based-recipe-versioning [1ms]
2025-04-22 07:12:47.376 [info] > git status -z -uall [14ms]
2025-04-22 07:12:47.377 [info] > git for-each-ref --sort -committerdate --format %(refname)%00%(objectname)%00%(*objectname) [2ms]
2025-04-22 07:27:59.581 [info] > git check-ignore -v -z --stdin [1ms]
2025-04-22 07:29:20.026 [info] > git for-each-ref --format=%(refname)%00%(upstream:short)%00%(objectname)%00%(upstream:track)%00%(upstream:remotename)%00%(upstream:remoteref) refs/heads/issue-10-poc-git-based-recipe-versioning refs/remotes/issue-10-poc-git-based-recipe-versioning [1ms]
2025-04-22 07:29:20.026 [info] > git config --get commit.template [16ms]
2025-04-22 07:29:20.053 [info] > git status -z -uall [14ms]
2025-04-22 07:29:20.053 [info] > git for-each-ref --sort -committerdate --format %(refname)%00%(objectname)%00%(*objectname) [1ms]
2025-04-22 07:29:33.420 [info] > git config --get commit.template [17ms]
2025-04-22 07:29:33.421 [info] > git for-each-ref --format=%(refname)%00%(upstream:short)%00%(objectname)%00%(upstream:track)%00%(upstream:remotename)%00%(upstream:remoteref) refs/heads/issue-10-poc-git-based-recipe-versioning refs/remotes/issue-10-poc-git-based-recipe-versioning [2ms]
2025-04-22 07:29:33.450 [info] > git status -z -uall [15ms]
2025-04-22 07:29:33.450 [info] > git for-each-ref --sort -committerdate --format %(refname)%00%(objectname)%00%(*objectname) [2ms]
2025-04-22 07:32:02.937 [info] > git config --get commit.template [14ms]
2025-04-22 07:32:02.938 [info] > git for-each-ref --format=%(refname)%00%(upstream:short)%00%(objectname)%00%(upstream:track)%00%(upstream:remotename)%00%(upstream:remoteref) refs/heads/issue-10-poc-git-based-recipe-versioning refs/remotes/issue-10-poc-git-based-recipe-versioning [2ms]
2025-04-22 07:32:02.966 [info] > git status -z -uall [13ms]
2025-04-22 07:32:02.968 [info] > git for-each-ref --sort -committerdate --format %(refname)%00%(objectname)%00%(*objectname) [2ms]
2025-04-22 07:35:58.900 [info] > git config --get commit.template [13ms]
2025-04-22 07:35:58.901 [info] > git for-each-ref --format=%(refname)%00%(upstream:short)%00%(objectname)%00%(upstream:track)%00%(upstream:remotename)%00%(upstream:remoteref) refs/heads/issue-10-poc-git-based-recipe-versioning refs/remotes/issue-10-poc-git-based-recipe-versioning [4ms]
2025-04-22 07:35:58.927 [info] > git status -z -uall [16ms]
2025-04-22 07:35:58.928 [info] > git for-each-ref --sort -committerdate --format %(refname)%00%(objectname)%00%(*objectname) [2ms]
2025-04-22 07:37:31.874 [info] > git config --get commit.template [14ms]
2025-04-22 07:37:31.876 [info] > git for-each-ref --format=%(refname)%00%(upstream:short)%00%(objectname)%00%(upstream:track)%00%(upstream:remotename)%00%(upstream:remoteref) refs/heads/issue-10-poc-git-based-recipe-versioning refs/remotes/issue-10-poc-git-based-recipe-versioning [2ms]
2025-04-22 07:37:31.904 [info] > git status -z -uall [14ms]
2025-04-22 07:37:31.906 [info] > git for-each-ref --sort -committerdate --format %(refname)%00%(objectname)%00%(*objectname) [2ms]
2025-04-22 07:39:35.467 [info] > git config --get commit.template [15ms]
2025-04-22 07:39:35.469 [info] > git for-each-ref --format=%(refname)%00%(upstream:short)%00%(objectname)%00%(upstream:track)%00%(upstream:remotename)%00%(upstream:remoteref) refs/heads/issue-10-poc-git-based-recipe-versioning refs/remotes/issue-10-poc-git-based-recipe-versioning [2ms]
2025-04-22 07:39:35.498 [info] > git status -z -uall [14ms]
2025-04-22 07:39:35.500 [info] > git for-each-ref --sort -committerdate --format %(refname)%00%(objectname)%00%(*objectname) [2ms]
2025-04-22 08:04:09.661 [info] > git config --get commit.template [20ms]
2025-04-22 08:04:09.664 [info] > git for-each-ref --format=%(refname)%00%(upstream:short)%00%(objectname)%00%(upstream:track)%00%(upstream:remotename)%00%(upstream:remoteref) refs/heads/issue-10-poc-git-based-recipe-versioning refs/remotes/issue-10-poc-git-based-recipe-versioning [5ms]
2025-04-22 08:04:09.690 [info] > git status -z -uall [13ms]
2025-04-22 08:04:09.690 [info] > git for-each-ref --sort -committerdate --format %(refname)%00%(objectname)%00%(*objectname) [1ms]
2025-04-22 08:04:22.412 [info] > git config --get commit.template [16ms]
2025-04-22 08:04:22.413 [info] > git for-each-ref --format=%(refname)%00%(upstream:short)%00%(objectname)%00%(upstream:track)%00%(upstream:remotename)%00%(upstream:remoteref) refs/heads/issue-10-poc-git-based-recipe-versioning refs/remotes/issue-10-poc-git-based-recipe-versioning [2ms]
2025-04-22 08:04:22.444 [info] > git status -z -uall [17ms]
2025-04-22 08:04:22.446 [info] > git for-each-ref --sort -committerdate --format %(refname)%00%(objectname)%00%(*objectname) [2ms]
2025-04-22 08:04:59.148 [info] > git config --get commit.template [15ms]
2025-04-22 08:04:59.149 [info] > git for-each-ref --format=%(refname)%00%(upstream:short)%00%(objectname)%00%(upstream:track)%00%(upstream:remotename)%00%(upstream:remoteref) refs/heads/issue-10-poc-git-based-recipe-versioning refs/remotes/issue-10-poc-git-based-recipe-versioning [2ms]
2025-04-22 08:04:59.178 [info] > git status -z -uall [15ms]
2025-04-22 08:04:59.179 [info] > git for-each-ref --sort -committerdate --format %(refname)%00%(objectname)%00%(*objectname) [2ms]
2025-04-22 08:06:41.080 [info] > git config --get commit.template [16ms]
2025-04-22 08:06:41.081 [info] > git for-each-ref --format=%(refname)%00%(upstream:short)%00%(objectname)%00%(upstream:track)%00%(upstream:remotename)%00%(upstream:remoteref) refs/heads/issue-10-poc-git-based-recipe-versioning refs/remotes/issue-10-poc-git-based-recipe-versioning [1ms]
2025-04-22 08:06:41.112 [info] > git status -z -uall [15ms]
2025-04-22 08:06:41.113 [info] > git for-each-ref --sort -committerdate --format %(refname)%00%(objectname)%00%(*objectname) [1ms]
2025-04-22 08:06:47.127 [info] > git config --get commit.template [12ms]
2025-04-22 08:06:47.127 [info] > git for-each-ref --format=%(refname)%00%(upstream:short)%00%(objectname)%00%(upstream:track)%00%(upstream:remotename)%00%(upstream:remoteref) refs/heads/issue-10-poc-git-based-recipe-versioning refs/remotes/issue-10-poc-git-based-recipe-versioning [1ms]
2025-04-22 08:06:47.155 [info] > git status -z -uall [14ms]
2025-04-22 08:06:47.156 [info] > git for-each-ref --sort -committerdate --format %(refname)%00%(objectname)%00%(*objectname) [2ms]
2025-04-22 08:07:01.705 [info] > git config --get commit.template [17ms]
2025-04-22 08:07:01.706 [info] > git for-each-ref --format=%(refname)%00%(upstream:short)%00%(objectname)%00%(upstream:track)%00%(upstream:remotename)%00%(upstream:remoteref) refs/heads/issue-10-poc-git-based-recipe-versioning refs/remotes/issue-10-poc-git-based-recipe-versioning [1ms]
2025-04-22 08:07:01.738 [info] > git status -z -uall [17ms]
2025-04-22 08:07:01.738 [info] > git for-each-ref --sort -committerdate --format %(refname)%00%(objectname)%00%(*objectname) [3ms]
2025-04-22 08:07:13.192 [info] > git config --get commit.template [15ms]
2025-04-22 08:07:13.193 [info] > git for-each-ref --format=%(refname)%00%(upstream:short)%00%(objectname)%00%(upstream:track)%00%(upstream:remotename)%00%(upstream:remoteref) refs/heads/issue-10-poc-git-based-recipe-versioning refs/remotes/issue-10-poc-git-based-recipe-versioning [2ms]
2025-04-22 08:07:13.219 [info] > git status -z -uall [12ms]
2025-04-22 08:07:13.219 [info] > git for-each-ref --sort -committerdate --format %(refname)%00%(objectname)%00%(*objectname) [1ms]
2025-04-22 08:08:18.503 [info] > git config --get commit.template [14ms]
2025-04-22 08:08:18.504 [info] > git for-each-ref --format=%(refname)%00%(upstream:short)%00%(objectname)%00%(upstream:track)%00%(upstream:remotename)%00%(upstream:remoteref) refs/heads/issue-10-poc-git-based-recipe-versioning refs/remotes/issue-10-poc-git-based-recipe-versioning [2ms]
2025-04-22 08:08:18.533 [info] > git status -z -uall [15ms]
2025-04-22 08:08:18.534 [info] > git for-each-ref --sort -committerdate --format %(refname)%00%(objectname)%00%(*objectname) [2ms]
