2025-04-24 10:12:04.744 [info] Extension host with pid 4619 started
2025-04-24 10:12:04.744 [info] Skipping acquiring lock for /home/hofbr/.config/VSCodium/User/workspaceStorage/e8de71fee46936f880c889e3e524aaa7.
2025-04-24 10:12:04.813 [info] ExtensionService#_doActivateExtension vscode.git-base, startup: false, activationEvent: 'onFileSystem:git', root cause: vscode.git
2025-04-24 10:12:04.816 [info] ExtensionService#_doActivateExtension vscode.emmet, startup: false, activationEvent: 'onLanguage'
2025-04-24 10:12:04.831 [info] ExtensionService#_doActivateExtension vscode.typescript-language-features, startup: false, activationEvent: 'onLanguage:javascript'
2025-04-24 10:12:04.928 [info] ExtensionService#_doActivateExtension vscode.git, startup: false, activationEvent: 'onFileSystem:git'
2025-04-24 10:12:04.999 [info] ExtensionService#_doActivateExtension vscode.github, startup: true, activationEvent: '*'
2025-04-24 10:12:05.023 [info] Eager extensions activated
2025-04-24 10:12:05.035 [info] ExtensionService#_doActivateExtension vscode.debug-auto-launch, startup: false, activationEvent: 'onStartupFinished'
2025-04-24 10:12:05.037 [info] ExtensionService#_doActivateExtension vscode.merge-conflict, startup: false, activationEvent: 'onStartupFinished'
2025-04-24 10:12:05.169 [info] ExtensionService#_doActivateExtension vscode.github-authentication, startup: false, activationEvent: 'onAuthenticationRequest:github'
2025-04-24 10:12:05.747 [info] ExtensionService#_doActivateExtension vscode.configuration-editing, startup: false, activationEvent: 'onLanguage:jsonc'
2025-04-24 10:12:05.755 [info] ExtensionService#_doActivateExtension vscode.json-language-features, startup: false, activationEvent: 'onLanguage:jsonc'
2025-04-24 10:12:41.784 [info] ExtensionService#_doActivateExtension vscode.extension-editing, startup: false, activationEvent: 'onLanguage:markdown'
2025-04-24 10:12:41.794 [info] ExtensionService#_doActivateExtension vscode.markdown-language-features, startup: false, activationEvent: 'onLanguage:markdown'
2025-04-24 10:12:41.866 [info] ExtensionService#_doActivateExtension shd101wyy.markdown-preview-enhanced, startup: false, activationEvent: 'onLanguage:markdown'
2025-04-24 10:12:42.815 [info] ExtensionService#_doActivateExtension vscode.markdown-math, startup: false, activationEvent: 'api', root cause: vscode.markdown-language-features
2025-04-24 10:12:42.832 [info] ExtensionService#_doActivateExtension bierner.markdown-mermaid, startup: false, activationEvent: 'api', root cause: vscode.markdown-language-features
2025-04-24 10:46:22.047 [info] ExtensionService#_doActivateExtension vscode.css-language-features, startup: false, activationEvent: 'onLanguage:css'
2025-04-25 19:33:58.218 [info] ExtensionService#_doActivateExtension vscode.npm, startup: false, activationEvent: 'onLanguage:json'
