2025-05-03 13:19:56.070 [info] [main] Log level: Info
2025-05-03 13:19:56.070 [info] [main] Validating found git in: "git"
2025-05-03 13:19:56.070 [info] [main] Using git "2.39.5" from "git"
2025-05-03 13:19:56.070 [info] [Model][doInitialScan] Initial repository scan started
2025-05-03 13:19:56.070 [info] > git rev-parse --show-toplevel [3ms]
2025-05-03 13:19:56.070 [info] > git rev-parse --git-dir --git-common-dir [3ms]
2025-05-03 13:19:56.070 [info] [Model][openRepository] Opened repository: /home/hofbr/GitProjects/sdl-tutorial
2025-05-03 13:19:56.071 [info] > git rev-parse --show-toplevel [3ms]
2025-05-03 13:19:56.071 [info] > git config --get commit.template [7ms]
2025-05-03 13:19:56.091 [info] > git rev-parse --show-toplevel [14ms]
2025-05-03 13:19:56.098 [info] > git for-each-ref --format=%(refname)%00%(upstream:short)%00%(objectname)%00%(upstream:track)%00%(upstream:remotename)%00%(upstream:remoteref) refs/heads/main refs/remotes/main [10ms]
2025-05-03 13:19:56.104 [warning] [Git][revParse] Unable to read file: ENOENT: no such file or directory, open '/home/hofbr/GitProjects/sdl-tutorial/.git/refs/remotes/origin/main'
2025-05-03 13:19:56.105 [info] > git rev-parse --show-toplevel [8ms]
2025-05-03 13:19:56.105 [info] [Model][doInitialScan] Initial repository scan completed - repositories (1), closed repositories (0), parent repositories (0), unsafe repositories (0)
2025-05-03 13:19:56.106 [info] > git rev-parse refs/remotes/origin/main [2ms]
2025-05-03 13:19:56.124 [info] > git status -z -uall [9ms]
2025-05-03 13:19:56.129 [info] > git for-each-ref --sort -committerdate --format %(refname)%00%(objectname)%00%(*objectname) [7ms]
2025-05-03 13:19:56.157 [info] > git config --get commit.template [1ms]
2025-05-03 13:19:56.157 [info] > git for-each-ref --format=%(refname)%00%(upstream:short)%00%(objectname)%00%(upstream:track)%00%(upstream:remotename)%00%(upstream:remoteref) refs/heads/main refs/remotes/main [9ms]
2025-05-03 13:19:56.176 [info] > git config --get --local branch.main.vscode-merge-base [8ms]
2025-05-03 13:19:56.176 [warning] [Git][config] git config failed: Failed to execute git
2025-05-03 13:19:56.200 [info] > git reflog main --grep-reflog=branch: Created from *. [16ms]
2025-05-03 13:19:56.205 [info] > git for-each-ref --format=%(refname)%00%(upstream:short)%00%(objectname)%00%(upstream:track)%00%(upstream:remotename)%00%(upstream:remoteref) refs/heads/main refs/remotes/main [31ms]
2025-05-03 13:19:56.214 [warning] [Git][revParse] Unable to read file: ENOENT: no such file or directory, open '/home/hofbr/GitProjects/sdl-tutorial/.git/refs/remotes/origin/main'
2025-05-03 13:19:56.215 [info] > git symbolic-ref --short refs/remotes/origin/HEAD [10ms]
2025-05-03 13:19:56.221 [info] > git rev-parse refs/remotes/origin/main [7ms]
2025-05-03 13:19:56.234 [info] > git status -z -uall [8ms]
2025-05-03 13:19:56.234 [info] > git for-each-ref --sort -committerdate --format %(refname)%00%(objectname)%00%(*objectname) [2ms]
2025-05-03 13:19:56.243 [info] > git for-each-ref --format=%(refname)%00%(upstream:short)%00%(objectname)%00%(upstream:track)%00%(upstream:remotename)%00%(upstream:remoteref) refs/heads/origin/main refs/remotes/origin/main [23ms]
2025-05-03 13:19:56.253 [info] > git for-each-ref --format=%(refname)%00%(upstream:short)%00%(objectname)%00%(upstream:track)%00%(upstream:remotename)%00%(upstream:remoteref) refs/heads/main refs/remotes/main [12ms]
2025-05-03 13:19:56.261 [info] > git config --get --local branch.main.vscode-merge-base [2ms]
2025-05-03 13:19:56.266 [info] > git config --add --local branch.main.vscode-merge-base origin/main [19ms]
2025-05-03 13:19:56.273 [info] > git for-each-ref --format=%(refname)%00%(upstream:short)%00%(objectname)%00%(upstream:track)%00%(upstream:remotename)%00%(upstream:remoteref) refs/heads/origin/main refs/remotes/origin/main [7ms]
2025-05-03 13:19:56.280 [info] > git config --get commit.template [7ms]
2025-05-03 13:19:56.280 [info] > git merge-base refs/heads/main refs/remotes/origin/main [2ms]
2025-05-03 13:19:56.290 [info] > git diff --name-status -z --diff-filter=ADMR 5d5a28950255ad2b85e5ab5b542170860157fbbe...refs/remotes/origin/main [6ms]
2025-05-03 13:19:56.290 [info] > git for-each-ref --format=%(refname)%00%(upstream:short)%00%(objectname)%00%(upstream:track)%00%(upstream:remotename)%00%(upstream:remoteref) refs/heads/main refs/remotes/main [1ms]
2025-05-03 13:19:56.294 [warning] [Git][revParse] Unable to read file: ENOENT: no such file or directory, open '/home/hofbr/GitProjects/sdl-tutorial/.git/refs/remotes/origin/main'
2025-05-03 13:19:56.295 [info] > git rev-parse refs/remotes/origin/main [1ms]
2025-05-03 13:19:56.304 [info] > git status -z -uall [5ms]
2025-05-03 13:19:56.305 [info] > git for-each-ref --sort -committerdate --format %(refname)%00%(objectname)%00%(*objectname) [1ms]
2025-05-03 13:19:56.636 [info] > git check-ignore -v -z --stdin [2ms]
2025-05-03 13:19:57.353 [info] > git config --get commit.template [10ms]
2025-05-03 13:19:57.354 [info] > git for-each-ref --format=%(refname)%00%(upstream:short)%00%(objectname)%00%(upstream:track)%00%(upstream:remotename)%00%(upstream:remoteref) refs/heads/main refs/remotes/main [2ms]
2025-05-03 13:19:57.363 [warning] [Git][revParse] Unable to read file: ENOENT: no such file or directory, open '/home/hofbr/GitProjects/sdl-tutorial/.git/refs/remotes/origin/main'
2025-05-03 13:19:57.364 [info] > git rev-parse refs/remotes/origin/main [1ms]
2025-05-03 13:19:57.383 [info] > git status -z -uall [10ms]
2025-05-03 13:19:57.384 [info] > git for-each-ref --sort -committerdate --format %(refname)%00%(objectname)%00%(*objectname) [2ms]
2025-05-03 13:19:58.131 [info] > git show --textconv :Dockerfile [10ms]
2025-05-03 13:19:58.133 [info] > git ls-files --stage -- Dockerfile [2ms]
2025-05-03 13:19:58.143 [info] > git cat-file -s 9f2074aa35cefddc6cba0782331c35dbe757e5a4 [2ms]
2025-05-03 13:21:13.988 [info] > git check-ignore -v -z --stdin [2ms]
2025-05-03 13:21:14.844 [info] > git show --textconv :01_hello_SDL/Makefile [10ms]
2025-05-03 13:21:14.845 [info] > git ls-files --stage -- 01_hello_SDL/Makefile [2ms]
2025-05-03 13:21:14.855 [info] > git cat-file -s a7da9c2abb501f1d8e8bebc3d3ef730698c450ce [2ms]
2025-05-03 13:21:24.735 [info] > git check-ignore -v -z --stdin [2ms]
2025-05-03 13:21:27.062 [info] > git show --textconv :scripts/docker_run.sh [10ms]
2025-05-03 13:21:27.063 [info] > git ls-files --stage -- scripts/docker_run.sh [2ms]
2025-05-03 13:21:27.072 [info] > git cat-file -s db03d146c7e35e38becb0f76974076330358d5c1 [2ms]
2025-05-03 13:21:29.749 [info] > git show --textconv :scripts/docker_build.sh [10ms]
2025-05-03 13:21:29.750 [info] > git ls-files --stage -- scripts/docker_build.sh [2ms]
2025-05-03 13:21:29.760 [info] > git cat-file -s 25961b900e52a0cdb5b11ba277745d78f618e923 [2ms]
2025-05-03 13:21:31.849 [info] > git show --textconv :.gitignore [11ms]
2025-05-03 13:21:31.850 [info] > git ls-files --stage -- .gitignore [1ms]
2025-05-03 13:21:31.860 [info] > git cat-file -s 228b218e0f0f23d6c2d6887982e428900c1f8ce1 [2ms]
2025-05-03 13:21:32.910 [info] > git check-ignore -v -z --stdin [2ms]
2025-05-03 13:21:36.948 [info] > git show --textconv :temp/01_hello_SDL.cpp [8ms]
2025-05-03 13:21:36.949 [info] > git ls-files --stage -- temp/01_hello_SDL.cpp [1ms]
2025-05-03 13:21:36.961 [info] > git cat-file -s c26a9cb1ee6775bce4e75d30a4110d3ff77af478 [2ms]
2025-05-03 13:21:38.575 [info] > git show --textconv :temp/Makefile [12ms]
2025-05-03 13:21:38.577 [info] > git ls-files --stage -- temp/Makefile [2ms]
2025-05-03 13:21:38.587 [info] > git cat-file -s a7da9c2abb501f1d8e8bebc3d3ef730698c450ce [2ms]
2025-05-03 13:21:39.556 [info] > git show --textconv :temp/readme.txt [10ms]
2025-05-03 13:21:39.557 [info] > git ls-files --stage -- temp/readme.txt [2ms]
2025-05-03 13:21:39.566 [info] > git cat-file -s 5b8ba151b3ee171d3408b03ab135acd86f8c9acb [2ms]
2025-05-03 15:06:53.660 [info] > git blame --root --incremental 5d5a28950255ad2b85e5ab5b542170860157fbbe -- temp/readme.txt [3ms]
